2026-01-03T02:10:05: 
2026-01-03T02:10:05: > shadcn-admin@2.2.1 dev
2026-01-03T02:10:05: > vite
2026-01-03T02:10:05: 
2026-01-03T02:10:11: 
2026-01-03T02:10:11: > shadcn-admin@2.2.1 dev
2026-01-03T02:10:11: > vite
2026-01-03T02:10:11: 
2026-01-03T02:10:12: Error: Conflicting configuration paths were found for the following routes: "/", "/".
2026-01-03T02:10:12: Please ensure each Route has a unique full path.
2026-01-03T02:10:12: Conflicting files: 
2026-01-03T02:10:12:  /var/www/currentmesh/app/src/routes/index.tsx
2026-01-03T02:10:12:  /var/www/currentmesh/app/src/routes/_authenticated/index.tsx
2026-01-03T02:10:12: 
2026-01-03T02:10:12:     at file:///var/www/currentmesh/app/node_modules/@tanstack/router-generator/dist/esm/generator.js:143:19
2026-01-03T02:10:12:     at async generate (file:///var/www/currentmesh/app/node_modules/@tanstack/router-plugin/dist/esm/core/router-generator-plugin.js:41:7)
2026-01-03T02:10:12:     at async BasicMinimalPluginContext.configResolved (file:///var/www/currentmesh/app/node_modules/@tanstack/router-plugin/dist/esm/core/router-generator-plugin.js:59:9)
2026-01-03T02:10:12:     at async Promise.all (index 0)
2026-01-03T02:10:12:     at async resolveConfig (file:///var/www/currentmesh/app/node_modules/vite/dist/node/chunks/config.js:35673:2)
2026-01-03T02:10:12:     at async _createServer (file:///var/www/currentmesh/app/node_modules/vite/dist/node/chunks/config.js:25361:67)
2026-01-03T02:10:12:     at async CAC.<anonymous> (file:///var/www/currentmesh/app/node_modules/vite/dist/node/cli.js:572:18)
2026-01-03T02:10:12: 
2026-01-03T02:10:12:   VITE v7.3.0  ready in 1803 ms
2026-01-03T02:10:12: 
2026-01-03T02:10:12:   ➜  Local:   http://localhost:5000/
2026-01-03T02:10:12:   ➜  Network: http://134.209.57.20:5000/
2026-01-03T02:10:12:   ➜  Network: http://10.46.0.5:5000/
2026-01-03T02:10:12:   ➜  Network: http://10.120.0.2:5000/
2026-01-03T03:53:55: The request id "/var/www/currentmesh/app/.git/config" is outside of Vite serving allow list.
2026-01-03T03:53:55: 
2026-01-03T03:53:55: - /var/www/currentmesh/app
2026-01-03T03:53:55: 
2026-01-03T03:53:55: Refer to docs https://vite.dev/config/server-options.html#server-fs-allow for configurations and more details.
2026-01-03T03:53:55: 
2026-01-03T03:53:56: The request id "/var/www/currentmesh/app/.git/HEAD" is outside of Vite serving allow list.
2026-01-03T03:53:56: The request id "/var/www/currentmesh/app/.git/config" is outside of Vite serving allow list.
