2026-01-03T07:31:55: /var/www/currentmesh/marketing/node_modules/.pnpm/next@15.5.9_@babel+core@7.28.5_@opentelemetry+api@1.9.0_react-dom@19.1.1_react@19.1.1__react@19.1.1/node_modules/next/src/server/web/spec-extension/request.ts:14
2026-01-03T07:31:55: export class NextRequest extends Request {
2026-01-03T07:31:55:                                  ^
2026-01-03T07:31:55: 
2026-01-03T07:31:55: 
2026-01-03T07:31:55: ReferenceError: Request is not defined
2026-01-03T07:31:55:     at Object.<anonymous> (/var/www/currentmesh/marketing/node_modules/.pnpm/next@15.5.9_@babel+core@7.28.5_@opentelemetry+api@1.9.0_react-dom@19.1.1_react@19.1.1__react@19.1.1/node_modules/next/dist/server/web/spec-extension/request.js:28:27)
2026-01-03T07:31:55:     at Module._compile (node:internal/modules/cjs/loader:1521:14)
2026-01-03T07:31:55:     at Module._extensions..js (node:internal/modules/cjs/loader:1623:10)
2026-01-03T07:31:55:     at Module.load (node:internal/modules/cjs/loader:1266:32)
2026-01-03T07:31:55:     at Module._load (node:internal/modules/cjs/loader:1091:12)
2026-01-03T07:31:55:     at Module.require (node:internal/modules/cjs/loader:1289:19)
2026-01-03T07:31:55:     at mod.require (/var/www/currentmesh/marketing/node_modules/.pnpm/next@15.5.9_@babel+core@7.28.5_@opentelemetry+api@1.9.0_react-dom@19.1.1_react@19.1.1__react@19.1.1/node_modules/next/dist/server/require-hook.js:68:28)
2026-01-03T07:31:55:     at require (node:internal/modules/helpers:182:18)
2026-01-03T07:31:55:     at Object.<anonymous> (/var/www/currentmesh/marketing/node_modules/.pnpm/next@15.5.9_@babel+core@7.28.5_@opentelemetry+api@1.9.0_react-dom@19.1.1_react@19.1.1__react@19.1.1/node_modules/next/dist/server/web/spec-extension/adapters/next-request.js:37:18)
2026-01-03T07:31:55:     at Module._compile (node:internal/modules/cjs/loader:1521:14)
2026-01-03T07:31:55: 
2026-01-03T07:31:55: Node.js v20.19.6
2026-01-03T07:32:00: /var/www/currentmesh/marketing/node_modules/.pnpm/next@15.5.9_@babel+core@7.28.5_@opentelemetry+api@1.9.0_react-dom@19.1.1_react@19.1.1__react@19.1.1/node_modules/next/src/server/web/spec-extension/request.ts:14
2026-01-03T07:32:00: export class NextRequest extends Request {
2026-01-03T07:32:00:                                  ^
2026-01-03T07:32:00: 
2026-01-03T07:32:00: 
2026-01-03T07:32:00: ReferenceError: Request is not defined
2026-01-03T07:32:00:     at Object.<anonymous> (/var/www/currentmesh/marketing/node_modules/.pnpm/next@15.5.9_@babel+core@7.28.5_@opentelemetry+api@1.9.0_react-dom@19.1.1_react@19.1.1__react@19.1.1/node_modules/next/dist/server/web/spec-extension/request.js:28:27)
2026-01-03T07:32:00:     at Module._compile (node:internal/modules/cjs/loader:1521:14)
2026-01-03T07:32:00:     at Module._extensions..js (node:internal/modules/cjs/loader:1623:10)
2026-01-03T07:32:00:     at Module.load (node:internal/modules/cjs/loader:1266:32)
2026-01-03T07:32:00:     at Module._load (node:internal/modules/cjs/loader:1091:12)
2026-01-03T07:32:00:     at Module.require (node:internal/modules/cjs/loader:1289:19)
2026-01-03T07:32:00:     at mod.require (/var/www/currentmesh/marketing/node_modules/.pnpm/next@15.5.9_@babel+core@7.28.5_@opentelemetry+api@1.9.0_react-dom@19.1.1_react@19.1.1__react@19.1.1/node_modules/next/dist/server/require-hook.js:68:28)
2026-01-03T07:32:00:     at require (node:internal/modules/helpers:182:18)
2026-01-03T07:32:00:     at Object.<anonymous> (/var/www/currentmesh/marketing/node_modules/.pnpm/next@15.5.9_@babel+core@7.28.5_@opentelemetry+api@1.9.0_react-dom@19.1.1_react@19.1.1__react@19.1.1/node_modules/next/dist/server/web/spec-extension/adapters/next-request.js:37:18)
2026-01-03T07:32:00:     at Module._compile (node:internal/modules/cjs/loader:1521:14)
2026-01-03T07:32:00: 
2026-01-03T07:32:00: Node.js v20.19.6
2026-01-03T07:32:04: /var/www/currentmesh/marketing/node_modules/.pnpm/next@15.5.9_@babel+core@7.28.5_@opentelemetry+api@1.9.0_react-dom@19.1.1_react@19.1.1__react@19.1.1/node_modules/next/src/server/web/spec-extension/request.ts:14
2026-01-03T07:32:04: export class NextRequest extends Request {
2026-01-03T07:32:04:                                  ^
2026-01-03T07:32:04: 
2026-01-03T07:32:04: 
2026-01-03T07:32:04: ReferenceError: Request is not defined
2026-01-03T07:32:04:     at Object.<anonymous> (/var/www/currentmesh/marketing/node_modules/.pnpm/next@15.5.9_@babel+core@7.28.5_@opentelemetry+api@1.9.0_react-dom@19.1.1_react@19.1.1__react@19.1.1/node_modules/next/dist/server/web/spec-extension/request.js:28:27)
2026-01-03T07:32:04:     at Module._compile (node:internal/modules/cjs/loader:1521:14)
2026-01-03T07:32:04:     at Module._extensions..js (node:internal/modules/cjs/loader:1623:10)
2026-01-03T07:32:04:     at Module.load (node:internal/modules/cjs/loader:1266:32)
2026-01-03T07:32:04:     at Module._load (node:internal/modules/cjs/loader:1091:12)
2026-01-03T07:32:04:     at Module.require (node:internal/modules/cjs/loader:1289:19)
2026-01-03T07:32:04:     at mod.require (/var/www/currentmesh/marketing/node_modules/.pnpm/next@15.5.9_@babel+core@7.28.5_@opentelemetry+api@1.9.0_react-dom@19.1.1_react@19.1.1__react@19.1.1/node_modules/next/dist/server/require-hook.js:68:28)
2026-01-03T07:32:04:     at require (node:internal/modules/helpers:182:18)
2026-01-03T07:32:04:     at Object.<anonymous> (/var/www/currentmesh/marketing/node_modules/.pnpm/next@15.5.9_@babel+core@7.28.5_@opentelemetry+api@1.9.0_react-dom@19.1.1_react@19.1.1__react@19.1.1/node_modules/next/dist/server/web/spec-extension/adapters/next-request.js:37:18)
2026-01-03T07:32:04:     at Module._compile (node:internal/modules/cjs/loader:1521:14)
2026-01-03T07:32:04: 
2026-01-03T07:32:04: Node.js v20.19.6
2026-01-03T07:32:09: /var/www/currentmesh/marketing/node_modules/.pnpm/next@15.5.9_@babel+core@7.28.5_@opentelemetry+api@1.9.0_react-dom@19.1.1_react@19.1.1__react@19.1.1/node_modules/next/src/server/web/spec-extension/request.ts:14
2026-01-03T07:32:09: export class NextRequest extends Request {
2026-01-03T07:32:09:                                  ^
2026-01-03T07:32:09: 
2026-01-03T07:32:09: 
2026-01-03T07:32:09: ReferenceError: Request is not defined
2026-01-03T07:32:09:     at Object.<anonymous> (/var/www/currentmesh/marketing/node_modules/.pnpm/next@15.5.9_@babel+core@7.28.5_@opentelemetry+api@1.9.0_react-dom@19.1.1_react@19.1.1__react@19.1.1/node_modules/next/dist/server/web/spec-extension/request.js:28:27)
2026-01-03T07:32:09:     at Module._compile (node:internal/modules/cjs/loader:1521:14)
2026-01-03T07:32:09:     at Module._extensions..js (node:internal/modules/cjs/loader:1623:10)
2026-01-03T07:32:09:     at Module.load (node:internal/modules/cjs/loader:1266:32)
2026-01-03T07:32:09:     at Module._load (node:internal/modules/cjs/loader:1091:12)
2026-01-03T07:32:09:     at Module.require (node:internal/modules/cjs/loader:1289:19)
2026-01-03T07:32:09:     at mod.require (/var/www/currentmesh/marketing/node_modules/.pnpm/next@15.5.9_@babel+core@7.28.5_@opentelemetry+api@1.9.0_react-dom@19.1.1_react@19.1.1__react@19.1.1/node_modules/next/dist/server/require-hook.js:68:28)
2026-01-03T07:32:09:     at require (node:internal/modules/helpers:182:18)
2026-01-03T07:32:09:     at Object.<anonymous> (/var/www/currentmesh/marketing/node_modules/.pnpm/next@15.5.9_@babel+core@7.28.5_@opentelemetry+api@1.9.0_react-dom@19.1.1_react@19.1.1__react@19.1.1/node_modules/next/dist/server/web/spec-extension/adapters/next-request.js:37:18)
2026-01-03T07:32:09:     at Module._compile (node:internal/modules/cjs/loader:1521:14)
2026-01-03T07:32:09: 
2026-01-03T07:32:09: Node.js v20.19.6
2026-01-03T07:32:16: /var/www/currentmesh/marketing/node_modules/.pnpm/next@15.5.9_@babel+core@7.28.5_@opentelemetry+api@1.9.0_react-dom@19.1.1_react@19.1.1__react@19.1.1/node_modules/next/src/server/web/spec-extension/request.ts:14
2026-01-03T07:32:16: export class NextRequest extends Request {
2026-01-03T07:32:16:                                  ^
2026-01-03T07:32:16: 
2026-01-03T07:32:16: 
2026-01-03T07:32:16: ReferenceError: Request is not defined
2026-01-03T07:32:16:     at Object.<anonymous> (/var/www/currentmesh/marketing/node_modules/.pnpm/next@15.5.9_@babel+core@7.28.5_@opentelemetry+api@1.9.0_react-dom@19.1.1_react@19.1.1__react@19.1.1/node_modules/next/dist/server/web/spec-extension/request.js:28:27)
2026-01-03T07:32:16:     at Module._compile (node:internal/modules/cjs/loader:1521:14)
2026-01-03T07:32:16:     at Module._extensions..js (node:internal/modules/cjs/loader:1623:10)
2026-01-03T07:32:16:     at Module.load (node:internal/modules/cjs/loader:1266:32)
2026-01-03T07:32:16:     at Module._load (node:internal/modules/cjs/loader:1091:12)
2026-01-03T07:32:16:     at Module.require (node:internal/modules/cjs/loader:1289:19)
2026-01-03T07:32:16:     at mod.require (/var/www/currentmesh/marketing/node_modules/.pnpm/next@15.5.9_@babel+core@7.28.5_@opentelemetry+api@1.9.0_react-dom@19.1.1_react@19.1.1__react@19.1.1/node_modules/next/dist/server/require-hook.js:68:28)
2026-01-03T07:32:16:     at require (node:internal/modules/helpers:182:18)
2026-01-03T07:32:16:     at Object.<anonymous> (/var/www/currentmesh/marketing/node_modules/.pnpm/next@15.5.9_@babel+core@7.28.5_@opentelemetry+api@1.9.0_react-dom@19.1.1_react@19.1.1__react@19.1.1/node_modules/next/dist/server/web/spec-extension/adapters/next-request.js:37:18)
2026-01-03T07:32:16:     at Module._compile (node:internal/modules/cjs/loader:1521:14)
2026-01-03T07:32:16: 
2026-01-03T07:32:16: Node.js v20.19.6
2026-01-03T07:32:20: /var/www/currentmesh/marketing/node_modules/.pnpm/next@15.5.9_@babel+core@7.28.5_@opentelemetry+api@1.9.0_react-dom@19.1.1_react@19.1.1__react@19.1.1/node_modules/next/src/server/web/spec-extension/request.ts:14
2026-01-03T07:32:20: export class NextRequest extends Request {
2026-01-03T07:32:20:                                  ^
2026-01-03T07:32:20: 
2026-01-03T07:32:20: 
2026-01-03T07:32:20: ReferenceError: Request is not defined
2026-01-03T07:32:20:     at Object.<anonymous> (/var/www/currentmesh/marketing/node_modules/.pnpm/next@15.5.9_@babel+core@7.28.5_@opentelemetry+api@1.9.0_react-dom@19.1.1_react@19.1.1__react@19.1.1/node_modules/next/dist/server/web/spec-extension/request.js:28:27)
2026-01-03T07:32:20:     at Module._compile (node:internal/modules/cjs/loader:1521:14)
2026-01-03T07:32:20:     at Module._extensions..js (node:internal/modules/cjs/loader:1623:10)
2026-01-03T07:32:20:     at Module.load (node:internal/modules/cjs/loader:1266:32)
2026-01-03T07:32:20:     at Module._load (node:internal/modules/cjs/loader:1091:12)
2026-01-03T07:32:20:     at Module.require (node:internal/modules/cjs/loader:1289:19)
2026-01-03T07:32:20:     at mod.require (/var/www/currentmesh/marketing/node_modules/.pnpm/next@15.5.9_@babel+core@7.28.5_@opentelemetry+api@1.9.0_react-dom@19.1.1_react@19.1.1__react@19.1.1/node_modules/next/dist/server/require-hook.js:68:28)
2026-01-03T07:32:20:     at require (node:internal/modules/helpers:182:18)
2026-01-03T07:32:20:     at Object.<anonymous> (/var/www/currentmesh/marketing/node_modules/.pnpm/next@15.5.9_@babel+core@7.28.5_@opentelemetry+api@1.9.0_react-dom@19.1.1_react@19.1.1__react@19.1.1/node_modules/next/dist/server/web/spec-extension/adapters/next-request.js:37:18)
2026-01-03T07:32:20:     at Module._compile (node:internal/modules/cjs/loader:1521:14)
2026-01-03T07:32:20: 
2026-01-03T07:32:20: Node.js v20.19.6
2026-01-03T07:32:25: /var/www/currentmesh/marketing/node_modules/.pnpm/next@15.5.9_@babel+core@7.28.5_@opentelemetry+api@1.9.0_react-dom@19.1.1_react@19.1.1__react@19.1.1/node_modules/next/src/server/web/spec-extension/request.ts:14
2026-01-03T07:32:25: export class NextRequest extends Request {
2026-01-03T07:32:25:                                  ^
2026-01-03T07:32:25: 
2026-01-03T07:32:25: 
2026-01-03T07:32:25: ReferenceError: Request is not defined
2026-01-03T07:32:25:     at Object.<anonymous> (/var/www/currentmesh/marketing/node_modules/.pnpm/next@15.5.9_@babel+core@7.28.5_@opentelemetry+api@1.9.0_react-dom@19.1.1_react@19.1.1__react@19.1.1/node_modules/next/dist/server/web/spec-extension/request.js:28:27)
2026-01-03T07:32:25:     at Module._compile (node:internal/modules/cjs/loader:1521:14)
2026-01-03T07:32:25:     at Module._extensions..js (node:internal/modules/cjs/loader:1623:10)
2026-01-03T07:32:25:     at Module.load (node:internal/modules/cjs/loader:1266:32)
2026-01-03T07:32:25:     at Module._load (node:internal/modules/cjs/loader:1091:12)
2026-01-03T07:32:25:     at Module.require (node:internal/modules/cjs/loader:1289:19)
2026-01-03T07:32:25:     at mod.require (/var/www/currentmesh/marketing/node_modules/.pnpm/next@15.5.9_@babel+core@7.28.5_@opentelemetry+api@1.9.0_react-dom@19.1.1_react@19.1.1__react@19.1.1/node_modules/next/dist/server/require-hook.js:68:28)
2026-01-03T07:32:25:     at require (node:internal/modules/helpers:182:18)
2026-01-03T07:32:25:     at Object.<anonymous> (/var/www/currentmesh/marketing/node_modules/.pnpm/next@15.5.9_@babel+core@7.28.5_@opentelemetry+api@1.9.0_react-dom@19.1.1_react@19.1.1__react@19.1.1/node_modules/next/dist/server/web/spec-extension/adapters/next-request.js:37:18)
2026-01-03T07:32:25:     at Module._compile (node:internal/modules/cjs/loader:1521:14)
2026-01-03T07:32:25: 
2026-01-03T07:32:25: Node.js v20.19.6
2026-01-03T07:32:33: /var/www/currentmesh/marketing/node_modules/.pnpm/next@15.5.9_@babel+core@7.28.5_@opentelemetry+api@1.9.0_react-dom@19.1.1_react@19.1.1__react@19.1.1/node_modules/next/src/server/web/spec-extension/request.ts:14
2026-01-03T07:32:33: export class NextRequest extends Request {
2026-01-03T07:32:33:                                  ^
2026-01-03T07:32:33: 
2026-01-03T07:32:33: 
2026-01-03T07:32:33: ReferenceError: Request is not defined
2026-01-03T07:32:33:     at Object.<anonymous> (/var/www/currentmesh/marketing/node_modules/.pnpm/next@15.5.9_@babel+core@7.28.5_@opentelemetry+api@1.9.0_react-dom@19.1.1_react@19.1.1__react@19.1.1/node_modules/next/dist/server/web/spec-extension/request.js:28:27)
2026-01-03T07:32:33:     at Module._compile (node:internal/modules/cjs/loader:1521:14)
2026-01-03T07:32:33:     at Module._extensions..js (node:internal/modules/cjs/loader:1623:10)
2026-01-03T07:32:33:     at Module.load (node:internal/modules/cjs/loader:1266:32)
2026-01-03T07:32:33:     at Module._load (node:internal/modules/cjs/loader:1091:12)
2026-01-03T07:32:33:     at Module.require (node:internal/modules/cjs/loader:1289:19)
2026-01-03T07:32:33:     at mod.require (/var/www/currentmesh/marketing/node_modules/.pnpm/next@15.5.9_@babel+core@7.28.5_@opentelemetry+api@1.9.0_react-dom@19.1.1_react@19.1.1__react@19.1.1/node_modules/next/dist/server/require-hook.js:68:28)
2026-01-03T07:32:33:     at require (node:internal/modules/helpers:182:18)
2026-01-03T07:32:33:     at Object.<anonymous> (/var/www/currentmesh/marketing/node_modules/.pnpm/next@15.5.9_@babel+core@7.28.5_@opentelemetry+api@1.9.0_react-dom@19.1.1_react@19.1.1__react@19.1.1/node_modules/next/dist/server/web/spec-extension/adapters/next-request.js:37:18)
2026-01-03T07:32:33:     at Module._compile (node:internal/modules/cjs/loader:1521:14)
2026-01-03T07:32:33: 
2026-01-03T07:32:33: Node.js v20.19.6
2026-01-03T07:32:38: /var/www/currentmesh/marketing/node_modules/.pnpm/next@15.5.9_@babel+core@7.28.5_@opentelemetry+api@1.9.0_react-dom@19.1.1_react@19.1.1__react@19.1.1/node_modules/next/src/server/web/spec-extension/request.ts:14
2026-01-03T07:32:38: export class NextRequest extends Request {
2026-01-03T07:32:38:                                  ^
2026-01-03T07:32:38: 
2026-01-03T07:32:38: 
2026-01-03T07:32:38: ReferenceError: Request is not defined
2026-01-03T07:32:38:     at Object.<anonymous> (/var/www/currentmesh/marketing/node_modules/.pnpm/next@15.5.9_@babel+core@7.28.5_@opentelemetry+api@1.9.0_react-dom@19.1.1_react@19.1.1__react@19.1.1/node_modules/next/dist/server/web/spec-extension/request.js:28:27)
2026-01-03T07:32:38:     at Module._compile (node:internal/modules/cjs/loader:1521:14)
2026-01-03T07:32:38:     at Module._extensions..js (node:internal/modules/cjs/loader:1623:10)
2026-01-03T07:32:38:     at Module.load (node:internal/modules/cjs/loader:1266:32)
2026-01-03T07:32:38:     at Module._load (node:internal/modules/cjs/loader:1091:12)
2026-01-03T07:32:38:     at Module.require (node:internal/modules/cjs/loader:1289:19)
2026-01-03T07:32:38:     at mod.require (/var/www/currentmesh/marketing/node_modules/.pnpm/next@15.5.9_@babel+core@7.28.5_@opentelemetry+api@1.9.0_react-dom@19.1.1_react@19.1.1__react@19.1.1/node_modules/next/dist/server/require-hook.js:68:28)
2026-01-03T07:32:38:     at require (node:internal/modules/helpers:182:18)
2026-01-03T07:32:38:     at Object.<anonymous> (/var/www/currentmesh/marketing/node_modules/.pnpm/next@15.5.9_@babel+core@7.28.5_@opentelemetry+api@1.9.0_react-dom@19.1.1_react@19.1.1__react@19.1.1/node_modules/next/dist/server/web/spec-extension/adapters/next-request.js:37:18)
2026-01-03T07:32:38:     at Module._compile (node:internal/modules/cjs/loader:1521:14)
2026-01-03T07:32:38: 
2026-01-03T07:32:38: Node.js v20.19.6
2026-01-03T07:32:44: /var/www/currentmesh/marketing/node_modules/.pnpm/next@15.5.9_@babel+core@7.28.5_@opentelemetry+api@1.9.0_react-dom@19.1.1_react@19.1.1__react@19.1.1/node_modules/next/src/server/web/spec-extension/request.ts:14
2026-01-03T07:32:44: export class NextRequest extends Request {
2026-01-03T07:32:44:                                  ^
2026-01-03T07:32:44: 
2026-01-03T07:32:44: 
2026-01-03T07:32:44: ReferenceError: Request is not defined
2026-01-03T07:32:44:     at Object.<anonymous> (/var/www/currentmesh/marketing/node_modules/.pnpm/next@15.5.9_@babel+core@7.28.5_@opentelemetry+api@1.9.0_react-dom@19.1.1_react@19.1.1__react@19.1.1/node_modules/next/dist/server/web/spec-extension/request.js:28:27)
2026-01-03T07:32:44:     at Module._compile (node:internal/modules/cjs/loader:1521:14)
2026-01-03T07:32:44:     at Module._extensions..js (node:internal/modules/cjs/loader:1623:10)
2026-01-03T07:32:44:     at Module.load (node:internal/modules/cjs/loader:1266:32)
2026-01-03T07:32:44:     at Module._load (node:internal/modules/cjs/loader:1091:12)
2026-01-03T07:32:44:     at Module.require (node:internal/modules/cjs/loader:1289:19)
2026-01-03T07:32:44:     at mod.require (/var/www/currentmesh/marketing/node_modules/.pnpm/next@15.5.9_@babel+core@7.28.5_@opentelemetry+api@1.9.0_react-dom@19.1.1_react@19.1.1__react@19.1.1/node_modules/next/dist/server/require-hook.js:68:28)
2026-01-03T07:32:44:     at require (node:internal/modules/helpers:182:18)
2026-01-03T07:32:44:     at Object.<anonymous> (/var/www/currentmesh/marketing/node_modules/.pnpm/next@15.5.9_@babel+core@7.28.5_@opentelemetry+api@1.9.0_react-dom@19.1.1_react@19.1.1__react@19.1.1/node_modules/next/dist/server/web/spec-extension/adapters/next-request.js:37:18)
2026-01-03T07:32:44:     at Module._compile (node:internal/modules/cjs/loader:1521:14)
2026-01-03T07:32:44: 
2026-01-03T07:32:44: Node.js v20.19.6
2026-01-03T07:32:51: /var/www/currentmesh/marketing/node_modules/.pnpm/next@15.5.9_@babel+core@7.28.5_@opentelemetry+api@1.9.0_react-dom@19.1.1_react@19.1.1__react@19.1.1/node_modules/next/src/server/web/spec-extension/request.ts:14
2026-01-03T07:32:51: export class NextRequest extends Request {
2026-01-03T07:32:51:                                  ^
2026-01-03T07:32:51: 
2026-01-03T07:32:51: 
2026-01-03T07:32:51: ReferenceError: Request is not defined
2026-01-03T07:32:51:     at Object.<anonymous> (/var/www/currentmesh/marketing/node_modules/.pnpm/next@15.5.9_@babel+core@7.28.5_@opentelemetry+api@1.9.0_react-dom@19.1.1_react@19.1.1__react@19.1.1/node_modules/next/dist/server/web/spec-extension/request.js:28:27)
2026-01-03T07:32:51:     at Module._compile (node:internal/modules/cjs/loader:1521:14)
2026-01-03T07:32:51:     at Module._extensions..js (node:internal/modules/cjs/loader:1623:10)
2026-01-03T07:32:51:     at Module.load (node:internal/modules/cjs/loader:1266:32)
2026-01-03T07:32:51:     at Module._load (node:internal/modules/cjs/loader:1091:12)
2026-01-03T07:32:51:     at Module.require (node:internal/modules/cjs/loader:1289:19)
2026-01-03T07:32:51:     at mod.require (/var/www/currentmesh/marketing/node_modules/.pnpm/next@15.5.9_@babel+core@7.28.5_@opentelemetry+api@1.9.0_react-dom@19.1.1_react@19.1.1__react@19.1.1/node_modules/next/dist/server/require-hook.js:68:28)
2026-01-03T07:32:51:     at require (node:internal/modules/helpers:182:18)
2026-01-03T07:32:51:     at Object.<anonymous> (/var/www/currentmesh/marketing/node_modules/.pnpm/next@15.5.9_@babel+core@7.28.5_@opentelemetry+api@1.9.0_react-dom@19.1.1_react@19.1.1__react@19.1.1/node_modules/next/dist/server/web/spec-extension/adapters/next-request.js:37:18)
2026-01-03T07:32:51:     at Module._compile (node:internal/modules/cjs/loader:1521:14)
2026-01-03T07:32:51: 
2026-01-03T07:32:51: Node.js v20.19.6
2026-01-03T07:33:00: /var/www/currentmesh/marketing/node_modules/.pnpm/next@15.5.9_@babel+core@7.28.5_@opentelemetry+api@1.9.0_react-dom@19.1.1_react@19.1.1__react@19.1.1/node_modules/next/src/server/web/spec-extension/request.ts:14
2026-01-03T07:33:00: export class NextRequest extends Request {
2026-01-03T07:33:00:                                  ^
2026-01-03T07:33:00: 
2026-01-03T07:33:00: 
2026-01-03T07:33:00: ReferenceError: Request is not defined
2026-01-03T07:33:00:     at Object.<anonymous> (/var/www/currentmesh/marketing/node_modules/.pnpm/next@15.5.9_@babel+core@7.28.5_@opentelemetry+api@1.9.0_react-dom@19.1.1_react@19.1.1__react@19.1.1/node_modules/next/dist/server/web/spec-extension/request.js:28:27)
2026-01-03T07:33:00:     at Module._compile (node:internal/modules/cjs/loader:1521:14)
2026-01-03T07:33:00:     at Module._extensions..js (node:internal/modules/cjs/loader:1623:10)
2026-01-03T07:33:00:     at Module.load (node:internal/modules/cjs/loader:1266:32)
2026-01-03T07:33:00:     at Module._load (node:internal/modules/cjs/loader:1091:12)
2026-01-03T07:33:00:     at Module.require (node:internal/modules/cjs/loader:1289:19)
2026-01-03T07:33:00:     at mod.require (/var/www/currentmesh/marketing/node_modules/.pnpm/next@15.5.9_@babel+core@7.28.5_@opentelemetry+api@1.9.0_react-dom@19.1.1_react@19.1.1__react@19.1.1/node_modules/next/dist/server/require-hook.js:68:28)
2026-01-03T07:33:00:     at require (node:internal/modules/helpers:182:18)
2026-01-03T07:33:00:     at Object.<anonymous> (/var/www/currentmesh/marketing/node_modules/.pnpm/next@15.5.9_@babel+core@7.28.5_@opentelemetry+api@1.9.0_react-dom@19.1.1_react@19.1.1__react@19.1.1/node_modules/next/dist/server/web/spec-extension/adapters/next-request.js:37:18)
2026-01-03T07:33:00:     at Module._compile (node:internal/modules/cjs/loader:1521:14)
2026-01-03T07:33:00: 
2026-01-03T07:33:00: Node.js v20.19.6
2026-01-03T07:33:13: /var/www/currentmesh/marketing/node_modules/.pnpm/next@15.5.9_@babel+core@7.28.5_@opentelemetry+api@1.9.0_react-dom@19.1.1_react@19.1.1__react@19.1.1/node_modules/next/src/server/web/spec-extension/request.ts:14
2026-01-03T07:33:13: export class NextRequest extends Request {
2026-01-03T07:33:13:                                  ^
2026-01-03T07:33:13: 
2026-01-03T07:33:13: 
2026-01-03T07:33:13: ReferenceError: Request is not defined
2026-01-03T07:33:13:     at Object.<anonymous> (/var/www/currentmesh/marketing/node_modules/.pnpm/next@15.5.9_@babel+core@7.28.5_@opentelemetry+api@1.9.0_react-dom@19.1.1_react@19.1.1__react@19.1.1/node_modules/next/dist/server/web/spec-extension/request.js:28:27)
2026-01-03T07:33:13:     at Module._compile (node:internal/modules/cjs/loader:1521:14)
2026-01-03T07:33:13:     at Module._extensions..js (node:internal/modules/cjs/loader:1623:10)
2026-01-03T07:33:13:     at Module.load (node:internal/modules/cjs/loader:1266:32)
2026-01-03T07:33:13:     at Module._load (node:internal/modules/cjs/loader:1091:12)
2026-01-03T07:33:13:     at Module.require (node:internal/modules/cjs/loader:1289:19)
2026-01-03T07:33:13:     at mod.require (/var/www/currentmesh/marketing/node_modules/.pnpm/next@15.5.9_@babel+core@7.28.5_@opentelemetry+api@1.9.0_react-dom@19.1.1_react@19.1.1__react@19.1.1/node_modules/next/dist/server/require-hook.js:68:28)
2026-01-03T07:33:13:     at require (node:internal/modules/helpers:182:18)
2026-01-03T07:33:13:     at Object.<anonymous> (/var/www/currentmesh/marketing/node_modules/.pnpm/next@15.5.9_@babel+core@7.28.5_@opentelemetry+api@1.9.0_react-dom@19.1.1_react@19.1.1__react@19.1.1/node_modules/next/dist/server/web/spec-extension/adapters/next-request.js:37:18)
2026-01-03T07:33:13:     at Module._compile (node:internal/modules/cjs/loader:1521:14)
2026-01-03T07:33:13: 
2026-01-03T07:33:13: Node.js v20.19.6
2026-01-03T07:33:30: /var/www/currentmesh/marketing/node_modules/.pnpm/next@15.5.9_@babel+core@7.28.5_@opentelemetry+api@1.9.0_react-dom@19.1.1_react@19.1.1__react@19.1.1/node_modules/next/src/server/web/spec-extension/request.ts:14
2026-01-03T07:33:30: export class NextRequest extends Request {
2026-01-03T07:33:30:                                  ^
2026-01-03T07:33:30: 
2026-01-03T07:33:30: 
2026-01-03T07:33:30: ReferenceError: Request is not defined
2026-01-03T07:33:30:     at Object.<anonymous> (/var/www/currentmesh/marketing/node_modules/.pnpm/next@15.5.9_@babel+core@7.28.5_@opentelemetry+api@1.9.0_react-dom@19.1.1_react@19.1.1__react@19.1.1/node_modules/next/dist/server/web/spec-extension/request.js:28:27)
2026-01-03T07:33:30:     at Module._compile (node:internal/modules/cjs/loader:1521:14)
2026-01-03T07:33:30:     at Module._extensions..js (node:internal/modules/cjs/loader:1623:10)
2026-01-03T07:33:30:     at Module.load (node:internal/modules/cjs/loader:1266:32)
2026-01-03T07:33:30:     at Module._load (node:internal/modules/cjs/loader:1091:12)
2026-01-03T07:33:30:     at Module.require (node:internal/modules/cjs/loader:1289:19)
2026-01-03T07:33:30:     at mod.require (/var/www/currentmesh/marketing/node_modules/.pnpm/next@15.5.9_@babel+core@7.28.5_@opentelemetry+api@1.9.0_react-dom@19.1.1_react@19.1.1__react@19.1.1/node_modules/next/dist/server/require-hook.js:68:28)
2026-01-03T07:33:30:     at require (node:internal/modules/helpers:182:18)
2026-01-03T07:33:30:     at Object.<anonymous> (/var/www/currentmesh/marketing/node_modules/.pnpm/next@15.5.9_@babel+core@7.28.5_@opentelemetry+api@1.9.0_react-dom@19.1.1_react@19.1.1__react@19.1.1/node_modules/next/dist/server/web/spec-extension/adapters/next-request.js:37:18)
2026-01-03T07:33:30:     at Module._compile (node:internal/modules/cjs/loader:1521:14)
2026-01-03T07:33:30: 
2026-01-03T07:33:30: Node.js v20.19.6
2026-01-03T07:33:49: /var/www/currentmesh/marketing/node_modules/.pnpm/next@15.5.9_@babel+core@7.28.5_@opentelemetry+api@1.9.0_react-dom@19.1.1_react@19.1.1__react@19.1.1/node_modules/next/src/server/web/spec-extension/request.ts:14
2026-01-03T07:33:49: export class NextRequest extends Request {
2026-01-03T07:33:49:                                  ^
2026-01-03T07:33:49: 
2026-01-03T07:33:49: 
2026-01-03T07:33:49: ReferenceError: Request is not defined
2026-01-03T07:33:49:     at Object.<anonymous> (/var/www/currentmesh/marketing/node_modules/.pnpm/next@15.5.9_@babel+core@7.28.5_@opentelemetry+api@1.9.0_react-dom@19.1.1_react@19.1.1__react@19.1.1/node_modules/next/dist/server/web/spec-extension/request.js:28:27)
2026-01-03T07:33:49:     at Module._compile (node:internal/modules/cjs/loader:1521:14)
2026-01-03T07:33:49:     at Module._extensions..js (node:internal/modules/cjs/loader:1623:10)
2026-01-03T07:33:49:     at Module.load (node:internal/modules/cjs/loader:1266:32)
2026-01-03T07:33:49:     at Module._load (node:internal/modules/cjs/loader:1091:12)
2026-01-03T07:33:49:     at Module.require (node:internal/modules/cjs/loader:1289:19)
2026-01-03T07:33:49:     at mod.require (/var/www/currentmesh/marketing/node_modules/.pnpm/next@15.5.9_@babel+core@7.28.5_@opentelemetry+api@1.9.0_react-dom@19.1.1_react@19.1.1__react@19.1.1/node_modules/next/dist/server/require-hook.js:68:28)
2026-01-03T07:33:49:     at require (node:internal/modules/helpers:182:18)
2026-01-03T07:33:49:     at Object.<anonymous> (/var/www/currentmesh/marketing/node_modules/.pnpm/next@15.5.9_@babel+core@7.28.5_@opentelemetry+api@1.9.0_react-dom@19.1.1_react@19.1.1__react@19.1.1/node_modules/next/dist/server/web/spec-extension/adapters/next-request.js:37:18)
2026-01-03T07:33:49:     at Module._compile (node:internal/modules/cjs/loader:1521:14)
2026-01-03T07:33:49: 
2026-01-03T07:33:49: Node.js v20.19.6
2026-01-03T07:34:07: /var/www/currentmesh/marketing/node_modules/.pnpm/next@15.5.9_@babel+core@7.28.5_@opentelemetry+api@1.9.0_react-dom@19.1.1_react@19.1.1__react@19.1.1/node_modules/next/src/server/web/spec-extension/request.ts:14
2026-01-03T07:34:07: export class NextRequest extends Request {
2026-01-03T07:34:07:                                  ^
2026-01-03T07:34:07: 
2026-01-03T07:34:07: 
2026-01-03T07:34:07: ReferenceError: Request is not defined
2026-01-03T07:34:07:     at Object.<anonymous> (/var/www/currentmesh/marketing/node_modules/.pnpm/next@15.5.9_@babel+core@7.28.5_@opentelemetry+api@1.9.0_react-dom@19.1.1_react@19.1.1__react@19.1.1/node_modules/next/dist/server/web/spec-extension/request.js:28:27)
2026-01-03T07:34:07:     at Module._compile (node:internal/modules/cjs/loader:1521:14)
2026-01-03T07:34:07:     at Module._extensions..js (node:internal/modules/cjs/loader:1623:10)
2026-01-03T07:34:07:     at Module.load (node:internal/modules/cjs/loader:1266:32)
2026-01-03T07:34:07:     at Module._load (node:internal/modules/cjs/loader:1091:12)
2026-01-03T07:34:07:     at Module.require (node:internal/modules/cjs/loader:1289:19)
2026-01-03T07:34:07:     at mod.require (/var/www/currentmesh/marketing/node_modules/.pnpm/next@15.5.9_@babel+core@7.28.5_@opentelemetry+api@1.9.0_react-dom@19.1.1_react@19.1.1__react@19.1.1/node_modules/next/dist/server/require-hook.js:68:28)
2026-01-03T07:34:07:     at require (node:internal/modules/helpers:182:18)
2026-01-03T07:34:07:     at Object.<anonymous> (/var/www/currentmesh/marketing/node_modules/.pnpm/next@15.5.9_@babel+core@7.28.5_@opentelemetry+api@1.9.0_react-dom@19.1.1_react@19.1.1__react@19.1.1/node_modules/next/dist/server/web/spec-extension/adapters/next-request.js:37:18)
2026-01-03T07:34:07:     at Module._compile (node:internal/modules/cjs/loader:1521:14)
2026-01-03T07:34:07: 
2026-01-03T07:34:07: Node.js v20.19.6
2026-01-03T07:34:27: /var/www/currentmesh/marketing/node_modules/.pnpm/next@15.5.9_@babel+core@7.28.5_@opentelemetry+api@1.9.0_react-dom@19.1.1_react@19.1.1__react@19.1.1/node_modules/next/src/server/web/spec-extension/request.ts:14
2026-01-03T07:34:27: export class NextRequest extends Request {
2026-01-03T07:34:27:                                  ^
2026-01-03T07:34:27: 
2026-01-03T07:34:27: 
2026-01-03T07:34:27: ReferenceError: Request is not defined
2026-01-03T07:34:27:     at Object.<anonymous> (/var/www/currentmesh/marketing/node_modules/.pnpm/next@15.5.9_@babel+core@7.28.5_@opentelemetry+api@1.9.0_react-dom@19.1.1_react@19.1.1__react@19.1.1/node_modules/next/dist/server/web/spec-extension/request.js:28:27)
2026-01-03T07:34:27:     at Module._compile (node:internal/modules/cjs/loader:1521:14)
2026-01-03T07:34:27:     at Module._extensions..js (node:internal/modules/cjs/loader:1623:10)
2026-01-03T07:34:27:     at Module.load (node:internal/modules/cjs/loader:1266:32)
2026-01-03T07:34:27:     at Module._load (node:internal/modules/cjs/loader:1091:12)
2026-01-03T07:34:27:     at Module.require (node:internal/modules/cjs/loader:1289:19)
2026-01-03T07:34:27:     at mod.require (/var/www/currentmesh/marketing/node_modules/.pnpm/next@15.5.9_@babel+core@7.28.5_@opentelemetry+api@1.9.0_react-dom@19.1.1_react@19.1.1__react@19.1.1/node_modules/next/dist/server/require-hook.js:68:28)
2026-01-03T07:34:27:     at require (node:internal/modules/helpers:182:18)
2026-01-03T07:34:27:     at Object.<anonymous> (/var/www/currentmesh/marketing/node_modules/.pnpm/next@15.5.9_@babel+core@7.28.5_@opentelemetry+api@1.9.0_react-dom@19.1.1_react@19.1.1__react@19.1.1/node_modules/next/dist/server/web/spec-extension/adapters/next-request.js:37:18)
2026-01-03T07:34:27:     at Module._compile (node:internal/modules/cjs/loader:1521:14)
2026-01-03T07:34:27: 
2026-01-03T07:34:27: Node.js v20.19.6
2026-01-03T07:34:45: /var/www/currentmesh/marketing/node_modules/.pnpm/next@15.5.9_@babel+core@7.28.5_@opentelemetry+api@1.9.0_react-dom@19.1.1_react@19.1.1__react@19.1.1/node_modules/next/src/server/web/spec-extension/request.ts:14
2026-01-03T07:34:45: export class NextRequest extends Request {
2026-01-03T07:34:45:                                  ^
2026-01-03T07:34:45: 
2026-01-03T07:34:45: 
2026-01-03T07:34:45: ReferenceError: Request is not defined
2026-01-03T07:34:45:     at Object.<anonymous> (/var/www/currentmesh/marketing/node_modules/.pnpm/next@15.5.9_@babel+core@7.28.5_@opentelemetry+api@1.9.0_react-dom@19.1.1_react@19.1.1__react@19.1.1/node_modules/next/dist/server/web/spec-extension/request.js:28:27)
2026-01-03T07:34:45:     at Module._compile (node:internal/modules/cjs/loader:1521:14)
2026-01-03T07:34:45:     at Module._extensions..js (node:internal/modules/cjs/loader:1623:10)
2026-01-03T07:34:45:     at Module.load (node:internal/modules/cjs/loader:1266:32)
2026-01-03T07:34:45:     at Module._load (node:internal/modules/cjs/loader:1091:12)
2026-01-03T07:34:45:     at Module.require (node:internal/modules/cjs/loader:1289:19)
2026-01-03T07:34:45:     at mod.require (/var/www/currentmesh/marketing/node_modules/.pnpm/next@15.5.9_@babel+core@7.28.5_@opentelemetry+api@1.9.0_react-dom@19.1.1_react@19.1.1__react@19.1.1/node_modules/next/dist/server/require-hook.js:68:28)
2026-01-03T07:34:45:     at require (node:internal/modules/helpers:182:18)
2026-01-03T07:34:45:     at Object.<anonymous> (/var/www/currentmesh/marketing/node_modules/.pnpm/next@15.5.9_@babel+core@7.28.5_@opentelemetry+api@1.9.0_react-dom@19.1.1_react@19.1.1__react@19.1.1/node_modules/next/dist/server/web/spec-extension/adapters/next-request.js:37:18)
2026-01-03T07:34:45:     at Module._compile (node:internal/modules/cjs/loader:1521:14)
2026-01-03T07:34:45: 
2026-01-03T07:34:45: Node.js v20.19.6
2026-01-03T07:35:03: /var/www/currentmesh/marketing/node_modules/.pnpm/next@15.5.9_@babel+core@7.28.5_@opentelemetry+api@1.9.0_react-dom@19.1.1_react@19.1.1__react@19.1.1/node_modules/next/src/server/web/spec-extension/request.ts:14
2026-01-03T07:35:03: export class NextRequest extends Request {
2026-01-03T07:35:03:                                  ^
2026-01-03T07:35:03: 
2026-01-03T07:35:03: 
2026-01-03T07:35:03: ReferenceError: Request is not defined
2026-01-03T07:35:03:     at Object.<anonymous> (/var/www/currentmesh/marketing/node_modules/.pnpm/next@15.5.9_@babel+core@7.28.5_@opentelemetry+api@1.9.0_react-dom@19.1.1_react@19.1.1__react@19.1.1/node_modules/next/dist/server/web/spec-extension/request.js:28:27)
2026-01-03T07:35:03:     at Module._compile (node:internal/modules/cjs/loader:1521:14)
2026-01-03T07:35:03:     at Module._extensions..js (node:internal/modules/cjs/loader:1623:10)
2026-01-03T07:35:03:     at Module.load (node:internal/modules/cjs/loader:1266:32)
2026-01-03T07:35:03:     at Module._load (node:internal/modules/cjs/loader:1091:12)
2026-01-03T07:35:03:     at Module.require (node:internal/modules/cjs/loader:1289:19)
2026-01-03T07:35:03:     at mod.require (/var/www/currentmesh/marketing/node_modules/.pnpm/next@15.5.9_@babel+core@7.28.5_@opentelemetry+api@1.9.0_react-dom@19.1.1_react@19.1.1__react@19.1.1/node_modules/next/dist/server/require-hook.js:68:28)
2026-01-03T07:35:03:     at require (node:internal/modules/helpers:182:18)
2026-01-03T07:35:03:     at Object.<anonymous> (/var/www/currentmesh/marketing/node_modules/.pnpm/next@15.5.9_@babel+core@7.28.5_@opentelemetry+api@1.9.0_react-dom@19.1.1_react@19.1.1__react@19.1.1/node_modules/next/dist/server/web/spec-extension/adapters/next-request.js:37:18)
2026-01-03T07:35:03:     at Module._compile (node:internal/modules/cjs/loader:1521:14)
2026-01-03T07:35:03: 
2026-01-03T07:35:03: Node.js v20.19.6
2026-01-03T07:35:20: /var/www/currentmesh/marketing/node_modules/.pnpm/next@15.5.9_@babel+core@7.28.5_@opentelemetry+api@1.9.0_react-dom@19.1.1_react@19.1.1__react@19.1.1/node_modules/next/src/server/web/spec-extension/request.ts:14
2026-01-03T07:35:20: export class NextRequest extends Request {
2026-01-03T07:35:20:                                  ^
2026-01-03T07:35:20: 
2026-01-03T07:35:20: 
2026-01-03T07:35:20: ReferenceError: Request is not defined
2026-01-03T07:35:20:     at Object.<anonymous> (/var/www/currentmesh/marketing/node_modules/.pnpm/next@15.5.9_@babel+core@7.28.5_@opentelemetry+api@1.9.0_react-dom@19.1.1_react@19.1.1__react@19.1.1/node_modules/next/dist/server/web/spec-extension/request.js:28:27)
2026-01-03T07:35:20:     at Module._compile (node:internal/modules/cjs/loader:1521:14)
2026-01-03T07:35:20:     at Module._extensions..js (node:internal/modules/cjs/loader:1623:10)
2026-01-03T07:35:20:     at Module.load (node:internal/modules/cjs/loader:1266:32)
2026-01-03T07:35:20:     at Module._load (node:internal/modules/cjs/loader:1091:12)
2026-01-03T07:35:20:     at Module.require (node:internal/modules/cjs/loader:1289:19)
2026-01-03T07:35:20:     at mod.require (/var/www/currentmesh/marketing/node_modules/.pnpm/next@15.5.9_@babel+core@7.28.5_@opentelemetry+api@1.9.0_react-dom@19.1.1_react@19.1.1__react@19.1.1/node_modules/next/dist/server/require-hook.js:68:28)
2026-01-03T07:35:20:     at require (node:internal/modules/helpers:182:18)
2026-01-03T07:35:20:     at Object.<anonymous> (/var/www/currentmesh/marketing/node_modules/.pnpm/next@15.5.9_@babel+core@7.28.5_@opentelemetry+api@1.9.0_react-dom@19.1.1_react@19.1.1__react@19.1.1/node_modules/next/dist/server/web/spec-extension/adapters/next-request.js:37:18)
2026-01-03T07:35:20:     at Module._compile (node:internal/modules/cjs/loader:1521:14)
2026-01-03T07:35:20: 
2026-01-03T07:35:20: Node.js v20.19.6
