2026-01-01T18:26:53: 
2026-01-01T18:26:53: > www@0.1.1 dev
2026-01-01T18:26:53: > next dev
2026-01-01T18:26:53: 
2026-01-01T18:26:55: [MDX] updated map file in 40.54865900000004ms
2026-01-01T18:26:55: [MDX] started dev server
2026-01-01T18:26:56:    ▲ Next.js 15.5.9
2026-01-01T18:26:56:    - Local:        http://localhost:3001
2026-01-01T18:26:56:    - Network:      http://134.209.57.20:3001
2026-01-01T18:26:56:    - Environments: .env.local
2026-01-01T18:26:56:    - Experiments (use with caution):
2026-01-01T18:26:56:      ✓ inlineCss
2026-01-01T18:26:56:      · clientTraceMetadata
2026-01-01T18:26:56: 
2026-01-01T18:26:56:  ✓ Starting...
2026-01-01T18:26:59: [@sentry/nextjs] It seems like you don't have a global error handler set up. It is recommended that you add a 'global-error.js' file with Sentry instrumentation so that React rendering errors are reported to Sentry. Read more: https://docs.sentry.io/platforms/javascript/guides/nextjs/manual-setup/#react-render-errors-in-app-router (you can suppress this warning by setting SENTRY_SUPPRESS_GLOBAL_ERROR_HANDLER_FILE_WARNING=1 as environment variable)
2026-01-01T18:27:00:  ✓ Ready in 6s
2026-01-01T18:27:43:  ○ Compiling / ...
2026-01-01T18:28:16:  ✓ Compiled / in 33.5s (3822 modules)
2026-01-01T18:28:55:  GET / 500 in 3097ms
2026-01-01T18:28:56:  ○ Compiling /favicon.ico ...
2026-01-01T18:29:07:  ✓ Compiled /_not-found in 12s (2248 modules)
2026-01-01T18:29:14:  ✓ Compiled in 5.6s (3623 modules)
2026-01-01T18:29:26:  GET /favicon.ico 200 in 30480ms
2026-01-01T18:29:27:  GET /sw.js 404 in 29797ms
2026-01-01T18:29:28:  GET / 500 in 21212ms
2026-01-01T18:29:30:  GET / 500 in 4022ms
2026-01-01T18:29:36:  GET /sw.js 404 in 255ms
2026-01-01T18:29:36:  GET / 500 in 5188ms
2026-01-01T18:29:36:  GET /favicon.ico 200 in 18ms
2026-01-01T18:29:37:  GET /favicon.png 404 in 138ms
2026-01-01T18:29:42:  ✓ Compiled in 5.2s (3623 modules)
2026-01-01T18:29:55: [?25h
2026-01-01T18:29:55: [MDX] closing dev server
2026-01-01T18:29:56: 
2026-01-01T18:29:56: > www@0.1.1 dev
2026-01-01T18:29:56: > next dev
2026-01-01T18:29:56: 
2026-01-01T18:29:59: [MDX] updated map file in 32.435361000000285ms
2026-01-01T18:29:59: [MDX] started dev server
2026-01-01T18:30:00:    ▲ Next.js 15.5.9
2026-01-01T18:30:00:    - Local:        http://localhost:3001
2026-01-01T18:30:00:    - Network:      http://134.209.57.20:3001
2026-01-01T18:30:00:    - Environments: .env.local
2026-01-01T18:30:00:    - Experiments (use with caution):
2026-01-01T18:30:00:      ✓ inlineCss
2026-01-01T18:30:00:      · clientTraceMetadata
2026-01-01T18:30:00: 
2026-01-01T18:30:00:  ✓ Starting...
2026-01-01T18:30:03: [@sentry/nextjs] It seems like you don't have a global error handler set up. It is recommended that you add a 'global-error.js' file with Sentry instrumentation so that React rendering errors are reported to Sentry. Read more: https://docs.sentry.io/platforms/javascript/guides/nextjs/manual-setup/#react-render-errors-in-app-router (you can suppress this warning by setting SENTRY_SUPPRESS_GLOBAL_ERROR_HANDLER_FILE_WARNING=1 as environment variable)
2026-01-01T18:30:03:  ✓ Ready in 4.6s
2026-01-01T18:34:44:  ○ Compiling / ...
2026-01-01T18:36:06:  ✓ Compiled / in 82s (3822 modules)
2026-01-01T18:54:17:  GET / 500 in 2825ms
2026-01-01T19:02:47:  HEAD / 500 in 967ms
2026-01-01T19:05:51:  GET / 500 in 3442ms
2026-01-01T19:05:56:  GET / 500 in 2428ms
2026-01-01T19:06:05:  GET / 500 in 2277ms
2026-01-01T19:06:17:  GET / 500 in 2330ms
2026-01-01T19:17:56:  ○ Compiling /_not-found ...
2026-01-01T19:18:00:  ✓ Compiled /_not-found in 5.7s (2561 modules)
2026-01-01T19:19:41: [?25h
2026-01-01T19:19:41: [MDX] closing dev server
