2026-01-03T07:31:52: 
2026-01-03T07:31:52: > www@0.1.1 dev
2026-01-03T07:31:52: > next dev
2026-01-03T07:31:52: 
2026-01-03T07:31:56: [?25h
2026-01-03T07:31:56: 
2026-01-03T07:31:57: 
2026-01-03T07:31:57: > www@0.1.1 dev
2026-01-03T07:31:57: > next dev
2026-01-03T07:31:57: 
2026-01-03T07:32:01: [?25h
2026-01-03T07:32:02: 
2026-01-03T07:32:02: > www@0.1.1 dev
2026-01-03T07:32:02: > next dev
2026-01-03T07:32:02: 
2026-01-03T07:32:05: [?25h
2026-01-03T07:32:05: 
2026-01-03T07:32:05: > www@0.1.1 dev
2026-01-03T07:32:05: > next dev
2026-01-03T07:32:05: 
2026-01-03T07:32:10: [?25h
2026-01-03T07:32:12: 
2026-01-03T07:32:12: > www@0.1.1 dev
2026-01-03T07:32:12: > next dev
2026-01-03T07:32:12: 
2026-01-03T07:32:16: [?25h
2026-01-03T07:32:16: 
2026-01-03T07:32:18: 
2026-01-03T07:32:18: > www@0.1.1 dev
2026-01-03T07:32:18: > next dev
2026-01-03T07:32:18: 
2026-01-03T07:32:20: [?25h
2026-01-03T07:32:22: 
2026-01-03T07:32:22: > www@0.1.1 dev
2026-01-03T07:32:22: > next dev
2026-01-03T07:32:22: 
2026-01-03T07:32:25: [MDX] updated map file in 87.45616500000006ms
2026-01-03T07:32:25: [MDX] started dev server
2026-01-03T07:32:25: [?25h
2026-01-03T07:32:25: [MDX] closing dev server
2026-01-03T07:32:28: 
2026-01-03T07:32:28: > www@0.1.1 dev
2026-01-03T07:32:28: > next dev
2026-01-03T07:32:28: 
2026-01-03T07:32:33: [?25h
2026-01-03T07:32:35: 
2026-01-03T07:32:35: > www@0.1.1 dev
2026-01-03T07:32:35: > next dev
2026-01-03T07:32:35: 
2026-01-03T07:32:38: [?25h
2026-01-03T07:32:41: 
2026-01-03T07:32:41: > www@0.1.1 dev
2026-01-03T07:32:41: > next dev
2026-01-03T07:32:41: 
2026-01-03T07:32:44: [?25h
2026-01-03T07:32:49: 
2026-01-03T07:32:49: > www@0.1.1 dev
2026-01-03T07:32:49: > next dev
2026-01-03T07:32:49: 
2026-01-03T07:32:51: [?25h
2026-01-03T07:32:57: 
2026-01-03T07:32:57: > www@0.1.1 dev
2026-01-03T07:32:57: > next dev
2026-01-03T07:32:57: 
2026-01-03T07:33:00: [?25h
2026-01-03T07:33:00: 
2026-01-03T07:33:09: 
2026-01-03T07:33:09: > www@0.1.1 dev
2026-01-03T07:33:09: > next dev
2026-01-03T07:33:09: 
2026-01-03T07:33:13: [?25h
2026-01-03T07:33:26: 
2026-01-03T07:33:26: > www@0.1.1 dev
2026-01-03T07:33:26: > next dev
2026-01-03T07:33:26: 
2026-01-03T07:33:30: [?25h
2026-01-03T07:33:30: 
2026-01-03T07:33:46: 
2026-01-03T07:33:46: > www@0.1.1 dev
2026-01-03T07:33:46: > next dev
2026-01-03T07:33:46: 
2026-01-03T07:33:49: [?25h
2026-01-03T07:34:04: 
2026-01-03T07:34:04: > www@0.1.1 dev
2026-01-03T07:34:04: > next dev
2026-01-03T07:34:04: 
2026-01-03T07:34:07: [?25h
2026-01-03T07:34:23: 
2026-01-03T07:34:23: > www@0.1.1 dev
2026-01-03T07:34:23: > next dev
2026-01-03T07:34:23: 
2026-01-03T07:34:27: [?25h
2026-01-03T07:34:43: 
2026-01-03T07:34:43: > www@0.1.1 dev
2026-01-03T07:34:43: > next dev
2026-01-03T07:34:43: 
2026-01-03T07:34:45: [?25h
2026-01-03T07:35:00: 
2026-01-03T07:35:00: > www@0.1.1 dev
2026-01-03T07:35:00: > next dev
2026-01-03T07:35:00: 
2026-01-03T07:35:03: [MDX] updated map file in 34.31241199999977ms
2026-01-03T07:35:03: [?25h
2026-01-03T07:35:03: [MDX] closing dev server
2026-01-03T07:35:19: 
2026-01-03T07:35:19: > www@0.1.1 dev
2026-01-03T07:35:19: > next dev
2026-01-03T07:35:19: 
2026-01-03T07:35:21: [?25h
