[2026-01-03 01:10:01] INFO: Starting service health check
[2026-01-03 01:10:01] WARNING: Service currentmesh-server is not in PM2
[2026-01-03 01:10:01] RESTART: Restarting service currentmesh-server (attempt 1/3)
[2026-01-03 01:10:12] WARNING: Service currentmesh-marketing is not listening on port 3001
[2026-01-03 01:10:12] RESTART: Restarting service currentmesh-marketing (attempt 1/3)
[2026-01-03 01:10:33] WARNING: Service currentmesh-app is not listening on port 5000
[2026-01-03 01:10:33] RESTART: Restarting service currentmesh-app (attempt 1/3)
[2026-01-03 01:10:45] WARNING: Service currentmesh-client is not listening on port 5001
[2026-01-03 01:10:45] RESTART: Restarting service currentmesh-client (attempt 1/3)
[2026-01-03 01:10:56] WARNING: Service currentmesh-admin is not listening on port 5002
[2026-01-03 01:10:56] RESTART: Restarting service currentmesh-admin (attempt 1/3)
[2026-01-03 01:11:06] WARNING: Found 5 service issue(s)
[2026-01-03 01:13:10] INFO: Starting service health check
[2026-01-03 01:13:10] WARNING: Service currentmesh-server is not in PM2
[2026-01-03 01:13:10] SKIP: Service currentmesh-server was restarted 112 seconds ago (cooldown active)
[2026-01-03 01:13:11] WARNING: Service currentmesh-marketing is not listening on port 3001
[2026-01-03 01:13:12] SKIP: Service currentmesh-marketing was restarted 131 seconds ago (cooldown active)
[2026-01-03 01:13:12] WARNING: Service currentmesh-app is not listening on port 5000
[2026-01-03 01:13:12] SKIP: Service currentmesh-app was restarted 142 seconds ago (cooldown active)
[2026-01-03 01:13:13] WARNING: Service currentmesh-client is not listening on port 5001
[2026-01-03 01:13:13] SKIP: Service currentmesh-client was restarted 152 seconds ago (cooldown active)
[2026-01-03 01:13:14] WARNING: Service currentmesh-admin is not listening on port 5002
[2026-01-03 01:13:14] SKIP: Service currentmesh-admin was restarted 162 seconds ago (cooldown active)
[2026-01-03 01:13:14] WARNING: Found 5 service issue(s)
[2026-01-03 01:15:01] INFO: Starting service health check
[2026-01-03 01:15:02] WARNING: Service currentmesh-server is not in PM2
[2026-01-03 01:15:02] RESTART: Restarting service currentmesh-server (attempt 2/3)
[2026-01-03 01:15:04] INFO: Starting service health check
[2026-01-03 01:15:04] WARNING: Service currentmesh-server is not in PM2
[2026-01-03 01:15:04] SKIP: Service currentmesh-server was restarted 299 seconds ago (cooldown active)
[2026-01-03 01:15:04] WARNING: Service currentmesh-marketing is not listening on port 3001
[2026-01-03 01:15:04] SKIP: Service currentmesh-marketing was restarted 19 seconds ago (cooldown active)
[2026-01-03 01:15:05] WARNING: Service currentmesh-app is not listening on port 5000
[2026-01-03 01:15:05] SKIP: Service currentmesh-app was restarted 29 seconds ago (cooldown active)
[2026-01-03 01:15:06] WARNING: Service currentmesh-client is not listening on port 5001
[2026-01-03 01:15:06] SKIP: Service currentmesh-client was restarted 39 seconds ago (cooldown active)
[2026-01-03 01:15:06] WARNING: Service currentmesh-admin is not listening on port 5002
[2026-01-03 01:15:06] SKIP: Service currentmesh-admin was restarted 50 seconds ago (cooldown active)
[2026-01-03 01:15:06] WARNING: Found 5 service issue(s)
[2026-01-03 01:15:13] WARNING: Service currentmesh-marketing is not listening on port 3001
[2026-01-03 01:15:13] SKIP: Service currentmesh-marketing was restarted 10 seconds ago (cooldown active)
[2026-01-03 01:15:14] WARNING: Service currentmesh-app is not listening on port 5000
[2026-01-03 01:15:14] SKIP: Service currentmesh-app was restarted 20 seconds ago (cooldown active)
[2026-01-03 01:15:14] WARNING: Service currentmesh-client is not listening on port 5001
[2026-01-03 01:15:14] SKIP: Service currentmesh-client was restarted 31 seconds ago (cooldown active)
[2026-01-03 01:15:15] WARNING: Service currentmesh-admin is not listening on port 5002
[2026-01-03 01:15:15] SKIP: Service currentmesh-admin was restarted 41 seconds ago (cooldown active)
[2026-01-03 01:15:15] WARNING: Found 5 service issue(s)
[2026-01-03 01:15:52] INFO: Starting service health check
[2026-01-03 01:15:52] WARNING: Service currentmesh-server is not in PM2
[2026-01-03 01:15:52] SKIP: Service currentmesh-server was restarted 251 seconds ago (cooldown active)
[2026-01-03 01:15:58] WARNING: Service currentmesh-marketing health check failed (HTTP 000000)
[2026-01-03 01:15:58] RESTART: Restarting service currentmesh-marketing (attempt 1/3)
[2026-01-03 01:16:44] OK: Service currentmesh-app is healthy
[2026-01-03 01:16:45] OK: Service currentmesh-client is healthy
[2026-01-03 01:16:46] OK: Service currentmesh-admin is healthy
[2026-01-03 01:16:46] WARNING: Found 2 service issue(s)
[2026-01-03 01:20:01] INFO: Starting service health check
[2026-01-03 01:20:01] WARNING: Service currentmesh-server is not in PM2
[2026-01-03 01:20:01] SKIP: Service currentmesh-server was restarted 2 seconds ago (cooldown active)
[2026-01-03 01:20:06] WARNING: Service currentmesh-marketing health check failed (HTTP 000000)
[2026-01-03 01:20:06] SKIP: Service currentmesh-marketing was restarted 87 seconds ago (cooldown active)
[2026-01-03 01:20:07] OK: Service currentmesh-app is healthy
[2026-01-03 01:20:08] OK: Service currentmesh-client is healthy
[2026-01-03 01:20:08] OK: Service currentmesh-admin is healthy
[2026-01-03 01:20:09] WARNING: Found 2 service issue(s)
[2026-01-03 01:25:01] INFO: Starting service health check
[2026-01-03 01:25:01] WARNING: Service currentmesh-server is not in PM2
[2026-01-03 01:25:01] RESTART: Restarting service currentmesh-server (attempt 1/3)
[2026-01-03 01:25:14] OK: Service currentmesh-marketing is healthy
[2026-01-03 01:25:15] OK: Service currentmesh-app is healthy
[2026-01-03 01:25:15] OK: Service currentmesh-client is healthy
[2026-01-03 01:25:15] OK: Service currentmesh-admin is healthy
[2026-01-03 01:25:15] WARNING: Found 1 service issue(s)
[2026-01-03 01:30:01] INFO: Starting service health check
[2026-01-03 01:30:09] WARNING: Service currentmesh-server health check failed (HTTP 000000)
[2026-01-03 01:30:09] RESTART: Restarting service currentmesh-server (attempt 1/3)
[2026-01-03 01:30:13] INFO: Starting service health check
[2026-01-03 01:30:15] WARNING: Service currentmesh-server status is waiting restart
[2026-01-03 01:30:16] SKIP: Service currentmesh-server was restarted 297 seconds ago (cooldown active)
[2026-01-03 01:30:18] WARNING: Service currentmesh-marketing status is stopping
[2026-01-03 01:30:18] RESTART: Restarting service currentmesh-marketing (attempt 1/3)
[2026-01-03 01:30:25] WARNING: Service currentmesh-marketing status is stopping
[2026-01-03 01:30:25] SKIP: Service currentmesh-marketing was restarted 297 seconds ago (cooldown active)
[2026-01-03 01:30:28] WARNING: Service currentmesh-app is not listening on port 5000
[2026-01-03 01:30:28] RESTART: Restarting service currentmesh-app (attempt 1/3)
[2026-01-03 01:30:34] WARNING: Service currentmesh-app is not listening on port 5000
[2026-01-03 01:30:34] SKIP: Service currentmesh-app was restarted 296 seconds ago (cooldown active)
[2026-01-03 01:30:37] OK: Service currentmesh-client is healthy
[2026-01-03 01:30:38] OK: Service currentmesh-admin is healthy
[2026-01-03 01:30:39] WARNING: Found 3 service issue(s)
[2026-01-03 01:30:42] OK: Service currentmesh-client is healthy
[2026-01-03 01:30:44] OK: Service currentmesh-admin is healthy
[2026-01-03 01:30:44] WARNING: Found 3 service issue(s)
[2026-01-03 01:35:01] INFO: Starting service health check
[2026-01-03 01:35:02] OK: Service currentmesh-server is healthy
[2026-01-03 01:35:07] WARNING: Service currentmesh-marketing health check failed (HTTP 000000)
[2026-01-03 01:35:07] SKIP: Service currentmesh-marketing was restarted 15 seconds ago (cooldown active)
[2026-01-03 01:35:08] OK: Service currentmesh-app is healthy
[2026-01-03 01:35:09] OK: Service currentmesh-client is healthy
[2026-01-03 01:35:10] OK: Service currentmesh-admin is healthy
[2026-01-03 01:35:10] WARNING: Found 1 service issue(s)
[2026-01-03 01:40:01] INFO: Starting service health check
[2026-01-03 01:40:02] OK: Service currentmesh-server is healthy
[2026-01-03 01:40:07] OK: Service currentmesh-marketing is healthy
[2026-01-03 01:40:07] OK: Service currentmesh-app is healthy
[2026-01-03 01:40:08] OK: Service currentmesh-client is healthy
[2026-01-03 01:40:08] OK: Service currentmesh-admin is healthy
[2026-01-03 01:40:08] INFO: All services are healthy
[2026-01-03 01:45:01] INFO: Starting service health check
[2026-01-03 01:45:02] OK: Service currentmesh-server is healthy
[2026-01-03 01:45:05] INFO: Starting service health check
[2026-01-03 01:45:05] OK: Service currentmesh-server is healthy
[2026-01-03 01:45:08] WARNING: Service currentmesh-marketing health check failed (HTTP 000000)
[2026-01-03 01:45:08] RESTART: Restarting service currentmesh-marketing (attempt 1/3)
[2026-01-03 01:45:10] WARNING: Service currentmesh-marketing health check failed (HTTP 000000)
[2026-01-03 01:45:11] RESTART: Restarting service currentmesh-marketing (attempt 1/3)
[2026-01-03 01:45:22] OK: Service currentmesh-app is healthy
[2026-01-03 01:45:23] OK: Service currentmesh-client is healthy
[2026-01-03 01:45:23] OK: Service currentmesh-admin is healthy
[2026-01-03 01:45:23] WARNING: Found 1 service issue(s)
[2026-01-03 01:45:54] OK: Service currentmesh-app is healthy
[2026-01-03 01:45:54] OK: Service currentmesh-client is healthy
[2026-01-03 01:45:54] OK: Service currentmesh-admin is healthy
[2026-01-03 01:45:54] WARNING: Found 1 service issue(s)
[2026-01-03 01:50:01] INFO: Starting service health check
[2026-01-03 01:50:02] OK: Service currentmesh-server is healthy
[2026-01-03 01:50:07] OK: Service currentmesh-marketing is healthy
[2026-01-03 01:50:08] OK: Service currentmesh-app is healthy
[2026-01-03 01:50:08] OK: Service currentmesh-client is healthy
[2026-01-03 01:50:08] OK: Service currentmesh-admin is healthy
[2026-01-03 01:50:08] INFO: All services are healthy
[2026-01-03 01:55:01] INFO: Starting service health check
[2026-01-03 01:55:01] OK: Service currentmesh-server is healthy
[2026-01-03 01:55:07] WARNING: Service currentmesh-marketing health check failed (HTTP 000000)
[2026-01-03 01:55:07] RESTART: Restarting service currentmesh-marketing (attempt 1/3)
[2026-01-03 01:55:53] OK: Service currentmesh-app is healthy
[2026-01-03 01:55:53] OK: Service currentmesh-client is healthy
[2026-01-03 01:55:54] OK: Service currentmesh-admin is healthy
[2026-01-03 01:55:54] WARNING: Found 1 service issue(s)
[2026-01-03 02:00:01] INFO: Starting service health check
[2026-01-03 02:00:02] OK: Service currentmesh-server is healthy
[2026-01-03 02:00:04] INFO: Starting service health check
[2026-01-03 02:00:04] OK: Service currentmesh-server is healthy
[2026-01-03 02:00:07] WARNING: Service currentmesh-marketing health check failed (HTTP 000000)
[2026-01-03 02:00:07] SKIP: Service currentmesh-marketing was restarted 35 seconds ago (cooldown active)
[2026-01-03 02:00:08] OK: Service currentmesh-app is healthy
[2026-01-03 02:00:09] OK: Service currentmesh-client is healthy
[2026-01-03 02:00:09] OK: Service currentmesh-admin is healthy
[2026-01-03 02:00:09] WARNING: Found 1 service issue(s)
[2026-01-03 02:00:10] WARNING: Service currentmesh-marketing health check failed (HTTP 000000)
[2026-01-03 02:00:10] SKIP: Service currentmesh-marketing was restarted 32 seconds ago (cooldown active)
[2026-01-03 02:00:11] OK: Service currentmesh-app is healthy
[2026-01-03 02:00:11] OK: Service currentmesh-client is healthy
[2026-01-03 02:00:12] OK: Service currentmesh-admin is healthy
[2026-01-03 02:00:12] WARNING: Found 1 service issue(s)
[2026-01-03 02:05:01] INFO: Starting service health check
[2026-01-03 02:05:02] OK: Service currentmesh-server is healthy
[2026-01-03 02:05:07] WARNING: Service currentmesh-marketing health check failed (HTTP 000000)
[2026-01-03 02:05:07] RESTART: Restarting service currentmesh-marketing (attempt 1/3)
[2026-01-03 02:05:53] OK: Service currentmesh-app is healthy
[2026-01-03 02:05:53] OK: Service currentmesh-client is healthy
[2026-01-03 02:05:54] OK: Service currentmesh-admin is healthy
[2026-01-03 02:05:54] WARNING: Found 1 service issue(s)
[2026-01-03 02:10:01] INFO: Starting service health check
[2026-01-03 02:10:02] OK: Service currentmesh-server is healthy
[2026-01-03 02:10:08] WARNING: Service currentmesh-marketing health check failed (HTTP 000000)
[2026-01-03 02:10:08] SKIP: Service currentmesh-marketing was restarted 35 seconds ago (cooldown active)
[2026-01-03 02:10:09] WARNING: Service currentmesh-app is not listening on port 5000
[2026-01-03 02:10:09] RESTART: Restarting service currentmesh-app (attempt 1/3)
[2026-01-03 02:10:21] OK: Service currentmesh-client is healthy
[2026-01-03 02:10:22] OK: Service currentmesh-admin is healthy
[2026-01-03 02:10:22] WARNING: Found 2 service issue(s)
[2026-01-03 02:15:01] INFO: Starting service health check
[2026-01-03 02:15:02] OK: Service currentmesh-server is healthy
[2026-01-03 02:15:04] INFO: Starting service health check
[2026-01-03 02:15:05] OK: Service currentmesh-server is healthy
[2026-01-03 02:15:06] OK: Service currentmesh-marketing is healthy
[2026-01-03 02:15:06] OK: Service currentmesh-marketing is healthy
[2026-01-03 02:15:07] OK: Service currentmesh-app is healthy
[2026-01-03 02:15:07] OK: Service currentmesh-app is healthy
[2026-01-03 02:15:07] OK: Service currentmesh-client is healthy
[2026-01-03 02:15:07] OK: Service currentmesh-client is healthy
[2026-01-03 02:15:08] OK: Service currentmesh-admin is healthy
[2026-01-03 02:15:08] OK: Service currentmesh-admin is healthy
[2026-01-03 02:15:08] INFO: All services are healthy
[2026-01-03 02:15:08] INFO: All services are healthy
[2026-01-03 02:20:14] INFO: Starting service health check
[2026-01-03 02:20:18] OK: Service currentmesh-server is healthy
[2026-01-03 02:20:25] WARNING: Service currentmesh-marketing health check failed (HTTP 000000)
[2026-01-03 02:20:25] RESTART: Restarting service currentmesh-marketing (attempt 1/3)
[2026-01-03 02:21:12] OK: Service currentmesh-app is healthy
[2026-01-03 02:21:13] OK: Service currentmesh-client is healthy
[2026-01-03 02:21:13] OK: Service currentmesh-admin is healthy
[2026-01-03 02:21:13] WARNING: Found 1 service issue(s)
[2026-01-03 02:25:01] INFO: Starting service health check
[2026-01-03 02:25:02] OK: Service currentmesh-server is healthy
[2026-01-03 02:25:07] WARNING: Service currentmesh-marketing health check failed (HTTP 000000)
[2026-01-03 02:25:07] SKIP: Service currentmesh-marketing was restarted 55 seconds ago (cooldown active)
[2026-01-03 02:25:07] OK: Service currentmesh-app is healthy
[2026-01-03 02:25:08] OK: Service currentmesh-client is healthy
[2026-01-03 02:25:08] OK: Service currentmesh-admin is healthy
[2026-01-03 02:25:08] WARNING: Found 1 service issue(s)
[2026-01-03 02:30:02] INFO: Starting service health check
[2026-01-03 02:30:06] OK: Service currentmesh-server is healthy
[2026-01-03 02:30:13] WARNING: Service currentmesh-marketing health check failed (HTTP 000000)
[2026-01-03 02:30:13] RESTART: Restarting service currentmesh-marketing (attempt 1/3)
[2026-01-03 02:30:14] INFO: Starting service health check
[2026-01-03 02:30:15] OK: Service currentmesh-server is healthy
[2026-01-03 02:30:16] WARNING: Service currentmesh-marketing status is stopping
[2026-01-03 02:30:16] RESTART: Restarting service currentmesh-marketing (attempt 1/3)
[2026-01-03 02:30:29] OK: Service currentmesh-app is healthy
[2026-01-03 02:30:30] OK: Service currentmesh-client is healthy
[2026-01-03 02:30:32] OK: Service currentmesh-admin is healthy
[2026-01-03 02:30:32] WARNING: Found 1 service issue(s)
[2026-01-03 02:31:00] OK: Service currentmesh-app is healthy
[2026-01-03 02:31:01] OK: Service currentmesh-client is healthy
[2026-01-03 02:31:01] OK: Service currentmesh-admin is healthy
[2026-01-03 02:31:01] WARNING: Found 1 service issue(s)
[2026-01-03 02:35:01] INFO: Starting service health check
[2026-01-03 02:35:04] OK: Service currentmesh-server is healthy
[2026-01-03 02:35:10] WARNING: Service currentmesh-marketing health check failed (HTTP 000000)
[2026-01-03 02:35:11] SKIP: Service currentmesh-marketing was restarted 39 seconds ago (cooldown active)
[2026-01-03 02:35:14] OK: Service currentmesh-app is healthy
[2026-01-03 02:35:18] OK: Service currentmesh-client is healthy
[2026-01-03 02:35:21] OK: Service currentmesh-admin is healthy
[2026-01-03 02:35:21] WARNING: Found 1 service issue(s)
[2026-01-03 02:40:01] INFO: Starting service health check
[2026-01-03 02:40:02] OK: Service currentmesh-server is healthy
[2026-01-03 02:40:08] WARNING: Service currentmesh-marketing health check failed (HTTP 000000)
[2026-01-03 02:40:08] RESTART: Restarting service currentmesh-marketing (attempt 1/3)
[2026-01-03 02:40:56] OK: Service currentmesh-app is healthy
[2026-01-03 02:40:57] OK: Service currentmesh-client is healthy
[2026-01-03 02:40:59] OK: Service currentmesh-admin is healthy
[2026-01-03 02:40:59] WARNING: Found 1 service issue(s)
[2026-01-03 02:45:01] INFO: Starting service health check
[2026-01-03 02:45:02] OK: Service currentmesh-server is healthy
[2026-01-03 02:45:05] INFO: Starting service health check
[2026-01-03 02:45:05] OK: Service currentmesh-server is healthy
[2026-01-03 02:45:08] WARNING: Service currentmesh-marketing health check failed (HTTP 000000)
[2026-01-03 02:45:08] SKIP: Service currentmesh-marketing was restarted 36 seconds ago (cooldown active)
[2026-01-03 02:45:10] OK: Service currentmesh-app is healthy
[2026-01-03 02:45:11] WARNING: Service currentmesh-marketing health check failed (HTTP 000000)
[2026-01-03 02:45:12] SKIP: Service currentmesh-marketing was restarted 33 seconds ago (cooldown active)
[2026-01-03 02:45:12] OK: Service currentmesh-client is healthy
[2026-01-03 02:45:12] OK: Service currentmesh-app is healthy
[2026-01-03 02:45:13] OK: Service currentmesh-admin is healthy
[2026-01-03 02:45:13] WARNING: Found 1 service issue(s)
[2026-01-03 02:45:13] OK: Service currentmesh-client is healthy
[2026-01-03 02:45:13] OK: Service currentmesh-admin is healthy
[2026-01-03 02:45:13] WARNING: Found 1 service issue(s)
[2026-01-03 02:50:02] INFO: Starting service health check
[2026-01-03 02:50:02] OK: Service currentmesh-server is healthy
[2026-01-03 02:50:03] OK: Service currentmesh-marketing is healthy
[2026-01-03 02:50:04] OK: Service currentmesh-app is healthy
[2026-01-03 02:50:04] OK: Service currentmesh-client is healthy
[2026-01-03 02:50:04] OK: Service currentmesh-admin is healthy
[2026-01-03 02:50:04] INFO: All services are healthy
[2026-01-03 02:55:02] INFO: Starting service health check
[2026-01-03 02:55:03] OK: Service currentmesh-server is healthy
[2026-01-03 02:55:08] WARNING: Service currentmesh-marketing health check failed (HTTP 000000)
[2026-01-03 02:55:08] RESTART: Restarting service currentmesh-marketing (attempt 1/3)
[2026-01-03 02:55:57] OK: Service currentmesh-app is healthy
[2026-01-03 02:55:57] OK: Service currentmesh-client is healthy
[2026-01-03 02:55:59] OK: Service currentmesh-admin is healthy
[2026-01-03 02:55:59] WARNING: Found 1 service issue(s)
[2026-01-03 03:00:01] INFO: Starting service health check
[2026-01-03 03:00:03] OK: Service currentmesh-server is healthy
[2026-01-03 03:00:06] INFO: Starting service health check
[2026-01-03 03:00:07] OK: Service currentmesh-server is healthy
[2026-01-03 03:00:08] WARNING: Service currentmesh-marketing health check failed (HTTP 000000)
[2026-01-03 03:00:08] SKIP: Service currentmesh-marketing was restarted 37 seconds ago (cooldown active)
[2026-01-03 03:00:09] OK: Service currentmesh-app is healthy
[2026-01-03 03:00:10] OK: Service currentmesh-client is healthy
[2026-01-03 03:00:11] OK: Service currentmesh-admin is healthy
[2026-01-03 03:00:11] WARNING: Found 1 service issue(s)
[2026-01-03 03:00:13] WARNING: Service currentmesh-marketing health check failed (HTTP 000000)
[2026-01-03 03:00:13] SKIP: Service currentmesh-marketing was restarted 32 seconds ago (cooldown active)
[2026-01-03 03:00:14] OK: Service currentmesh-app is healthy
[2026-01-03 03:00:14] OK: Service currentmesh-client is healthy
[2026-01-03 03:00:15] OK: Service currentmesh-admin is healthy
[2026-01-03 03:00:15] WARNING: Found 1 service issue(s)
[2026-01-03 03:05:01] INFO: Starting service health check
[2026-01-03 03:05:02] OK: Service currentmesh-server is healthy
[2026-01-03 03:05:08] WARNING: Service currentmesh-marketing health check failed (HTTP 000000)
[2026-01-03 03:05:08] RESTART: Restarting service currentmesh-marketing (attempt 1/3)
[2026-01-03 03:05:54] OK: Service currentmesh-app is healthy
[2026-01-03 03:05:55] OK: Service currentmesh-client is healthy
[2026-01-03 03:05:55] OK: Service currentmesh-admin is healthy
[2026-01-03 03:05:55] WARNING: Found 1 service issue(s)
[2026-01-03 03:10:01] INFO: Starting service health check
[2026-01-03 03:10:02] OK: Service currentmesh-server is healthy
[2026-01-03 03:10:08] WARNING: Service currentmesh-marketing health check failed (HTTP 000000)
[2026-01-03 03:10:08] SKIP: Service currentmesh-marketing was restarted 36 seconds ago (cooldown active)
[2026-01-03 03:10:09] OK: Service currentmesh-app is healthy
[2026-01-03 03:10:09] OK: Service currentmesh-client is healthy
[2026-01-03 03:10:10] OK: Service currentmesh-admin is healthy
[2026-01-03 03:10:10] WARNING: Found 1 service issue(s)
[2026-01-03 03:15:01] INFO: Starting service health check
[2026-01-03 03:15:03] OK: Service currentmesh-server is healthy
[2026-01-03 03:15:05] INFO: Starting service health check
[2026-01-03 03:15:05] OK: Service currentmesh-server is healthy
[2026-01-03 03:15:08] WARNING: Service currentmesh-marketing health check failed (HTTP 000000)
[2026-01-03 03:15:08] RESTART: Restarting service currentmesh-marketing (attempt 1/3)
[2026-01-03 03:15:11] WARNING: Service currentmesh-marketing health check failed (HTTP 000000)
[2026-01-03 03:15:11] RESTART: Restarting service currentmesh-marketing (attempt 1/3)
[2026-01-03 03:15:24] OK: Service currentmesh-app is healthy
[2026-01-03 03:15:25] OK: Service currentmesh-client is healthy
[2026-01-03 03:15:25] OK: Service currentmesh-admin is healthy
[2026-01-03 03:15:25] WARNING: Found 1 service issue(s)
[2026-01-03 03:15:54] OK: Service currentmesh-app is healthy
[2026-01-03 03:15:55] OK: Service currentmesh-client is healthy
[2026-01-03 03:15:55] OK: Service currentmesh-admin is healthy
[2026-01-03 03:15:55] WARNING: Found 1 service issue(s)
[2026-01-03 03:20:01] INFO: Starting service health check
[2026-01-03 03:20:01] OK: Service currentmesh-server is healthy
[2026-01-03 03:20:07] WARNING: Service currentmesh-marketing health check failed (HTTP 000000)
[2026-01-03 03:20:07] SKIP: Service currentmesh-marketing was restarted 37 seconds ago (cooldown active)
[2026-01-03 03:20:07] OK: Service currentmesh-app is healthy
[2026-01-03 03:20:08] OK: Service currentmesh-client is healthy
[2026-01-03 03:20:08] OK: Service currentmesh-admin is healthy
[2026-01-03 03:20:08] WARNING: Found 1 service issue(s)
[2026-01-03 03:25:01] INFO: Starting service health check
[2026-01-03 03:25:01] OK: Service currentmesh-server is healthy
[2026-01-03 03:25:02] OK: Service currentmesh-marketing is healthy
[2026-01-03 03:25:03] OK: Service currentmesh-app is healthy
[2026-01-03 03:25:03] OK: Service currentmesh-client is healthy
[2026-01-03 03:25:03] OK: Service currentmesh-admin is healthy
[2026-01-03 03:25:03] INFO: All services are healthy
[2026-01-03 03:30:01] INFO: Starting service health check
[2026-01-03 03:30:02] OK: Service currentmesh-server is healthy
[2026-01-03 03:30:03] OK: Service currentmesh-marketing is healthy
[2026-01-03 03:30:03] OK: Service currentmesh-app is healthy
[2026-01-03 03:30:04] OK: Service currentmesh-client is healthy
[2026-01-03 03:30:04] OK: Service currentmesh-admin is healthy
[2026-01-03 03:30:04] INFO: All services are healthy
[2026-01-03 03:30:05] INFO: Starting service health check
[2026-01-03 03:30:05] OK: Service currentmesh-server is healthy
[2026-01-03 03:30:05] OK: Service currentmesh-marketing is healthy
[2026-01-03 03:30:06] OK: Service currentmesh-app is healthy
[2026-01-03 03:30:06] OK: Service currentmesh-client is healthy
[2026-01-03 03:30:06] OK: Service currentmesh-admin is healthy
[2026-01-03 03:30:06] INFO: All services are healthy
[2026-01-03 03:35:01] INFO: Starting service health check
[2026-01-03 03:35:02] OK: Service currentmesh-server is healthy
[2026-01-03 03:35:02] OK: Service currentmesh-marketing is healthy
[2026-01-03 03:35:02] OK: Service currentmesh-app is healthy
[2026-01-03 03:35:03] OK: Service currentmesh-client is healthy
[2026-01-03 03:35:03] OK: Service currentmesh-admin is healthy
[2026-01-03 03:35:03] INFO: All services are healthy
[2026-01-03 03:40:01] INFO: Starting service health check
[2026-01-03 03:40:03] OK: Service currentmesh-server is healthy
[2026-01-03 03:40:08] WARNING: Service currentmesh-marketing health check failed (HTTP 000000)
[2026-01-03 03:40:08] RESTART: Restarting service currentmesh-marketing (attempt 1/3)
[2026-01-03 03:40:57] OK: Service currentmesh-app is healthy
[2026-01-03 03:40:59] OK: Service currentmesh-client is healthy
[2026-01-03 03:41:00] OK: Service currentmesh-admin is healthy
[2026-01-03 03:41:00] WARNING: Found 1 service issue(s)
[2026-01-03 03:45:01] INFO: Starting service health check
[2026-01-03 03:45:05] OK: Service currentmesh-server is healthy
[2026-01-03 03:45:11] INFO: Starting service health check
[2026-01-03 03:45:11] WARNING: Service currentmesh-marketing health check failed (HTTP 000000)
[2026-01-03 03:45:11] SKIP: Service currentmesh-marketing was restarted 33 seconds ago (cooldown active)
[2026-01-03 03:45:12] OK: Service currentmesh-server is healthy
[2026-01-03 03:45:13] OK: Service currentmesh-app is healthy
[2026-01-03 03:45:14] OK: Service currentmesh-client is healthy
[2026-01-03 03:45:14] OK: Service currentmesh-admin is healthy
[2026-01-03 03:45:14] WARNING: Found 1 service issue(s)
[2026-01-03 03:45:18] WARNING: Service currentmesh-marketing health check failed (HTTP 000000)
[2026-01-03 03:45:18] SKIP: Service currentmesh-marketing was restarted 26 seconds ago (cooldown active)
[2026-01-03 03:45:19] OK: Service currentmesh-app is healthy
[2026-01-03 03:45:21] OK: Service currentmesh-client is healthy
[2026-01-03 03:45:22] OK: Service currentmesh-admin is healthy
[2026-01-03 03:45:23] WARNING: Found 1 service issue(s)
[2026-01-03 03:50:01] INFO: Starting service health check
[2026-01-03 03:50:01] OK: Service currentmesh-server is healthy
[2026-01-03 03:50:07] WARNING: Service currentmesh-marketing health check failed (HTTP 000000)
[2026-01-03 03:50:07] RESTART: Restarting service currentmesh-marketing (attempt 1/3)
[2026-01-03 03:50:54] OK: Service currentmesh-app is healthy
[2026-01-03 03:50:54] OK: Service currentmesh-client is healthy
[2026-01-03 03:50:54] OK: Service currentmesh-admin is healthy
[2026-01-03 03:50:54] WARNING: Found 1 service issue(s)
[2026-01-03 03:55:01] INFO: Starting service health check
[2026-01-03 03:55:02] OK: Service currentmesh-server is healthy
[2026-01-03 03:55:07] WARNING: Service currentmesh-marketing health check failed (HTTP 000000)
[2026-01-03 03:55:07] SKIP: Service currentmesh-marketing was restarted 36 seconds ago (cooldown active)
[2026-01-03 03:55:08] OK: Service currentmesh-app is healthy
[2026-01-03 03:55:08] OK: Service currentmesh-client is healthy
[2026-01-03 03:55:08] OK: Service currentmesh-admin is healthy
[2026-01-03 03:55:08] WARNING: Found 1 service issue(s)
[2026-01-03 04:00:02] INFO: Starting service health check
[2026-01-03 04:00:02] OK: Service currentmesh-server is healthy
[2026-01-03 04:00:04] OK: Service currentmesh-marketing is healthy
[2026-01-03 04:00:04] OK: Service currentmesh-app is healthy
[2026-01-03 04:00:04] OK: Service currentmesh-client is healthy
[2026-01-03 04:00:05] OK: Service currentmesh-admin is healthy
[2026-01-03 04:00:05] INFO: All services are healthy
[2026-01-03 04:00:05] INFO: Starting service health check
[2026-01-03 04:00:06] OK: Service currentmesh-server is healthy
[2026-01-03 04:00:06] OK: Service currentmesh-marketing is healthy
[2026-01-03 04:00:07] OK: Service currentmesh-app is healthy
[2026-01-03 04:00:07] OK: Service currentmesh-client is healthy
[2026-01-03 04:00:08] OK: Service currentmesh-admin is healthy
[2026-01-03 04:00:08] INFO: All services are healthy
[2026-01-03 04:05:01] INFO: Starting service health check
[2026-01-03 04:05:01] OK: Service currentmesh-server is healthy
[2026-01-03 04:05:02] OK: Service currentmesh-marketing is healthy
[2026-01-03 04:05:02] OK: Service currentmesh-app is healthy
[2026-01-03 04:05:03] OK: Service currentmesh-client is healthy
[2026-01-03 04:05:03] OK: Service currentmesh-admin is healthy
[2026-01-03 04:05:03] INFO: All services are healthy
[2026-01-03 04:10:01] INFO: Starting service health check
[2026-01-03 04:10:01] OK: Service currentmesh-server is healthy
[2026-01-03 04:10:02] OK: Service currentmesh-marketing is healthy
[2026-01-03 04:10:03] OK: Service currentmesh-app is healthy
[2026-01-03 04:10:03] OK: Service currentmesh-client is healthy
[2026-01-03 04:10:04] OK: Service currentmesh-admin is healthy
[2026-01-03 04:10:04] INFO: All services are healthy
[2026-01-03 04:15:01] INFO: Starting service health check
[2026-01-03 04:15:02] OK: Service currentmesh-server is healthy
[2026-01-03 04:15:02] OK: Service currentmesh-marketing is healthy
[2026-01-03 04:15:03] OK: Service currentmesh-app is healthy
[2026-01-03 04:15:03] OK: Service currentmesh-client is healthy
[2026-01-03 04:15:04] OK: Service currentmesh-admin is healthy
[2026-01-03 04:15:04] INFO: All services are healthy
[2026-01-03 04:15:04] INFO: Starting service health check
[2026-01-03 04:15:05] OK: Service currentmesh-server is healthy
[2026-01-03 04:15:05] OK: Service currentmesh-marketing is healthy
[2026-01-03 04:15:05] OK: Service currentmesh-app is healthy
[2026-01-03 04:15:06] OK: Service currentmesh-client is healthy
[2026-01-03 04:15:06] OK: Service currentmesh-admin is healthy
[2026-01-03 04:15:06] INFO: All services are healthy
[2026-01-03 04:20:01] INFO: Starting service health check
[2026-01-03 04:20:02] OK: Service currentmesh-server is healthy
[2026-01-03 04:20:03] OK: Service currentmesh-marketing is healthy
[2026-01-03 04:20:04] OK: Service currentmesh-app is healthy
[2026-01-03 04:20:04] OK: Service currentmesh-client is healthy
[2026-01-03 04:20:04] OK: Service currentmesh-admin is healthy
[2026-01-03 04:20:04] INFO: All services are healthy
[2026-01-03 04:25:01] INFO: Starting service health check
[2026-01-03 04:25:01] OK: Service currentmesh-server is healthy
[2026-01-03 04:25:01] OK: Service currentmesh-marketing is healthy
[2026-01-03 04:25:02] OK: Service currentmesh-app is healthy
[2026-01-03 04:25:02] OK: Service currentmesh-client is healthy
[2026-01-03 04:25:02] OK: Service currentmesh-admin is healthy
[2026-01-03 04:25:02] INFO: All services are healthy
[2026-01-03 04:30:01] INFO: Starting service health check
[2026-01-03 04:30:02] OK: Service currentmesh-server is healthy
[2026-01-03 04:30:03] OK: Service currentmesh-marketing is healthy
[2026-01-03 04:30:04] OK: Service currentmesh-app is healthy
[2026-01-03 04:30:04] OK: Service currentmesh-client is healthy
[2026-01-03 04:30:05] OK: Service currentmesh-admin is healthy
[2026-01-03 04:30:05] INFO: All services are healthy
[2026-01-03 04:30:07] INFO: Starting service health check
[2026-01-03 04:30:07] OK: Service currentmesh-server is healthy
[2026-01-03 04:30:08] OK: Service currentmesh-marketing is healthy
[2026-01-03 04:30:08] OK: Service currentmesh-app is healthy
[2026-01-03 04:30:08] OK: Service currentmesh-client is healthy
[2026-01-03 04:30:09] OK: Service currentmesh-admin is healthy
[2026-01-03 04:30:09] INFO: All services are healthy
[2026-01-03 04:35:01] INFO: Starting service health check
[2026-01-03 04:35:01] OK: Service currentmesh-server is healthy
[2026-01-03 04:35:01] OK: Service currentmesh-marketing is healthy
[2026-01-03 04:35:02] OK: Service currentmesh-app is healthy
[2026-01-03 04:35:02] OK: Service currentmesh-client is healthy
[2026-01-03 04:35:02] OK: Service currentmesh-admin is healthy
[2026-01-03 04:35:02] INFO: All services are healthy
[2026-01-03 04:40:01] INFO: Starting service health check
[2026-01-03 04:40:01] OK: Service currentmesh-server is healthy
[2026-01-03 04:40:01] OK: Service currentmesh-marketing is healthy
[2026-01-03 04:40:02] OK: Service currentmesh-app is healthy
[2026-01-03 04:40:02] OK: Service currentmesh-client is healthy
[2026-01-03 04:40:03] OK: Service currentmesh-admin is healthy
[2026-01-03 04:40:03] INFO: All services are healthy
[2026-01-03 04:45:01] INFO: Starting service health check
[2026-01-03 04:45:01] OK: Service currentmesh-server is healthy
[2026-01-03 04:45:02] OK: Service currentmesh-marketing is healthy
[2026-01-03 04:45:02] OK: Service currentmesh-app is healthy
[2026-01-03 04:45:03] OK: Service currentmesh-client is healthy
[2026-01-03 04:45:03] OK: Service currentmesh-admin is healthy
[2026-01-03 04:45:03] INFO: All services are healthy
[2026-01-03 04:45:04] INFO: Starting service health check
[2026-01-03 04:45:05] OK: Service currentmesh-server is healthy
[2026-01-03 04:45:06] OK: Service currentmesh-marketing is healthy
[2026-01-03 04:45:07] OK: Service currentmesh-app is healthy
[2026-01-03 04:45:07] OK: Service currentmesh-client is healthy
[2026-01-03 04:45:07] OK: Service currentmesh-admin is healthy
[2026-01-03 04:45:07] INFO: All services are healthy
[2026-01-03 04:50:02] INFO: Starting service health check
[2026-01-03 04:50:02] OK: Service currentmesh-server is healthy
[2026-01-03 04:50:02] OK: Service currentmesh-marketing is healthy
[2026-01-03 04:50:03] OK: Service currentmesh-app is healthy
[2026-01-03 04:50:03] OK: Service currentmesh-client is healthy
[2026-01-03 04:50:03] OK: Service currentmesh-admin is healthy
[2026-01-03 04:50:03] INFO: All services are healthy
[2026-01-03 04:55:01] INFO: Starting service health check
[2026-01-03 04:55:04] OK: Service currentmesh-server is healthy
[2026-01-03 04:55:10] WARNING: Service currentmesh-marketing health check failed (HTTP 000000)
[2026-01-03 04:55:10] RESTART: Restarting service currentmesh-marketing (attempt 1/3)
[2026-01-03 04:55:56] OK: Service currentmesh-app is healthy
[2026-01-03 04:55:57] OK: Service currentmesh-client is healthy
[2026-01-03 04:55:58] OK: Service currentmesh-admin is healthy
[2026-01-03 04:55:58] WARNING: Found 1 service issue(s)
[2026-01-03 05:00:01] INFO: Starting service health check
[2026-01-03 05:00:02] OK: Service currentmesh-server is healthy
[2026-01-03 05:00:08] WARNING: Service currentmesh-marketing health check failed (HTTP 000000)
[2026-01-03 05:00:08] SKIP: Service currentmesh-marketing was restarted 38 seconds ago (cooldown active)
[2026-01-03 05:00:10] OK: Service currentmesh-app is healthy
[2026-01-03 05:00:11] OK: Service currentmesh-client is healthy
[2026-01-03 05:00:12] OK: Service currentmesh-admin is healthy
[2026-01-03 05:00:12] WARNING: Found 1 service issue(s)
[2026-01-03 05:05:01] INFO: Starting service health check
[2026-01-03 05:05:01] OK: Service currentmesh-server is healthy
[2026-01-03 05:05:02] WARNING: Service currentmesh-marketing is not in PM2
[2026-01-03 05:05:02] RESTART: Restarting service currentmesh-marketing (attempt 1/3)
[2026-01-03 05:05:13] OK: Service currentmesh-app is healthy
[2026-01-03 05:05:13] OK: Service currentmesh-client is healthy
[2026-01-03 05:05:13] OK: Service currentmesh-admin is healthy
[2026-01-03 05:05:13] WARNING: Found 1 service issue(s)
[2026-01-03 05:10:01] INFO: Starting service health check
[2026-01-03 05:10:02] OK: Service currentmesh-server is healthy
[2026-01-03 05:10:02] WARNING: Service currentmesh-marketing is not in PM2
[2026-01-03 05:10:02] RESTART: Restarting service currentmesh-marketing (attempt 1/3)
[2026-01-03 05:10:13] OK: Service currentmesh-app is healthy
[2026-01-03 05:10:14] OK: Service currentmesh-client is healthy
[2026-01-03 05:10:14] OK: Service currentmesh-admin is healthy
[2026-01-03 05:10:14] WARNING: Found 1 service issue(s)
[2026-01-03 05:15:01] INFO: Starting service health check
[2026-01-03 05:15:02] OK: Service currentmesh-server is healthy
[2026-01-03 05:15:02] WARNING: Service currentmesh-marketing is not in PM2
[2026-01-03 05:15:02] SKIP: Service currentmesh-marketing was restarted 1 seconds ago (cooldown active)
[2026-01-03 05:15:03] OK: Service currentmesh-app is healthy
[2026-01-03 05:15:03] OK: Service currentmesh-client is healthy
[2026-01-03 05:15:04] OK: Service currentmesh-admin is healthy
[2026-01-03 05:15:04] WARNING: Found 1 service issue(s)
[2026-01-03 05:15:05] INFO: Starting service health check
[2026-01-03 05:15:05] OK: Service currentmesh-server is healthy
[2026-01-03 05:15:06] WARNING: Service currentmesh-marketing is not in PM2
[2026-01-03 05:15:06] RESTART: Restarting service currentmesh-marketing (attempt 1/3)
[2026-01-03 05:15:17] OK: Service currentmesh-app is healthy
[2026-01-03 05:15:17] OK: Service currentmesh-client is healthy
[2026-01-03 05:15:18] OK: Service currentmesh-admin is healthy
[2026-01-03 05:15:18] WARNING: Found 1 service issue(s)
[2026-01-03 05:20:01] INFO: Starting service health check
[2026-01-03 05:20:02] OK: Service currentmesh-server is healthy
[2026-01-03 05:20:02] WARNING: Service currentmesh-marketing is not in PM2
[2026-01-03 05:20:02] SKIP: Service currentmesh-marketing was restarted 5 seconds ago (cooldown active)
[2026-01-03 05:20:03] OK: Service currentmesh-app is healthy
[2026-01-03 05:20:03] OK: Service currentmesh-client is healthy
[2026-01-03 05:20:04] OK: Service currentmesh-admin is healthy
[2026-01-03 05:20:04] WARNING: Found 1 service issue(s)
[2026-01-03 05:25:01] INFO: Starting service health check
[2026-01-03 05:25:02] OK: Service currentmesh-server is healthy
[2026-01-03 05:25:02] WARNING: Service currentmesh-marketing is not in PM2
[2026-01-03 05:25:02] RESTART: Restarting service currentmesh-marketing (attempt 1/3)
[2026-01-03 05:25:13] OK: Service currentmesh-app is healthy
[2026-01-03 05:25:13] OK: Service currentmesh-client is healthy
[2026-01-03 05:25:13] OK: Service currentmesh-admin is healthy
[2026-01-03 05:25:13] WARNING: Found 1 service issue(s)
[2026-01-03 05:30:01] INFO: Starting service health check
[2026-01-03 05:30:02] OK: Service currentmesh-server is healthy
[2026-01-03 05:30:03] WARNING: Service currentmesh-marketing is not in PM2
[2026-01-03 05:30:03] RESTART: Restarting service currentmesh-marketing (attempt 1/3)
[2026-01-03 05:30:05] INFO: Starting service health check
[2026-01-03 05:30:06] OK: Service currentmesh-server is healthy
[2026-01-03 05:30:06] WARNING: Service currentmesh-marketing is not in PM2
[2026-01-03 05:30:06] SKIP: Service currentmesh-marketing was restarted 298 seconds ago (cooldown active)
[2026-01-03 05:30:07] OK: Service currentmesh-app is healthy
[2026-01-03 05:30:07] OK: Service currentmesh-client is healthy
[2026-01-03 05:30:07] OK: Service currentmesh-admin is healthy
[2026-01-03 05:30:07] WARNING: Found 1 service issue(s)
[2026-01-03 05:30:14] OK: Service currentmesh-app is healthy
[2026-01-03 05:30:14] OK: Service currentmesh-client is healthy
[2026-01-03 05:30:15] OK: Service currentmesh-admin is healthy
[2026-01-03 05:30:15] WARNING: Found 1 service issue(s)
[2026-01-03 05:35:01] INFO: Starting service health check
[2026-01-03 05:35:01] OK: Service currentmesh-server is healthy
[2026-01-03 05:35:01] WARNING: Service currentmesh-marketing is not in PM2
[2026-01-03 05:35:01] SKIP: Service currentmesh-marketing was restarted 3 seconds ago (cooldown active)
[2026-01-03 05:35:02] OK: Service currentmesh-app is healthy
[2026-01-03 05:35:02] OK: Service currentmesh-client is healthy
[2026-01-03 05:35:02] OK: Service currentmesh-admin is healthy
[2026-01-03 05:35:02] WARNING: Found 1 service issue(s)
[2026-01-03 05:40:01] INFO: Starting service health check
[2026-01-03 05:40:02] OK: Service currentmesh-server is healthy
[2026-01-03 05:40:02] WARNING: Service currentmesh-marketing is not in PM2
[2026-01-03 05:40:02] RESTART: Restarting service currentmesh-marketing (attempt 1/3)
[2026-01-03 05:40:13] OK: Service currentmesh-app is healthy
[2026-01-03 05:40:13] OK: Service currentmesh-client is healthy
[2026-01-03 05:40:14] OK: Service currentmesh-admin is healthy
[2026-01-03 05:40:14] WARNING: Found 1 service issue(s)
[2026-01-03 05:45:01] INFO: Starting service health check
[2026-01-03 05:45:01] OK: Service currentmesh-server is healthy
[2026-01-03 05:45:02] WARNING: Service currentmesh-marketing is not in PM2
[2026-01-03 05:45:02] SKIP: Service currentmesh-marketing was restarted 1 seconds ago (cooldown active)
[2026-01-03 05:45:02] OK: Service currentmesh-app is healthy
[2026-01-03 05:45:03] OK: Service currentmesh-client is healthy
[2026-01-03 05:45:03] OK: Service currentmesh-admin is healthy
[2026-01-03 05:45:03] WARNING: Found 1 service issue(s)
[2026-01-03 05:45:04] INFO: Starting service health check
[2026-01-03 05:45:05] OK: Service currentmesh-server is healthy
[2026-01-03 05:45:06] WARNING: Service currentmesh-marketing is not in PM2
[2026-01-03 05:45:06] RESTART: Restarting service currentmesh-marketing (attempt 1/3)
[2026-01-03 05:45:17] OK: Service currentmesh-app is healthy
[2026-01-03 05:45:17] OK: Service currentmesh-client is healthy
[2026-01-03 05:45:17] OK: Service currentmesh-admin is healthy
[2026-01-03 05:45:17] WARNING: Found 1 service issue(s)
[2026-01-03 05:50:01] INFO: Starting service health check
[2026-01-03 05:50:02] OK: Service currentmesh-server is healthy
[2026-01-03 05:50:02] WARNING: Service currentmesh-marketing is not in PM2
[2026-01-03 05:50:02] SKIP: Service currentmesh-marketing was restarted 4 seconds ago (cooldown active)
[2026-01-03 05:50:02] OK: Service currentmesh-app is healthy
[2026-01-03 05:50:03] OK: Service currentmesh-client is healthy
[2026-01-03 05:50:03] OK: Service currentmesh-admin is healthy
[2026-01-03 05:50:03] WARNING: Found 1 service issue(s)
[2026-01-03 05:55:01] INFO: Starting service health check
[2026-01-03 05:55:01] OK: Service currentmesh-server is healthy
[2026-01-03 05:55:02] WARNING: Service currentmesh-marketing is not in PM2
[2026-01-03 05:55:02] RESTART: Restarting service currentmesh-marketing (attempt 1/3)
[2026-01-03 05:55:13] OK: Service currentmesh-app is healthy
[2026-01-03 05:55:13] OK: Service currentmesh-client is healthy
[2026-01-03 05:55:13] OK: Service currentmesh-admin is healthy
[2026-01-03 05:55:13] WARNING: Found 1 service issue(s)
[2026-01-03 06:00:01] INFO: Starting service health check
[2026-01-03 06:00:02] OK: Service currentmesh-server is healthy
[2026-01-03 06:00:03] WARNING: Service currentmesh-marketing is not in PM2
[2026-01-03 06:00:03] RESTART: Restarting service currentmesh-marketing (attempt 1/3)
[2026-01-03 06:00:06] INFO: Starting service health check
[2026-01-03 06:00:07] OK: Service currentmesh-server is healthy
[2026-01-03 06:00:07] WARNING: Service currentmesh-marketing is not in PM2
[2026-01-03 06:00:07] SKIP: Service currentmesh-marketing was restarted 297 seconds ago (cooldown active)
[2026-01-03 06:00:08] OK: Service currentmesh-app is healthy
[2026-01-03 06:00:08] OK: Service currentmesh-client is healthy
[2026-01-03 06:00:08] OK: Service currentmesh-admin is healthy
[2026-01-03 06:00:08] WARNING: Found 1 service issue(s)
[2026-01-03 06:00:15] OK: Service currentmesh-app is healthy
[2026-01-03 06:00:15] OK: Service currentmesh-client is healthy
[2026-01-03 06:00:15] OK: Service currentmesh-admin is healthy
[2026-01-03 06:00:15] WARNING: Found 1 service issue(s)
[2026-01-03 06:05:01] INFO: Starting service health check
[2026-01-03 06:05:02] OK: Service currentmesh-server is healthy
[2026-01-03 06:05:03] WARNING: Service currentmesh-marketing is not in PM2
[2026-01-03 06:05:03] SKIP: Service currentmesh-marketing was restarted 1 seconds ago (cooldown active)
[2026-01-03 06:05:03] OK: Service currentmesh-app is healthy
[2026-01-03 06:05:03] OK: Service currentmesh-client is healthy
[2026-01-03 06:05:04] OK: Service currentmesh-admin is healthy
[2026-01-03 06:05:04] WARNING: Found 1 service issue(s)
[2026-01-03 06:10:01] INFO: Starting service health check
[2026-01-03 06:10:01] OK: Service currentmesh-server is healthy
[2026-01-03 06:10:02] WARNING: Service currentmesh-marketing is not in PM2
[2026-01-03 06:10:02] RESTART: Restarting service currentmesh-marketing (attempt 1/3)
[2026-01-03 06:10:12] OK: Service currentmesh-app is healthy
[2026-01-03 06:10:13] OK: Service currentmesh-client is healthy
[2026-01-03 06:10:13] OK: Service currentmesh-admin is healthy
[2026-01-03 06:10:13] WARNING: Found 1 service issue(s)
[2026-01-03 06:15:01] INFO: Starting service health check
[2026-01-03 06:15:02] OK: Service currentmesh-server is healthy
[2026-01-03 06:15:03] WARNING: Service currentmesh-marketing is not in PM2
[2026-01-03 06:15:03] RESTART: Restarting service currentmesh-marketing (attempt 1/3)
[2026-01-03 06:15:04] INFO: Starting service health check
[2026-01-03 06:15:05] OK: Service currentmesh-server is healthy
[2026-01-03 06:15:05] WARNING: Service currentmesh-marketing is not in PM2
[2026-01-03 06:15:05] SKIP: Service currentmesh-marketing was restarted 298 seconds ago (cooldown active)
[2026-01-03 06:15:05] OK: Service currentmesh-app is healthy
[2026-01-03 06:15:06] OK: Service currentmesh-client is healthy
[2026-01-03 06:15:06] OK: Service currentmesh-admin is healthy
[2026-01-03 06:15:06] WARNING: Found 1 service issue(s)
[2026-01-03 06:15:14] OK: Service currentmesh-app is healthy
[2026-01-03 06:15:14] OK: Service currentmesh-client is healthy
[2026-01-03 06:15:15] OK: Service currentmesh-admin is healthy
[2026-01-03 06:15:15] WARNING: Found 1 service issue(s)
[2026-01-03 06:20:01] INFO: Starting service health check
[2026-01-03 06:20:01] OK: Service currentmesh-server is healthy
[2026-01-03 06:20:02] WARNING: Service currentmesh-marketing is not in PM2
[2026-01-03 06:20:02] SKIP: Service currentmesh-marketing was restarted 1 seconds ago (cooldown active)
[2026-01-03 06:20:02] OK: Service currentmesh-app is healthy
[2026-01-03 06:20:03] OK: Service currentmesh-client is healthy
[2026-01-03 06:20:03] OK: Service currentmesh-admin is healthy
[2026-01-03 06:20:03] WARNING: Found 1 service issue(s)
[2026-01-03 06:25:01] INFO: Starting service health check
[2026-01-03 06:25:01] OK: Service currentmesh-server is healthy
[2026-01-03 06:25:02] WARNING: Service currentmesh-marketing is not in PM2
[2026-01-03 06:25:02] RESTART: Restarting service currentmesh-marketing (attempt 1/3)
[2026-01-03 06:25:13] OK: Service currentmesh-app is healthy
[2026-01-03 06:25:13] OK: Service currentmesh-client is healthy
[2026-01-03 06:25:13] OK: Service currentmesh-admin is healthy
[2026-01-03 06:25:13] WARNING: Found 1 service issue(s)
[2026-01-03 06:30:01] INFO: Starting service health check
[2026-01-03 06:30:02] OK: Service currentmesh-server is healthy
[2026-01-03 06:30:02] WARNING: Service currentmesh-marketing is not in PM2
[2026-01-03 06:30:02] RESTART: Restarting service currentmesh-marketing (attempt 1/3)
[2026-01-03 06:30:04] INFO: Starting service health check
[2026-01-03 06:30:04] OK: Service currentmesh-server is healthy
[2026-01-03 06:30:04] WARNING: Service currentmesh-marketing is not in PM2
[2026-01-03 06:30:04] SKIP: Service currentmesh-marketing was restarted 299 seconds ago (cooldown active)
[2026-01-03 06:30:05] OK: Service currentmesh-app is healthy
[2026-01-03 06:30:05] OK: Service currentmesh-client is healthy
[2026-01-03 06:30:05] OK: Service currentmesh-admin is healthy
[2026-01-03 06:30:05] WARNING: Found 1 service issue(s)
[2026-01-03 06:30:13] OK: Service currentmesh-app is healthy
[2026-01-03 06:30:14] OK: Service currentmesh-client is healthy
[2026-01-03 06:30:14] OK: Service currentmesh-admin is healthy
[2026-01-03 06:30:14] WARNING: Found 1 service issue(s)
[2026-01-03 06:35:01] INFO: Starting service health check
[2026-01-03 06:35:01] OK: Service currentmesh-server is healthy
[2026-01-03 06:35:01] WARNING: Service currentmesh-marketing is not in PM2
[2026-01-03 06:35:01] SKIP: Service currentmesh-marketing was restarted 2 seconds ago (cooldown active)
[2026-01-03 06:35:02] OK: Service currentmesh-app is healthy
[2026-01-03 06:35:02] OK: Service currentmesh-client is healthy
[2026-01-03 06:35:02] OK: Service currentmesh-admin is healthy
[2026-01-03 06:35:02] WARNING: Found 1 service issue(s)
[2026-01-03 06:40:01] INFO: Starting service health check
[2026-01-03 06:40:02] OK: Service currentmesh-server is healthy
[2026-01-03 06:40:02] WARNING: Service currentmesh-marketing is not in PM2
[2026-01-03 06:40:02] RESTART: Restarting service currentmesh-marketing (attempt 1/3)
[2026-01-03 06:40:13] OK: Service currentmesh-app is healthy
[2026-01-03 06:40:13] OK: Service currentmesh-client is healthy
[2026-01-03 06:40:13] OK: Service currentmesh-admin is healthy
[2026-01-03 06:40:13] WARNING: Found 1 service issue(s)
[2026-01-03 06:45:01] INFO: Starting service health check
[2026-01-03 06:45:02] OK: Service currentmesh-server is healthy
[2026-01-03 06:45:02] WARNING: Service currentmesh-marketing is not in PM2
[2026-01-03 06:45:02] SKIP: Service currentmesh-marketing was restarted 1 seconds ago (cooldown active)
[2026-01-03 06:45:02] OK: Service currentmesh-app is healthy
[2026-01-03 06:45:03] OK: Service currentmesh-client is healthy
[2026-01-03 06:45:03] OK: Service currentmesh-admin is healthy
[2026-01-03 06:45:03] WARNING: Found 1 service issue(s)
[2026-01-03 06:45:03] INFO: Starting service health check
[2026-01-03 06:45:04] OK: Service currentmesh-server is healthy
[2026-01-03 06:45:04] WARNING: Service currentmesh-marketing is not in PM2
[2026-01-03 06:45:04] RESTART: Restarting service currentmesh-marketing (attempt 1/3)
[2026-01-03 06:45:15] OK: Service currentmesh-app is healthy
[2026-01-03 06:45:15] OK: Service currentmesh-client is healthy
[2026-01-03 06:45:15] OK: Service currentmesh-admin is healthy
[2026-01-03 06:45:15] WARNING: Found 1 service issue(s)
[2026-01-03 06:50:01] INFO: Starting service health check
[2026-01-03 06:50:02] OK: Service currentmesh-server is healthy
[2026-01-03 06:50:02] WARNING: Service currentmesh-marketing is not in PM2
[2026-01-03 06:50:02] SKIP: Service currentmesh-marketing was restarted 2 seconds ago (cooldown active)
[2026-01-03 06:50:02] OK: Service currentmesh-app is healthy
[2026-01-03 06:50:03] OK: Service currentmesh-client is healthy
[2026-01-03 06:50:03] OK: Service currentmesh-admin is healthy
[2026-01-03 06:50:03] WARNING: Found 1 service issue(s)
[2026-01-03 06:55:01] INFO: Starting service health check
[2026-01-03 06:55:01] OK: Service currentmesh-server is healthy
[2026-01-03 06:55:01] WARNING: Service currentmesh-marketing is not in PM2
[2026-01-03 06:55:01] RESTART: Restarting service currentmesh-marketing (attempt 1/3)
[2026-01-03 06:55:12] OK: Service currentmesh-app is healthy
[2026-01-03 06:55:12] OK: Service currentmesh-client is healthy
[2026-01-03 06:55:13] OK: Service currentmesh-admin is healthy
[2026-01-03 06:55:13] WARNING: Found 1 service issue(s)
[2026-01-03 07:00:01] INFO: Starting service health check
[2026-01-03 07:00:01] OK: Service currentmesh-server is healthy
[2026-01-03 07:00:02] WARNING: Service currentmesh-marketing is not in PM2
[2026-01-03 07:00:02] RESTART: Restarting service currentmesh-marketing (attempt 1/3)
[2026-01-03 07:00:03] INFO: Starting service health check
[2026-01-03 07:00:04] OK: Service currentmesh-server is healthy
[2026-01-03 07:00:04] WARNING: Service currentmesh-marketing is not in PM2
[2026-01-03 07:00:04] SKIP: Service currentmesh-marketing was restarted 299 seconds ago (cooldown active)
[2026-01-03 07:00:04] OK: Service currentmesh-app is healthy
[2026-01-03 07:00:04] OK: Service currentmesh-client is healthy
[2026-01-03 07:00:05] OK: Service currentmesh-admin is healthy
[2026-01-03 07:00:05] WARNING: Found 1 service issue(s)
[2026-01-03 07:00:13] OK: Service currentmesh-app is healthy
[2026-01-03 07:00:13] OK: Service currentmesh-client is healthy
[2026-01-03 07:00:13] OK: Service currentmesh-admin is healthy
[2026-01-03 07:00:13] WARNING: Found 1 service issue(s)
[2026-01-03 07:05:01] INFO: Starting service health check
[2026-01-03 07:05:02] OK: Service currentmesh-server is healthy
[2026-01-03 07:05:02] WARNING: Service currentmesh-marketing is not in PM2
[2026-01-03 07:05:02] SKIP: Service currentmesh-marketing was restarted 1 seconds ago (cooldown active)
[2026-01-03 07:05:02] OK: Service currentmesh-app is healthy
[2026-01-03 07:05:03] OK: Service currentmesh-client is healthy
[2026-01-03 07:05:03] OK: Service currentmesh-admin is healthy
[2026-01-03 07:05:03] WARNING: Found 1 service issue(s)
[2026-01-03 07:10:01] INFO: Starting service health check
[2026-01-03 07:10:01] OK: Service currentmesh-server is healthy
[2026-01-03 07:10:02] WARNING: Service currentmesh-marketing is not in PM2
[2026-01-03 07:10:02] RESTART: Restarting service currentmesh-marketing (attempt 1/3)
[2026-01-03 07:10:12] OK: Service currentmesh-app is healthy
[2026-01-03 07:10:13] OK: Service currentmesh-client is healthy
[2026-01-03 07:10:13] OK: Service currentmesh-admin is healthy
[2026-01-03 07:10:13] WARNING: Found 1 service issue(s)
[2026-01-03 07:15:01] INFO: Starting service health check
[2026-01-03 07:15:01] OK: Service currentmesh-server is healthy
[2026-01-03 07:15:02] WARNING: Service currentmesh-marketing is not in PM2
[2026-01-03 07:15:02] RESTART: Restarting service currentmesh-marketing (attempt 2/3)
[2026-01-03 07:15:03] INFO: Starting service health check
[2026-01-03 07:15:04] OK: Service currentmesh-server is healthy
[2026-01-03 07:15:04] WARNING: Service currentmesh-marketing is not in PM2
[2026-01-03 07:15:04] SKIP: Service currentmesh-marketing was restarted 298 seconds ago (cooldown active)
[2026-01-03 07:15:05] OK: Service currentmesh-app is healthy
[2026-01-03 07:15:05] OK: Service currentmesh-client is healthy
[2026-01-03 07:15:05] OK: Service currentmesh-admin is healthy
[2026-01-03 07:15:05] WARNING: Found 1 service issue(s)
[2026-01-03 07:15:13] OK: Service currentmesh-app is healthy
[2026-01-03 07:15:13] OK: Service currentmesh-client is healthy
[2026-01-03 07:15:13] OK: Service currentmesh-admin is healthy
[2026-01-03 07:15:13] WARNING: Found 1 service issue(s)
[2026-01-03 07:20:01] INFO: Starting service health check
[2026-01-03 07:20:01] OK: Service currentmesh-server is healthy
[2026-01-03 07:20:02] WARNING: Service currentmesh-marketing is not in PM2
[2026-01-03 07:20:02] RESTART: Restarting service currentmesh-marketing (attempt 3/3)
[2026-01-03 07:20:12] OK: Service currentmesh-app is healthy
[2026-01-03 07:20:13] OK: Service currentmesh-client is healthy
[2026-01-03 07:20:13] OK: Service currentmesh-admin is healthy
[2026-01-03 07:20:13] WARNING: Found 1 service issue(s)
[2026-01-03 07:25:01] INFO: Starting service health check
[2026-01-03 07:25:01] OK: Service currentmesh-server is healthy
[2026-01-03 07:25:01] WARNING: Service currentmesh-marketing is not in PM2
[2026-01-03 07:25:01] SKIP: Service currentmesh-marketing was restarted 1 seconds ago (cooldown active)
[2026-01-03 07:25:02] OK: Service currentmesh-app is healthy
[2026-01-03 07:25:02] OK: Service currentmesh-client is healthy
[2026-01-03 07:25:02] OK: Service currentmesh-admin is healthy
[2026-01-03 07:25:02] WARNING: Found 1 service issue(s)
[2026-01-03 07:30:01] INFO: Starting service health check
[2026-01-03 07:30:03] OK: Service currentmesh-server is healthy
[2026-01-03 07:30:04] WARNING: Service currentmesh-marketing is not in PM2
[2026-01-03 07:30:04] RESTART: Restarting service currentmesh-marketing (attempt 1/3)
[2026-01-03 07:30:11] INFO: Starting service health check
[2026-01-03 07:30:12] OK: Service currentmesh-server is healthy
[2026-01-03 07:30:12] WARNING: Service currentmesh-marketing is not in PM2
[2026-01-03 07:30:12] SKIP: Service currentmesh-marketing was restarted 298 seconds ago (cooldown active)
[2026-01-03 07:30:13] OK: Service currentmesh-app is healthy
[2026-01-03 07:30:13] OK: Service currentmesh-client is healthy
[2026-01-03 07:30:14] OK: Service currentmesh-admin is healthy
[2026-01-03 07:30:14] WARNING: Found 1 service issue(s)
[2026-01-03 07:30:20] OK: Service currentmesh-app is healthy
[2026-01-03 07:30:20] OK: Service currentmesh-client is healthy
[2026-01-03 07:30:21] OK: Service currentmesh-admin is healthy
[2026-01-03 07:30:21] WARNING: Found 1 service issue(s)
[2026-01-03 07:35:01] INFO: Starting service health check
[2026-01-03 07:35:02] OK: Service currentmesh-server is healthy
[2026-01-03 07:35:03] WARNING: Service currentmesh-marketing status is launching
[2026-01-03 07:35:03] SKIP: Service currentmesh-marketing was restarted 7 seconds ago (cooldown active)
[2026-01-03 07:35:04] OK: Service currentmesh-app is healthy
[2026-01-03 07:35:05] OK: Service currentmesh-client is healthy
[2026-01-03 07:35:05] OK: Service currentmesh-admin is healthy
[2026-01-03 07:35:05] WARNING: Found 1 service issue(s)
