2026-01-02T06:39:17: [ERROR] 2026-01-02T06:39:17.364Z - Port 3000 is already in use
2026-01-02T06:40:00: [ERROR] 2026-01-02T06:40:00.816Z - Port 3000 is already in use
2026-01-02T06:40:44: [ERROR] 2026-01-02T06:40:44.140Z - Port 3000 is already in use
2026-01-02T06:40:54: [ERROR] 2026-01-02T06:40:54.614Z - Port 3000 is already in use
2026-01-02T07:24:03: ValidationError: The Express 'trust proxy' setting is true, which allows anyone to trivially bypass IP-based rate limiting. See https://express-rate-limit.github.io/ERR_ERL_PERMISSIVE_TRUST_PROXY/ for more information.
2026-01-02T07:24:03:     at Object.trustProxy (file:///var/www/currentmesh/server/node_modules/express-rate-limit/dist/index.mjs:319:13)
2026-01-02T07:24:03:     at wrappedValidations.<computed> [as trustProxy] (file:///var/www/currentmesh/server/node_modules/express-rate-limit/dist/index.mjs:651:22)
2026-01-02T07:24:03:     at Object.keyGenerator (file:///var/www/currentmesh/server/node_modules/express-rate-limit/dist/index.mjs:753:20)
2026-01-02T07:24:03:     at file:///var/www/currentmesh/server/node_modules/express-rate-limit/dist/index.mjs:815:32
2026-01-02T07:24:03:     at process.processTicksAndRejections (node:internal/process/task_queues:95:5)
2026-01-02T07:24:03:     at async file:///var/www/currentmesh/server/node_modules/express-rate-limit/dist/index.mjs:796:5 {
2026-01-02T07:24:03:   code: 'ERR_ERL_PERMISSIVE_TRUST_PROXY',
2026-01-02T07:24:03:   help: 'https://express-rate-limit.github.io/ERR_ERL_PERMISSIVE_TRUST_PROXY/'
2026-01-02T07:24:03: }
2026-01-02T07:27:39: [ERROR] 2026-01-02T07:27:39.316Z - Port 3000 is already in use
2026-01-02T07:37:49: ValidationError: The Express 'trust proxy' setting is true, which allows anyone to trivially bypass IP-based rate limiting. See https://express-rate-limit.github.io/ERR_ERL_PERMISSIVE_TRUST_PROXY/ for more information.
2026-01-02T07:37:49:     at Object.trustProxy (file:///var/www/currentmesh/server/node_modules/express-rate-limit/dist/index.mjs:319:13)
2026-01-02T07:37:49:     at wrappedValidations.<computed> [as trustProxy] (file:///var/www/currentmesh/server/node_modules/express-rate-limit/dist/index.mjs:651:22)
2026-01-02T07:37:49:     at Object.keyGenerator (file:///var/www/currentmesh/server/node_modules/express-rate-limit/dist/index.mjs:753:20)
2026-01-02T07:37:49:     at file:///var/www/currentmesh/server/node_modules/express-rate-limit/dist/index.mjs:815:32
2026-01-02T07:37:49:     at process.processTicksAndRejections (node:internal/process/task_queues:95:5)
2026-01-02T07:37:49:     at async file:///var/www/currentmesh/server/node_modules/express-rate-limit/dist/index.mjs:796:5 {
2026-01-02T07:37:49:   code: 'ERR_ERL_PERMISSIVE_TRUST_PROXY',
2026-01-02T07:37:49:   help: 'https://express-rate-limit.github.io/ERR_ERL_PERMISSIVE_TRUST_PROXY/'
2026-01-02T07:37:49: }
2026-01-02T08:00:06: [WARN] 2026-01-02T08:00:06.582Z - Sentry webhook received without issue data {
2026-01-02T08:00:06:   action: 'triggered',
2026-01-02T08:00:06:   eventType: undefined,
2026-01-02T08:00:06:   bodyKeys: [ 'action', 'installation', 'data', 'actor' ]
2026-01-02T08:00:06: }
2026-01-02T08:10:43: [ERROR] 2026-01-02T08:10:43.068Z - Port 3000 is already in use
2026-01-02T08:11:33: [ERROR] 2026-01-02T08:11:33.531Z - Port 3000 is already in use
2026-01-02T08:12:17: [ERROR] 2026-01-02T08:12:17.895Z - Port 3000 is already in use
2026-01-02T08:13:01: [ERROR] 2026-01-02T08:13:01.043Z - Port 3000 is already in use
2026-01-02T08:13:49: [ERROR] 2026-01-02T08:13:49.729Z - Port 3000 is already in use
2026-01-02T08:19:40: [ERROR] 2026-01-02T08:19:40.203Z - Port 3000 is already in use
2026-01-02T08:35:09: ValidationError: The Express 'trust proxy' setting is true, which allows anyone to trivially bypass IP-based rate limiting. See https://express-rate-limit.github.io/ERR_ERL_PERMISSIVE_TRUST_PROXY/ for more information.
2026-01-02T08:35:09:     at Object.trustProxy (file:///var/www/currentmesh/server/node_modules/express-rate-limit/dist/index.mjs:319:13)
2026-01-02T08:35:09:     at wrappedValidations.<computed> [as trustProxy] (file:///var/www/currentmesh/server/node_modules/express-rate-limit/dist/index.mjs:651:22)
2026-01-02T08:35:09:     at Object.keyGenerator (file:///var/www/currentmesh/server/node_modules/express-rate-limit/dist/index.mjs:753:20)
2026-01-02T08:35:09:     at file:///var/www/currentmesh/server/node_modules/express-rate-limit/dist/index.mjs:815:32
2026-01-02T08:35:09:     at process.processTicksAndRejections (node:internal/process/task_queues:95:5)
2026-01-02T08:35:09:     at async file:///var/www/currentmesh/server/node_modules/express-rate-limit/dist/index.mjs:796:5 {
2026-01-02T08:35:09:   code: 'ERR_ERL_PERMISSIVE_TRUST_PROXY',
2026-01-02T08:35:09:   help: 'https://express-rate-limit.github.io/ERR_ERL_PERMISSIVE_TRUST_PROXY/'
2026-01-02T08:35:09: }
2026-01-02T08:35:09: [WARN] 2026-01-02T08:35:09.498Z - Sentry webhook received without issue data {
2026-01-02T08:35:09:   action: 'created',
2026-01-02T08:35:09:   eventType: undefined,
2026-01-02T08:35:09:   bodyKeys: [ 'action', 'installation', 'data', 'actor' ]
2026-01-02T08:35:09: }
2026-01-02T08:35:10: [WARN] 2026-01-02T08:35:10.283Z - Sentry webhook received without issue data {
2026-01-02T08:35:10:   action: 'triggered',
2026-01-02T08:35:10:   eventType: undefined,
2026-01-02T08:35:10:   bodyKeys: [ 'action', 'installation', 'data', 'actor' ]
2026-01-02T08:35:10: }
2026-01-02T08:37:41: [WARN] 2026-01-02T08:37:41.581Z - Sentry webhook received without issue data {
2026-01-02T08:37:41:   action: 'created',
2026-01-02T08:37:41:   eventType: undefined,
2026-01-02T08:37:41:   bodyKeys: [ 'action', 'installation', 'data', 'actor' ]
2026-01-02T08:37:41: }
2026-01-02T08:37:42: [WARN] 2026-01-02T08:37:42.990Z - Sentry webhook received without issue data {
2026-01-02T08:37:42:   action: 'triggered',
2026-01-02T08:37:42:   eventType: undefined,
2026-01-02T08:37:42:   bodyKeys: [ 'action', 'installation', 'data', 'actor' ]
2026-01-02T08:37:42: }
2026-01-02T08:38:38: [WARN] 2026-01-02T08:38:38.633Z - Sentry webhook received without issue data {
2026-01-02T08:38:38:   action: 'created',
2026-01-02T08:38:38:   eventType: undefined,
2026-01-02T08:38:38:   bodyKeys: [ 'action', 'installation', 'data', 'actor' ]
2026-01-02T08:38:38: }
2026-01-02T09:00:37: [ERROR] 2026-01-02T09:00:37.818Z - Port 3000 is already in use
2026-01-02T09:00:47: [ERROR] 2026-01-02T09:00:47.172Z - Port 3000 is already in use
2026-01-02T09:01:32: [ERROR] 2026-01-02T09:01:32.519Z - Port 3000 is already in use
2026-01-02T09:02:15: [ERROR] 2026-01-02T09:02:15.688Z - Port 3000 is already in use
2026-01-02T09:02:58: [ERROR] 2026-01-02T09:02:58.679Z - Port 3000 is already in use
2026-01-02T09:03:41: [ERROR] 2026-01-02T09:03:41.606Z - Port 3000 is already in use
2026-01-02T09:04:24: [ERROR] 2026-01-02T09:04:24.529Z - Port 3000 is already in use
2026-01-02T09:05:11: [ERROR] 2026-01-02T09:05:11.399Z - Port 3000 is already in use
2026-01-02T09:05:28: [ERROR] 2026-01-02T09:05:28.435Z - Port 3000 is already in use
2026-01-02T09:06:11: [ERROR] 2026-01-02T09:06:11.939Z - Port 3000 is already in use
2026-01-02T09:06:55: [ERROR] 2026-01-02T09:06:55.234Z - Port 3000 is already in use
2026-01-02T09:07:38: [ERROR] 2026-01-02T09:07:38.019Z - Port 3000 is already in use
2026-01-02T09:08:20: [ERROR] 2026-01-02T09:08:20.910Z - Port 3000 is already in use
2026-01-02T09:09:03: [ERROR] 2026-01-02T09:09:03.938Z - Port 3000 is already in use
2026-01-02T09:09:46: [ERROR] 2026-01-02T09:09:46.977Z - Port 3000 is already in use
2026-01-02T09:10:20: [ERROR] 2026-01-02T09:10:20.096Z - Port 3000 is already in use
2026-01-02T09:11:06: [ERROR] 2026-01-02T09:11:06.565Z - Port 3000 is already in use
2026-01-02T09:11:49: [ERROR] 2026-01-02T09:11:49.720Z - Port 3000 is already in use
2026-01-02T09:12:32: [ERROR] 2026-01-02T09:12:32.974Z - Port 3000 is already in use
2026-01-02T09:13:16: [ERROR] 2026-01-02T09:13:16.248Z - Port 3000 is already in use
2026-01-02T09:13:59: [ERROR] 2026-01-02T09:13:59.852Z - Port 3000 is already in use
2026-01-02T09:14:42: [ERROR] 2026-01-02T09:14:42.924Z - Port 3000 is already in use
2026-01-02T09:39:58: [ERROR] 2026-01-02T09:39:58.689Z - Port 3000 is already in use
2026-01-02T09:40:42: [ERROR] 2026-01-02T09:40:42.097Z - Port 3000 is already in use
2026-01-02T09:41:25: [ERROR] 2026-01-02T09:41:25.413Z - Port 3000 is already in use
2026-01-02T09:42:09: [ERROR] 2026-01-02T09:42:09.245Z - Port 3000 is already in use
2026-01-02T09:42:52: [ERROR] 2026-01-02T09:42:52.533Z - Port 3000 is already in use
2026-01-02T09:43:35: [ERROR] 2026-01-02T09:43:35.736Z - Port 3000 is already in use
2026-01-02T09:44:18: [ERROR] 2026-01-02T09:44:18.836Z - Port 3000 is already in use
2026-01-02T09:45:01: [ERROR] 2026-01-02T09:45:01.716Z - Port 3000 is already in use
2026-01-02T09:45:44: [ERROR] 2026-01-02T09:45:44.631Z - Port 3000 is already in use
2026-01-02T09:46:27: [ERROR] 2026-01-02T09:46:27.898Z - Port 3000 is already in use
2026-01-02T09:47:11: [ERROR] 2026-01-02T09:47:11.280Z - Port 3000 is already in use
2026-01-02T09:47:54: [ERROR] 2026-01-02T09:47:54.455Z - Port 3000 is already in use
2026-01-02T09:48:37: [ERROR] 2026-01-02T09:48:37.788Z - Port 3000 is already in use
2026-01-02T09:49:20: [ERROR] 2026-01-02T09:49:20.766Z - Port 3000 is already in use
2026-01-02T09:50:05: [ERROR] 2026-01-02T09:50:05.300Z - Port 3000 is already in use
2026-01-02T09:50:48: [ERROR] 2026-01-02T09:50:48.104Z - Port 3000 is already in use
2026-01-02T09:51:31: [ERROR] 2026-01-02T09:51:31.373Z - Port 3000 is already in use
2026-01-02T09:52:14: [ERROR] 2026-01-02T09:52:14.689Z - Port 3000 is already in use
2026-01-02T09:52:57: [ERROR] 2026-01-02T09:52:57.692Z - Port 3000 is already in use
2026-01-02T09:53:40: [ERROR] 2026-01-02T09:53:40.632Z - Port 3000 is already in use
2026-01-02T09:54:23: [ERROR] 2026-01-02T09:54:23.608Z - Port 3000 is already in use
2026-01-02T09:55:06: [ERROR] 2026-01-02T09:55:06.653Z - Port 3000 is already in use
2026-01-02T09:55:49: [ERROR] 2026-01-02T09:55:49.692Z - Port 3000 is already in use
2026-01-02T09:56:32: [ERROR] 2026-01-02T09:56:32.630Z - Port 3000 is already in use
2026-01-02T09:57:15: [ERROR] 2026-01-02T09:57:15.517Z - Port 3000 is already in use
2026-01-02T09:57:58: [ERROR] 2026-01-02T09:57:58.550Z - Port 3000 is already in use
2026-01-02T09:58:41: [ERROR] 2026-01-02T09:58:41.644Z - Port 3000 is already in use
2026-01-02T09:59:24: [ERROR] 2026-01-02T09:59:24.422Z - Port 3000 is already in use
