2026-01-03T02:00:02: [INFO] 2026-01-03T02:00:02.420Z - HTTP Request {
2026-01-03T02:00:02:   requestId: '1767405602412-c1e97a6r5',
2026-01-03T02:00:02:   method: 'GET',
2026-01-03T02:00:02:   path: '/',
2026-01-03T02:00:02:   status: 200,
2026-01-03T02:00:02:   duration: '7ms',
2026-01-03T02:00:02:   ip: '127.0.0.1'
2026-01-03T02:00:02: }
2026-01-03T02:00:04: [INFO] 2026-01-03T02:00:04.976Z - HTTP Request {
2026-01-03T02:00:04:   requestId: '1767405604972-73pfws1gv',
2026-01-03T02:00:04:   method: 'GET',
2026-01-03T02:00:04:   path: '/',
2026-01-03T02:00:04:   status: 200,
2026-01-03T02:00:04:   duration: '4ms',
2026-01-03T02:00:04:   ip: '127.0.0.1'
2026-01-03T02:00:04: }
2026-01-03T02:02:28: [INFO] 2026-01-03T02:02:28.507Z - HTTP Request {
2026-01-03T02:02:28:   requestId: '1767405748506-f1mktpdfo',
2026-01-03T02:02:28:   method: 'GET',
2026-01-03T02:02:28:   path: '/api-docs.json',
2026-01-03T02:02:28:   status: 404,
2026-01-03T02:02:28:   duration: '1ms',
2026-01-03T02:02:28:   ip: '45.148.10.87'
2026-01-03T02:02:28: }
2026-01-03T02:02:31: [INFO] 2026-01-03T02:02:31.137Z - HTTP Request {
2026-01-03T02:02:31:   requestId: '1767405751136-syf52oyfb',
2026-01-03T02:02:31:   method: 'GET',
2026-01-03T02:02:31:   path: '/api-docs.json',
2026-01-03T02:02:31:   status: 404,
2026-01-03T02:02:31:   duration: '1ms',
2026-01-03T02:02:31:   ip: '45.148.10.87'
2026-01-03T02:02:31: }
2026-01-03T02:05:02: [INFO] 2026-01-03T02:05:02.496Z - HTTP Request {
2026-01-03T02:05:02:   requestId: '1767405902478-1uoo1b295',
2026-01-03T02:05:02:   method: 'GET',
2026-01-03T02:05:02:   path: '/',
2026-01-03T02:05:02:   status: 200,
2026-01-03T02:05:02:   duration: '16ms',
2026-01-03T02:05:02:   ip: '127.0.0.1'
2026-01-03T02:05:02: }
2026-01-03T02:06:43: [INFO] 2026-01-03T02:06:43.733Z - HTTP Request {
2026-01-03T02:06:43:   requestId: '1767406003731-ex58sfxve',
2026-01-03T02:06:43:   method: 'GET',
2026-01-03T02:06:43:   path: '/api-docs.json',
2026-01-03T02:06:43:   status: 404,
2026-01-03T02:06:43:   duration: '2ms',
2026-01-03T02:06:43:   ip: '45.148.10.87'
2026-01-03T02:06:43: }
2026-01-03T02:06:46: [INFO] 2026-01-03T02:06:46.338Z - HTTP Request {
2026-01-03T02:06:46:   requestId: '1767406006336-9mt8pjujx',
2026-01-03T02:06:46:   method: 'GET',
2026-01-03T02:06:46:   path: '/api-docs.json',
2026-01-03T02:06:46:   status: 404,
2026-01-03T02:06:46:   duration: '2ms',
2026-01-03T02:06:46:   ip: '45.148.10.87'
2026-01-03T02:06:46: }
2026-01-03T02:10:02: [INFO] 2026-01-03T02:10:02.841Z - HTTP Request {
2026-01-03T02:10:02:   requestId: '1767406202711-mn2mtenuv',
2026-01-03T02:10:02:   method: 'GET',
2026-01-03T02:10:02:   path: '/',
2026-01-03T02:10:02:   status: 200,
2026-01-03T02:10:02:   duration: '116ms',
2026-01-03T02:10:02:   ip: '127.0.0.1'
2026-01-03T02:10:02: }
2026-01-03T02:10:57: [dotenv@17.2.3] injecting env (10) from .env.local -- tip: ⚙️  specify custom .env file path with { path: '/custom/path/.env' }
2026-01-03T02:10:58: [INFO] 2026-01-03T02:10:58.288Z - Environment validation passed
2026-01-03T02:10:59: [INFO] 2026-01-03T02:10:59.057Z - Database connected: 2026-01-03T02:10:59.035Z
2026-01-03T02:10:59: [INFO] 2026-01-03T02:10:59.059Z - Database connected successfully
2026-01-03T02:10:59: [INFO] 2026-01-03T02:10:59.094Z - Found 5 migration files
2026-01-03T02:10:59: [INFO] 2026-01-03T02:10:59.158Z - ⏭️  Skipping 001_create_organizations.sql (already executed)
2026-01-03T02:10:59: [INFO] 2026-01-03T02:10:59.182Z - ⏭️  Skipping 001_create_sentry_errors_table.sql (already executed)
2026-01-03T02:10:59: [INFO] 2026-01-03T02:10:59.207Z - ⏭️  Skipping 002_create_users.sql (already executed)
2026-01-03T02:10:59: [INFO] 2026-01-03T02:10:59.233Z - ⏭️  Skipping 003_create_core_tables.sql (already executed)
2026-01-03T02:10:59: [INFO] 2026-01-03T02:10:59.259Z - ⏭️  Skipping 004_create_auth_tables.sql (already executed)
2026-01-03T02:10:59: [INFO] 2026-01-03T02:10:59.260Z - ✅ All migrations completed
2026-01-03T02:10:59: [INFO] 2026-01-03T02:10:59.260Z - Migrations completed
2026-01-03T02:10:59: [INFO] 2026-01-03T02:10:59.268Z - 🚀 Server running on port 3000
2026-01-03T02:10:59: [INFO] 2026-01-03T02:10:59.269Z - 📊 Environment: development
2026-01-03T02:10:59: [INFO] 2026-01-03T02:10:59.269Z - 🔗 API: http://localhost:3000/api
2026-01-03T02:10:59: [INFO] 2026-01-03T02:10:59.270Z - 🔗 Sentry Webhook: http://localhost:3000/api/sentry/webhook
2026-01-03T02:10:59: [INFO] 2026-01-03T02:10:59.270Z - 🔗 Agent Errors: http://localhost:3000/api/agent/errors
2026-01-03T02:10:59: [INFO] 2026-01-03T02:10:59.564Z - HTTP Request {
2026-01-03T02:10:59:   requestId: '1767406259537-f0t9q7263',
2026-01-03T02:10:59:   method: 'GET',
2026-01-03T02:10:59:   path: '/api-docs.json',
2026-01-03T02:10:59:   status: 404,
2026-01-03T02:10:59:   duration: '18ms',
2026-01-03T02:10:59:   ip: '45.148.10.87'
2026-01-03T02:10:59: }
2026-01-03T02:11:02: [INFO] 2026-01-03T02:11:02.062Z - HTTP Request {
2026-01-03T02:11:02:   requestId: '1767406262057-pn3tzlqbx',
2026-01-03T02:11:02:   method: 'GET',
2026-01-03T02:11:02:   path: '/api-docs.json',
2026-01-03T02:11:02:   status: 404,
2026-01-03T02:11:02:   duration: '5ms',
2026-01-03T02:11:02:   ip: '45.148.10.87'
2026-01-03T02:11:02: }
2026-01-03T02:15:02: [INFO] 2026-01-03T02:15:02.344Z - HTTP Request {
2026-01-03T02:15:02:   requestId: '1767406502280-6qmtr3to6',
2026-01-03T02:15:02:   method: 'GET',
2026-01-03T02:15:02:   path: '/',
2026-01-03T02:15:02:   status: 200,
2026-01-03T02:15:02:   duration: '62ms',
2026-01-03T02:15:02:   ip: '127.0.0.1'
2026-01-03T02:15:02: }
2026-01-03T02:15:05: [INFO] 2026-01-03T02:15:05.740Z - HTTP Request {
2026-01-03T02:15:05:   requestId: '1767406505737-7is6mdq5h',
2026-01-03T02:15:05:   method: 'GET',
2026-01-03T02:15:05:   path: '/',
2026-01-03T02:15:05:   status: 200,
2026-01-03T02:15:05:   duration: '3ms',
2026-01-03T02:15:05:   ip: '127.0.0.1'
2026-01-03T02:15:05: }
2026-01-03T02:15:14: [INFO] 2026-01-03T02:15:14.813Z - HTTP Request {
2026-01-03T02:15:14:   requestId: '1767406514810-ahlr5tnzq',
2026-01-03T02:15:14:   method: 'GET',
2026-01-03T02:15:14:   path: '/api-docs.json',
2026-01-03T02:15:14:   status: 404,
2026-01-03T02:15:14:   duration: '3ms',
2026-01-03T02:15:14:   ip: '45.148.10.87'
2026-01-03T02:15:14: }
2026-01-03T02:15:17: [INFO] 2026-01-03T02:15:17.465Z - HTTP Request {
2026-01-03T02:15:17:   requestId: '1767406517464-jbwo4brvj',
2026-01-03T02:15:17:   method: 'GET',
2026-01-03T02:15:17:   path: '/api-docs.json',
2026-01-03T02:15:17:   status: 404,
2026-01-03T02:15:17:   duration: '1ms',
2026-01-03T02:15:17:   ip: '45.148.10.87'
2026-01-03T02:15:17: }
2026-01-03T02:19:34: [INFO] 2026-01-03T02:19:34.730Z - HTTP Request {
2026-01-03T02:19:34:   requestId: '1767406774687-l315neo9i',
2026-01-03T02:19:34:   method: 'GET',
2026-01-03T02:19:34:   path: '/api-docs.json',
2026-01-03T02:19:34:   status: 404,
2026-01-03T02:19:34:   duration: '40ms',
2026-01-03T02:19:34:   ip: '45.148.10.87'
2026-01-03T02:19:34: }
2026-01-03T02:19:37: [INFO] 2026-01-03T02:19:37.495Z - HTTP Request {
2026-01-03T02:19:37:   requestId: '1767406777272-yw29hc6gv',
2026-01-03T02:19:37:   method: 'GET',
2026-01-03T02:19:37:   path: '/api-docs.json',
2026-01-03T02:19:37:   status: 404,
2026-01-03T02:19:37:   duration: '212ms',
2026-01-03T02:19:37:   ip: '45.148.10.87'
2026-01-03T02:19:37: }
2026-01-03T02:20:18: [INFO] 2026-01-03T02:20:18.641Z - HTTP Request {
2026-01-03T02:20:18:   requestId: '1767406818570-32kdsqf1s',
2026-01-03T02:20:18:   method: 'GET',
2026-01-03T02:20:18:   path: '/',
2026-01-03T02:20:18:   status: 200,
2026-01-03T02:20:18:   duration: '71ms',
2026-01-03T02:20:18:   ip: '127.0.0.1'
2026-01-03T02:20:18: }
2026-01-03T02:23:50: [INFO] 2026-01-03T02:23:50.847Z - HTTP Request {
2026-01-03T02:23:50:   requestId: '1767407030843-bencdpexl',
2026-01-03T02:23:50:   method: 'GET',
2026-01-03T02:23:50:   path: '/api-docs.json',
2026-01-03T02:23:50:   status: 404,
2026-01-03T02:23:50:   duration: '4ms',
2026-01-03T02:23:50:   ip: '45.148.10.87'
2026-01-03T02:23:50: }
2026-01-03T02:23:53: [INFO] 2026-01-03T02:23:53.467Z - HTTP Request {
2026-01-03T02:23:53:   requestId: '1767407033457-l430x1683',
2026-01-03T02:23:53:   method: 'GET',
2026-01-03T02:23:53:   path: '/api-docs.json',
2026-01-03T02:23:53:   status: 404,
2026-01-03T02:23:53:   duration: '10ms',
2026-01-03T02:23:53:   ip: '45.148.10.87'
2026-01-03T02:23:53: }
2026-01-03T02:25:02: [INFO] 2026-01-03T02:25:02.074Z - HTTP Request {
2026-01-03T02:25:02:   requestId: '1767407102073-m39gv0jcn',
2026-01-03T02:25:02:   method: 'GET',
2026-01-03T02:25:02:   path: '/',
2026-01-03T02:25:02:   status: 200,
2026-01-03T02:25:02:   duration: '1ms',
2026-01-03T02:25:02:   ip: '127.0.0.1'
2026-01-03T02:25:02: }
2026-01-03T02:28:08: [INFO] 2026-01-03T02:28:08.571Z - HTTP Request {
2026-01-03T02:28:08:   requestId: '1767407288531-ijnd4wu0n',
2026-01-03T02:28:08:   method: 'GET',
2026-01-03T02:28:08:   path: '/api-docs.json',
2026-01-03T02:28:08:   status: 404,
2026-01-03T02:28:08:   duration: '37ms',
2026-01-03T02:28:08:   ip: '45.148.10.87'
2026-01-03T02:28:08: }
2026-01-03T02:28:10: [INFO] 2026-01-03T02:28:10.619Z - HTTP Request {
2026-01-03T02:28:10:   requestId: '1767407290614-lwm4y5msi',
2026-01-03T02:28:10:   method: 'GET',
2026-01-03T02:28:10:   path: '/api-docs.json',
2026-01-03T02:28:10:   status: 404,
2026-01-03T02:28:10:   duration: '5ms',
2026-01-03T02:28:10:   ip: '45.148.10.87'
2026-01-03T02:28:10: }
2026-01-03T02:30:06: [INFO] 2026-01-03T02:30:06.692Z - HTTP Request {
2026-01-03T02:30:06:   requestId: '1767407406605-kyka8s195',
2026-01-03T02:30:06:   method: 'GET',
2026-01-03T02:30:06:   path: '/',
2026-01-03T02:30:06:   status: 200,
2026-01-03T02:30:06:   duration: '77ms',
2026-01-03T02:30:06:   ip: '127.0.0.1'
2026-01-03T02:30:06: }
2026-01-03T02:30:15: [INFO] 2026-01-03T02:30:15.424Z - HTTP Request {
2026-01-03T02:30:15:   requestId: '1767407415416-nz7s932tx',
2026-01-03T02:30:15:   method: 'GET',
2026-01-03T02:30:15:   path: '/',
2026-01-03T02:30:15:   status: 200,
2026-01-03T02:30:15:   duration: '8ms',
2026-01-03T02:30:15:   ip: '127.0.0.1'
2026-01-03T02:30:15: }
2026-01-03T02:32:28: [INFO] 2026-01-03T02:32:28.648Z - HTTP Request {
2026-01-03T02:32:28:   requestId: '1767407548601-73ox27xb5',
2026-01-03T02:32:28:   method: 'GET',
2026-01-03T02:32:28:   path: '/api-docs.json',
2026-01-03T02:32:28:   status: 404,
2026-01-03T02:32:28:   duration: '45ms',
2026-01-03T02:32:28:   ip: '45.148.10.87'
2026-01-03T02:32:28: }
2026-01-03T02:32:30: [INFO] 2026-01-03T02:32:30.711Z - HTTP Request {
2026-01-03T02:32:30:   requestId: '1767407550708-rcx8mfwft',
2026-01-03T02:32:30:   method: 'GET',
2026-01-03T02:32:30:   path: '/api-docs.json',
2026-01-03T02:32:30:   status: 404,
2026-01-03T02:32:30:   duration: '3ms',
2026-01-03T02:32:30:   ip: '45.148.10.87'
2026-01-03T02:32:30: }
2026-01-03T02:35:04: [INFO] 2026-01-03T02:35:04.011Z - HTTP Request {
2026-01-03T02:35:04:   requestId: '1767407703944-7fwkcapin',
2026-01-03T02:35:04:   method: 'GET',
2026-01-03T02:35:04:   path: '/',
2026-01-03T02:35:04:   status: 200,
2026-01-03T02:35:04:   duration: '59ms',
2026-01-03T02:35:04:   ip: '127.0.0.1'
2026-01-03T02:35:04: }
2026-01-03T02:36:49: [INFO] 2026-01-03T02:36:49.526Z - HTTP Request {
2026-01-03T02:36:49:   requestId: '1767407809486-cddm18xxv',
2026-01-03T02:36:49:   method: 'GET',
2026-01-03T02:36:49:   path: '/api-docs.json',
2026-01-03T02:36:49:   status: 404,
2026-01-03T02:36:49:   duration: '38ms',
2026-01-03T02:36:49:   ip: '45.148.10.87'
2026-01-03T02:36:49: }
2026-01-03T02:36:51: [INFO] 2026-01-03T02:36:51.555Z - HTTP Request {
2026-01-03T02:36:51:   requestId: '1767407811547-oio4l8y03',
2026-01-03T02:36:51:   method: 'GET',
2026-01-03T02:36:51:   path: '/api-docs.json',
2026-01-03T02:36:51:   status: 404,
2026-01-03T02:36:51:   duration: '8ms',
2026-01-03T02:36:51:   ip: '45.148.10.87'
2026-01-03T02:36:51: }
2026-01-03T02:40:02: [INFO] 2026-01-03T02:40:02.977Z - HTTP Request {
2026-01-03T02:40:02:   requestId: '1767408002907-t26nbpk68',
2026-01-03T02:40:02:   method: 'GET',
2026-01-03T02:40:02:   path: '/',
2026-01-03T02:40:02:   status: 200,
2026-01-03T02:40:02:   duration: '65ms',
2026-01-03T02:40:02:   ip: '127.0.0.1'
2026-01-03T02:40:02: }
2026-01-03T02:41:10: [INFO] 2026-01-03T02:41:10.047Z - HTTP Request {
2026-01-03T02:41:10:   requestId: '1767408070005-o1ztcmp27',
2026-01-03T02:41:10:   method: 'GET',
2026-01-03T02:41:10:   path: '/api-docs.json',
2026-01-03T02:41:10:   status: 404,
2026-01-03T02:41:10:   duration: '40ms',
2026-01-03T02:41:10:   ip: '45.148.10.87'
2026-01-03T02:41:10: }
2026-01-03T02:41:12: [INFO] 2026-01-03T02:41:12.037Z - HTTP Request {
2026-01-03T02:41:12:   requestId: '1767408072029-xyrmdrzr6',
2026-01-03T02:41:12:   method: 'GET',
2026-01-03T02:41:12:   path: '/api-docs.json',
2026-01-03T02:41:12:   status: 404,
2026-01-03T02:41:12:   duration: '8ms',
2026-01-03T02:41:12:   ip: '45.148.10.87'
2026-01-03T02:41:12: }
2026-01-03T02:45:02: [INFO] 2026-01-03T02:45:02.525Z - HTTP Request {
2026-01-03T02:45:02:   requestId: '1767408302464-ofdnvggo0',
2026-01-03T02:45:02:   method: 'GET',
2026-01-03T02:45:02:   path: '/',
2026-01-03T02:45:02:   status: 200,
2026-01-03T02:45:02:   duration: '58ms',
2026-01-03T02:45:02:   ip: '127.0.0.1'
2026-01-03T02:45:02: }
2026-01-03T02:45:05: [INFO] 2026-01-03T02:45:05.881Z - HTTP Request {
2026-01-03T02:45:05:   requestId: '1767408305847-86oao00g7',
2026-01-03T02:45:05:   method: 'GET',
2026-01-03T02:45:05:   path: '/',
2026-01-03T02:45:05:   status: 200,
2026-01-03T02:45:05:   duration: '34ms',
2026-01-03T02:45:05:   ip: '127.0.0.1'
2026-01-03T02:45:05: }
2026-01-03T02:45:09: [INFO] 2026-01-03T02:45:09.147Z - HTTP Request {
2026-01-03T02:45:09:   requestId: '1767408309128-ag6997qv2',
2026-01-03T02:45:09:   method: 'GET',
2026-01-03T02:45:09:   path: '/api-docs.json',
2026-01-03T02:45:09:   status: 404,
2026-01-03T02:45:09:   duration: '19ms',
2026-01-03T02:45:09:   ip: '45.148.10.87'
2026-01-03T02:45:09: }
2026-01-03T02:45:11: [INFO] 2026-01-03T02:45:11.635Z - HTTP Request {
2026-01-03T02:45:11:   requestId: '1767408311617-frwd2rkks',
2026-01-03T02:45:11:   method: 'GET',
2026-01-03T02:45:11:   path: '/api-docs.json',
2026-01-03T02:45:11:   status: 404,
2026-01-03T02:45:11:   duration: '18ms',
2026-01-03T02:45:11:   ip: '45.148.10.87'
2026-01-03T02:45:11: }
2026-01-03T02:49:26: [INFO] 2026-01-03T02:49:26.755Z - HTTP Request {
2026-01-03T02:49:26:   requestId: '1767408566733-dbcd8kb3s',
2026-01-03T02:49:26:   method: 'GET',
2026-01-03T02:49:26:   path: '/api-docs.json',
2026-01-03T02:49:26:   status: 404,
2026-01-03T02:49:26:   duration: '20ms',
2026-01-03T02:49:26:   ip: '45.148.10.87'
2026-01-03T02:49:26: }
2026-01-03T02:49:28: [INFO] 2026-01-03T02:49:28.992Z - HTTP Request {
2026-01-03T02:49:28:   requestId: '1767408568988-sh7d5es53',
2026-01-03T02:49:28:   method: 'GET',
2026-01-03T02:49:28:   path: '/api-docs.json',
2026-01-03T02:49:28:   status: 404,
2026-01-03T02:49:28:   duration: '3ms',
2026-01-03T02:49:28:   ip: '45.148.10.87'
2026-01-03T02:49:28: }
2026-01-03T02:50:02: [INFO] 2026-01-03T02:50:02.837Z - HTTP Request {
2026-01-03T02:50:02:   requestId: '1767408602824-8gvkgsokb',
2026-01-03T02:50:02:   method: 'GET',
2026-01-03T02:50:02:   path: '/',
2026-01-03T02:50:02:   status: 200,
2026-01-03T02:50:02:   duration: '13ms',
2026-01-03T02:50:02:   ip: '127.0.0.1'
2026-01-03T02:50:02: }
2026-01-03T02:53:41: [INFO] 2026-01-03T02:53:41.057Z - HTTP Request {
2026-01-03T02:53:41:   requestId: '1767408821056-k0mfq8arw',
2026-01-03T02:53:41:   method: 'GET',
2026-01-03T02:53:41:   path: '/api-docs.json',
2026-01-03T02:53:41:   status: 404,
2026-01-03T02:53:41:   duration: '1ms',
2026-01-03T02:53:41:   ip: '45.148.10.87'
2026-01-03T02:53:41: }
2026-01-03T02:53:43: [INFO] 2026-01-03T02:53:43.657Z - HTTP Request {
2026-01-03T02:53:43:   requestId: '1767408823656-17ajvw03a',
2026-01-03T02:53:43:   method: 'GET',
2026-01-03T02:53:43:   path: '/api-docs.json',
2026-01-03T02:53:43:   status: 404,
2026-01-03T02:53:43:   duration: '1ms',
2026-01-03T02:53:43:   ip: '45.148.10.87'
2026-01-03T02:53:43: }
2026-01-03T02:53:58: ValidationError: The Express 'trust proxy' setting is true, which allows anyone to trivially bypass IP-based rate limiting. See https://express-rate-limit.github.io/ERR_ERL_PERMISSIVE_TRUST_PROXY/ for more information.
2026-01-03T02:53:58:     at Object.trustProxy (file:///var/www/currentmesh/server/node_modules/express-rate-limit/dist/index.mjs:319:13)
2026-01-03T02:53:58:     at wrappedValidations.<computed> [as trustProxy] (file:///var/www/currentmesh/server/node_modules/express-rate-limit/dist/index.mjs:651:22)
2026-01-03T02:53:58:     at Object.keyGenerator (file:///var/www/currentmesh/server/node_modules/express-rate-limit/dist/index.mjs:753:20)
2026-01-03T02:53:58:     at file:///var/www/currentmesh/server/node_modules/express-rate-limit/dist/index.mjs:815:32
2026-01-03T02:53:58:     at process.processTicksAndRejections (node:internal/process/task_queues:95:5)
2026-01-03T02:53:58:     at async file:///var/www/currentmesh/server/node_modules/express-rate-limit/dist/index.mjs:796:5 {
2026-01-03T02:53:58:   code: 'ERR_ERL_PERMISSIVE_TRUST_PROXY',
2026-01-03T02:53:58:   help: 'https://express-rate-limit.github.io/ERR_ERL_PERMISSIVE_TRUST_PROXY/'
2026-01-03T02:53:58: }
2026-01-03T02:53:58: [INFO] 2026-01-03T02:53:58.399Z - HTTP Request {
2026-01-03T02:53:58:   requestId: '1767408838309-3fsrzz50j',
2026-01-03T02:53:58:   method: 'GET',
2026-01-03T02:53:58:   path: '/api/.env',
2026-01-03T02:53:58:   status: 404,
2026-01-03T02:53:58:   duration: '86ms',
2026-01-03T02:53:58:   ip: '78.153.140.179'
2026-01-03T02:53:58: }
2026-01-03T02:55:03: [INFO] 2026-01-03T02:55:03.256Z - HTTP Request {
2026-01-03T02:55:03:   requestId: '1767408903191-6nja425wz',
2026-01-03T02:55:03:   method: 'GET',
2026-01-03T02:55:03:   path: '/',
2026-01-03T02:55:03:   status: 200,
2026-01-03T02:55:03:   duration: '62ms',
2026-01-03T02:55:03:   ip: '127.0.0.1'
2026-01-03T02:55:03: }
2026-01-03T02:58:00: [INFO] 2026-01-03T02:58:00.633Z - HTTP Request {
2026-01-03T02:58:00:   requestId: '1767409080552-cg4krj80l',
2026-01-03T02:58:00:   method: 'GET',
2026-01-03T02:58:00:   path: '/api-docs.json',
2026-01-03T02:58:00:   status: 404,
2026-01-03T02:58:00:   duration: '79ms',
2026-01-03T02:58:00:   ip: '45.148.10.87'
2026-01-03T02:58:00: }
2026-01-03T02:58:02: [INFO] 2026-01-03T02:58:02.781Z - HTTP Request {
2026-01-03T02:58:02:   requestId: '1767409082780-vb5p9qoyn',
2026-01-03T02:58:02:   method: 'GET',
2026-01-03T02:58:02:   path: '/api-docs.json',
2026-01-03T02:58:02:   status: 404,
2026-01-03T02:58:02:   duration: '1ms',
2026-01-03T02:58:02:   ip: '45.148.10.87'
2026-01-03T02:58:02: }
2026-01-03T03:00:03: [INFO] 2026-01-03T03:00:03.076Z - HTTP Request {
2026-01-03T03:00:03:   requestId: '1767409203073-x6s0s9nti',
2026-01-03T03:00:03:   method: 'GET',
2026-01-03T03:00:03:   path: '/',
2026-01-03T03:00:03:   status: 200,
2026-01-03T03:00:03:   duration: '3ms',
2026-01-03T03:00:03:   ip: '127.0.0.1'
2026-01-03T03:00:03: }
2026-01-03T03:00:07: [INFO] 2026-01-03T03:00:07.429Z - HTTP Request {
2026-01-03T03:00:07:   requestId: '1767409207424-g9mw10yc7',
2026-01-03T03:00:07:   method: 'GET',
2026-01-03T03:00:07:   path: '/',
2026-01-03T03:00:07:   status: 200,
2026-01-03T03:00:07:   duration: '1ms',
2026-01-03T03:00:07:   ip: '127.0.0.1'
2026-01-03T03:00:07: }
2026-01-03T03:02:18: [INFO] 2026-01-03T03:02:18.629Z - HTTP Request {
2026-01-03T03:02:18:   requestId: '1767409338621-u3ocn4rz9',
2026-01-03T03:02:18:   method: 'GET',
2026-01-03T03:02:18:   path: '/api-docs.json',
2026-01-03T03:02:18:   status: 404,
2026-01-03T03:02:18:   duration: '8ms',
2026-01-03T03:02:18:   ip: '45.148.10.87'
2026-01-03T03:02:18: }
2026-01-03T03:02:21: [INFO] 2026-01-03T03:02:21.084Z - HTTP Request {
2026-01-03T03:02:21:   requestId: '1767409341083-t1w6pk3hx',
2026-01-03T03:02:21:   method: 'GET',
2026-01-03T03:02:21:   path: '/api-docs.json',
2026-01-03T03:02:21:   status: 404,
2026-01-03T03:02:21:   duration: '1ms',
2026-01-03T03:02:21:   ip: '45.148.10.87'
2026-01-03T03:02:21: }
2026-01-03T03:05:02: [INFO] 2026-01-03T03:05:02.761Z - HTTP Request {
2026-01-03T03:05:02:   requestId: '1767409502705-nx28zskm9',
2026-01-03T03:05:02:   method: 'GET',
2026-01-03T03:05:02:   path: '/',
2026-01-03T03:05:02:   status: 200,
2026-01-03T03:05:02:   duration: '54ms',
2026-01-03T03:05:02:   ip: '127.0.0.1'
2026-01-03T03:05:02: }
2026-01-03T03:06:38: [INFO] 2026-01-03T03:06:38.382Z - HTTP Request {
2026-01-03T03:06:38:   requestId: '1767409598380-oepox93qd',
2026-01-03T03:06:38:   method: 'GET',
2026-01-03T03:06:38:   path: '/api-docs.json',
2026-01-03T03:06:38:   status: 404,
2026-01-03T03:06:38:   duration: '2ms',
2026-01-03T03:06:38:   ip: '45.148.10.87'
2026-01-03T03:06:38: }
2026-01-03T03:06:40: [INFO] 2026-01-03T03:06:40.946Z - HTTP Request {
2026-01-03T03:06:40:   requestId: '1767409600944-6nvsk1cij',
2026-01-03T03:06:40:   method: 'GET',
2026-01-03T03:06:40:   path: '/api-docs.json',
2026-01-03T03:06:40:   status: 404,
2026-01-03T03:06:40:   duration: '2ms',
2026-01-03T03:06:40:   ip: '45.148.10.87'
2026-01-03T03:06:40: }
2026-01-03T03:10:02: [INFO] 2026-01-03T03:10:02.932Z - HTTP Request {
2026-01-03T03:10:02:   requestId: '1767409802930-kbreypewc',
2026-01-03T03:10:02:   method: 'GET',
2026-01-03T03:10:02:   path: '/',
2026-01-03T03:10:02:   status: 200,
2026-01-03T03:10:02:   duration: '2ms',
2026-01-03T03:10:02:   ip: '127.0.0.1'
2026-01-03T03:10:02: }
2026-01-03T03:10:47: [INFO] 2026-01-03T03:10:47.191Z - HTTP Request {
2026-01-03T03:10:47:   requestId: '1767409847190-yswkd0rog',
2026-01-03T03:10:47:   method: 'GET',
2026-01-03T03:10:47:   path: '/api-docs.json',
2026-01-03T03:10:47:   status: 404,
2026-01-03T03:10:47:   duration: '1ms',
2026-01-03T03:10:47:   ip: '45.148.10.87'
2026-01-03T03:10:47: }
2026-01-03T03:10:49: [INFO] 2026-01-03T03:10:49.834Z - HTTP Request {
2026-01-03T03:10:49:   requestId: '1767409849832-11iqqsy3p',
2026-01-03T03:10:49:   method: 'GET',
2026-01-03T03:10:49:   path: '/api-docs.json',
2026-01-03T03:10:49:   status: 404,
2026-01-03T03:10:49:   duration: '2ms',
2026-01-03T03:10:49:   ip: '45.148.10.87'
2026-01-03T03:10:49: }
2026-01-03T03:15:03: [INFO] 2026-01-03T03:15:03.185Z - HTTP Request {
2026-01-03T03:15:03:   requestId: '1767410103124-6x87nqf8t',
2026-01-03T03:15:03:   method: 'GET',
2026-01-03T03:15:03:   path: '/',
2026-01-03T03:15:03:   status: 200,
2026-01-03T03:15:03:   duration: '56ms',
2026-01-03T03:15:03:   ip: '127.0.0.1'
2026-01-03T03:15:03: }
2026-01-03T03:15:05: [INFO] 2026-01-03T03:15:05.756Z - HTTP Request {
2026-01-03T03:15:05:   requestId: '1767410105742-g9jbe7p4h',
2026-01-03T03:15:05:   method: 'GET',
2026-01-03T03:15:05:   path: '/',
2026-01-03T03:15:05:   status: 200,
2026-01-03T03:15:05:   duration: '14ms',
2026-01-03T03:15:05:   ip: '127.0.0.1'
2026-01-03T03:15:05: }
2026-01-03T03:15:23: [INFO] 2026-01-03T03:15:23.228Z - HTTP Request {
2026-01-03T03:15:23:   requestId: '1767410123225-qe2476vwz',
2026-01-03T03:15:23:   method: 'GET',
2026-01-03T03:15:23:   path: '/api-docs.json',
2026-01-03T03:15:23:   status: 404,
2026-01-03T03:15:23:   duration: '3ms',
2026-01-03T03:15:23:   ip: '45.148.10.87'
2026-01-03T03:15:23: }
2026-01-03T03:15:25: [INFO] 2026-01-03T03:15:25.655Z - HTTP Request {
2026-01-03T03:15:25:   requestId: '1767410125654-z17ylckyv',
2026-01-03T03:15:25:   method: 'GET',
2026-01-03T03:15:25:   path: '/api-docs.json',
2026-01-03T03:15:25:   status: 404,
2026-01-03T03:15:25:   duration: '1ms',
2026-01-03T03:15:25:   ip: '45.148.10.87'
2026-01-03T03:15:25: }
2026-01-03T03:19:20: [INFO] 2026-01-03T03:19:20.294Z - HTTP Request {
2026-01-03T03:19:20:   requestId: '1767410360285-yshhmncc3',
2026-01-03T03:19:20:   method: 'GET',
2026-01-03T03:19:20:   path: '/api-docs.json',
2026-01-03T03:19:20:   status: 404,
2026-01-03T03:19:20:   duration: '9ms',
2026-01-03T03:19:20:   ip: '45.148.10.87'
2026-01-03T03:19:20: }
2026-01-03T03:19:22: [INFO] 2026-01-03T03:19:22.908Z - HTTP Request {
2026-01-03T03:19:22:   requestId: '1767410362900-huzkkoho2',
2026-01-03T03:19:22:   method: 'GET',
2026-01-03T03:19:22:   path: '/api-docs.json',
2026-01-03T03:19:22:   status: 404,
2026-01-03T03:19:22:   duration: '8ms',
2026-01-03T03:19:22:   ip: '45.148.10.87'
2026-01-03T03:19:22: }
2026-01-03T03:20:01: [INFO] 2026-01-03T03:20:01.786Z - HTTP Request {
2026-01-03T03:20:01:   requestId: '1767410401783-7vsxj8qy2',
2026-01-03T03:20:01:   method: 'GET',
2026-01-03T03:20:01:   path: '/',
2026-01-03T03:20:01:   status: 200,
2026-01-03T03:20:01:   duration: '3ms',
2026-01-03T03:20:01:   ip: '127.0.0.1'
2026-01-03T03:20:01: }
2026-01-03T03:23:42: [INFO] 2026-01-03T03:23:42.315Z - HTTP Request {
2026-01-03T03:23:42:   requestId: '1767410622312-t04qzpzb5',
2026-01-03T03:23:42:   method: 'GET',
2026-01-03T03:23:42:   path: '/api-docs.json',
2026-01-03T03:23:42:   status: 404,
2026-01-03T03:23:42:   duration: '3ms',
2026-01-03T03:23:42:   ip: '45.148.10.87'
2026-01-03T03:23:42: }
2026-01-03T03:23:44: [INFO] 2026-01-03T03:23:44.930Z - HTTP Request {
2026-01-03T03:23:44:   requestId: '1767410624929-szsbck42x',
2026-01-03T03:23:44:   method: 'GET',
2026-01-03T03:23:44:   path: '/api-docs.json',
2026-01-03T03:23:44:   status: 404,
2026-01-03T03:23:44:   duration: '1ms',
2026-01-03T03:23:44:   ip: '45.148.10.87'
2026-01-03T03:23:44: }
2026-01-03T03:24:30: [INFO] 2026-01-03T03:24:30.485Z - HTTP Request {
2026-01-03T03:24:30:   requestId: '1767410670484-n8h34q9jo',
2026-01-03T03:24:30:   method: 'GET',
2026-01-03T03:24:30:   path: '/',
2026-01-03T03:24:30:   status: 200,
2026-01-03T03:24:30:   duration: '1ms',
2026-01-03T03:24:30:   ip: '136.110.45.28'
2026-01-03T03:24:30: }
2026-01-03T03:24:31: [INFO] 2026-01-03T03:24:31.044Z - HTTP Request {
2026-01-03T03:24:31:   requestId: '1767410671043-wp212hwb8',
2026-01-03T03:24:31:   method: 'GET',
2026-01-03T03:24:31:   path: '/wordpress/',
2026-01-03T03:24:31:   status: 404,
2026-01-03T03:24:31:   duration: '1ms',
2026-01-03T03:24:31:   ip: '136.110.45.28'
2026-01-03T03:24:31: }
2026-01-03T03:25:01: [INFO] 2026-01-03T03:25:01.987Z - HTTP Request {
2026-01-03T03:25:01:   requestId: '1767410701979-tcj5nmepm',
2026-01-03T03:25:01:   method: 'GET',
2026-01-03T03:25:01:   path: '/',
2026-01-03T03:25:01:   status: 200,
2026-01-03T03:25:01:   duration: '8ms',
2026-01-03T03:25:01:   ip: '127.0.0.1'
2026-01-03T03:25:01: }
2026-01-03T03:28:00: [INFO] 2026-01-03T03:28:00.780Z - HTTP Request {
2026-01-03T03:28:00:   requestId: '1767410880779-mls1497oj',
2026-01-03T03:28:00:   method: 'GET',
2026-01-03T03:28:00:   path: '/api-docs.json',
2026-01-03T03:28:00:   status: 404,
2026-01-03T03:28:00:   duration: '1ms',
2026-01-03T03:28:00:   ip: '45.148.10.87'
2026-01-03T03:28:00: }
2026-01-03T03:28:03: [INFO] 2026-01-03T03:28:03.404Z - HTTP Request {
2026-01-03T03:28:03:   requestId: '1767410883404-2gy5nvibz',
2026-01-03T03:28:03:   method: 'GET',
2026-01-03T03:28:03:   path: '/api-docs.json',
2026-01-03T03:28:03:   status: 404,
2026-01-03T03:28:03:   duration: '0ms',
2026-01-03T03:28:03:   ip: '45.148.10.87'
2026-01-03T03:28:03: }
2026-01-03T03:30:02: [INFO] 2026-01-03T03:30:02.439Z - HTTP Request {
2026-01-03T03:30:02:   requestId: '1767411002438-nu1v4cqv6',
2026-01-03T03:30:02:   method: 'GET',
2026-01-03T03:30:02:   path: '/',
2026-01-03T03:30:02:   status: 200,
2026-01-03T03:30:02:   duration: '1ms',
2026-01-03T03:30:02:   ip: '127.0.0.1'
2026-01-03T03:30:02: }
2026-01-03T03:30:05: [INFO] 2026-01-03T03:30:05.454Z - HTTP Request {
2026-01-03T03:30:05:   requestId: '1767411005453-y13oh1gif',
2026-01-03T03:30:05:   method: 'GET',
2026-01-03T03:30:05:   path: '/',
2026-01-03T03:30:05:   status: 200,
2026-01-03T03:30:05:   duration: '1ms',
2026-01-03T03:30:05:   ip: '127.0.0.1'
2026-01-03T03:30:05: }
2026-01-03T03:32:11: [INFO] 2026-01-03T03:32:11.292Z - HTTP Request {
2026-01-03T03:32:11:   requestId: '1767411131291-m39lbrcon',
2026-01-03T03:32:11:   method: 'GET',
2026-01-03T03:32:11:   path: '/api-docs.json',
2026-01-03T03:32:11:   status: 404,
2026-01-03T03:32:11:   duration: '1ms',
2026-01-03T03:32:11:   ip: '45.148.10.87'
2026-01-03T03:32:11: }
2026-01-03T03:32:13: [INFO] 2026-01-03T03:32:13.906Z - HTTP Request {
2026-01-03T03:32:13:   requestId: '1767411133905-k22q4lmel',
2026-01-03T03:32:13:   method: 'GET',
2026-01-03T03:32:13:   path: '/api-docs.json',
2026-01-03T03:32:13:   status: 404,
2026-01-03T03:32:13:   duration: '1ms',
2026-01-03T03:32:13:   ip: '45.148.10.87'
2026-01-03T03:32:13: }
2026-01-03T03:35:02: [INFO] 2026-01-03T03:35:02.117Z - HTTP Request {
2026-01-03T03:35:02:   requestId: '1767411302115-xh5yw9qn1',
2026-01-03T03:35:02:   method: 'GET',
2026-01-03T03:35:02:   path: '/',
2026-01-03T03:35:02:   status: 200,
2026-01-03T03:35:02:   duration: '2ms',
2026-01-03T03:35:02:   ip: '127.0.0.1'
2026-01-03T03:35:02: }
2026-01-03T03:36:16: [INFO] 2026-01-03T03:36:16.474Z - HTTP Request {
2026-01-03T03:36:16:   requestId: '1767411376473-8g8nbracp',
2026-01-03T03:36:16:   method: 'GET',
2026-01-03T03:36:16:   path: '/api-docs.json',
2026-01-03T03:36:16:   status: 404,
2026-01-03T03:36:16:   duration: '1ms',
2026-01-03T03:36:16:   ip: '45.148.10.87'
2026-01-03T03:36:16: }
2026-01-03T03:36:19: [INFO] 2026-01-03T03:36:19.057Z - HTTP Request {
2026-01-03T03:36:19:   requestId: '1767411379056-yd4wq6u12',
2026-01-03T03:36:19:   method: 'GET',
2026-01-03T03:36:19:   path: '/api-docs.json',
2026-01-03T03:36:19:   status: 404,
2026-01-03T03:36:19:   duration: '1ms',
2026-01-03T03:36:19:   ip: '45.148.10.87'
2026-01-03T03:36:19: }
2026-01-03T03:40:03: [INFO] 2026-01-03T03:40:03.251Z - HTTP Request {
2026-01-03T03:40:03:   requestId: '1767411603195-hdk7859nm',
2026-01-03T03:40:03:   method: 'GET',
2026-01-03T03:40:03:   path: '/',
2026-01-03T03:40:03:   status: 200,
2026-01-03T03:40:03:   duration: '52ms',
2026-01-03T03:40:03:   ip: '127.0.0.1'
2026-01-03T03:40:03: }
2026-01-03T03:40:42: [INFO] 2026-01-03T03:40:42.519Z - Sentry webhook received {
2026-01-03T03:40:42:   action: 'created',
2026-01-03T03:40:42:   eventType: 'unknown',
2026-01-03T03:40:42:   hasIssue: false,
2026-01-03T03:40:42:   hasData: true
2026-01-03T03:40:42: }
2026-01-03T03:40:42: [WARN] 2026-01-03T03:40:42.521Z - Sentry webhook received without issue data {
2026-01-03T03:40:42:   action: 'created',
2026-01-03T03:40:42:   eventType: undefined,
2026-01-03T03:40:42:   bodyKeys: [ 'action', 'installation', 'data', 'actor' ]
2026-01-03T03:40:42: }
2026-01-03T03:40:43: [INFO] 2026-01-03T03:40:43.658Z - Sentry error received and stored {
2026-01-03T03:40:43:   sentry_id: 'unknown-1767411642524',
2026-01-03T03:40:43:   title: 'Unknown Error',
2026-01-03T03:40:43:   level: 'error'
2026-01-03T03:40:43: }
2026-01-03T03:40:43: [INFO] 2026-01-03T03:40:43.663Z - HTTP Request {
2026-01-03T03:40:43:   requestId: '1767411642513-gciiav98f',
2026-01-03T03:40:43:   method: 'POST',
2026-01-03T03:40:43:   path: '/sentry/webhook',
2026-01-03T03:40:43:   status: 200,
2026-01-03T03:40:43:   duration: '1150ms',
2026-01-03T03:40:43:   ip: '130.211.230.102'
2026-01-03T03:40:43: }
2026-01-03T03:41:01: [INFO] 2026-01-03T03:41:01.889Z - HTTP Request {
2026-01-03T03:41:01:   requestId: '1767411661854-k6joudzlv',
2026-01-03T03:41:01:   method: 'GET',
2026-01-03T03:41:01:   path: '/api-docs.json',
2026-01-03T03:41:01:   status: 404,
2026-01-03T03:41:01:   duration: '33ms',
2026-01-03T03:41:01:   ip: '45.148.10.87'
2026-01-03T03:41:01: }
2026-01-03T03:41:03: [INFO] 2026-01-03T03:41:03.804Z - HTTP Request {
2026-01-03T03:41:03:   requestId: '1767411663803-gzi98rnpd',
2026-01-03T03:41:03:   method: 'GET',
2026-01-03T03:41:03:   path: '/api-docs.json',
2026-01-03T03:41:03:   status: 404,
2026-01-03T03:41:03:   duration: '1ms',
2026-01-03T03:41:03:   ip: '45.148.10.87'
2026-01-03T03:41:03: }
2026-01-03T03:41:21: [INFO] 2026-01-03T03:41:21.108Z - HTTP Request {
2026-01-03T03:41:21:   requestId: '1767411681094-rde5ey5g7',
2026-01-03T03:41:21:   method: 'GET',
2026-01-03T03:41:21:   path: '/',
2026-01-03T03:41:21:   status: 200,
2026-01-03T03:41:21:   duration: '14ms',
2026-01-03T03:41:21:   ip: '195.178.110.132'
2026-01-03T03:41:21: }
2026-01-03T03:41:21: [INFO] 2026-01-03T03:41:21.281Z - HTTP Request {
2026-01-03T03:41:21:   requestId: '1767411681280-rdtxo6gpo',
2026-01-03T03:41:21:   method: 'GET',
2026-01-03T03:41:21:   path: '/.env',
2026-01-03T03:41:21:   status: 404,
2026-01-03T03:41:21:   duration: '1ms',
2026-01-03T03:41:21:   ip: '195.178.110.132'
2026-01-03T03:41:21: }
2026-01-03T03:41:21: [INFO] 2026-01-03T03:41:21.481Z - HTTP Request {
2026-01-03T03:41:21:   requestId: '1767411681480-qx4pyd3tz',
2026-01-03T03:41:21:   method: 'GET',
2026-01-03T03:41:21:   path: '/.env',
2026-01-03T03:41:21:   status: 404,
2026-01-03T03:41:21:   duration: '1ms',
2026-01-03T03:41:21:   ip: '195.178.110.132'
2026-01-03T03:41:21: }
2026-01-03T03:41:21: [INFO] 2026-01-03T03:41:21.701Z - HTTP Request {
2026-01-03T03:41:21:   requestId: '1767411681696-h7t1prlx2',
2026-01-03T03:41:21:   method: 'GET',
2026-01-03T03:41:21:   path: '/.env.bak',
2026-01-03T03:41:21:   status: 404,
2026-01-03T03:41:21:   duration: '5ms',
2026-01-03T03:41:21:   ip: '195.178.110.132'
2026-01-03T03:41:21: }
2026-01-03T03:41:21: [INFO] 2026-01-03T03:41:21.875Z - HTTP Request {
2026-01-03T03:41:21:   requestId: '1767411681871-yzzfl656x',
2026-01-03T03:41:21:   method: 'GET',
2026-01-03T03:41:21:   path: '/.env.save',
2026-01-03T03:41:21:   status: 404,
2026-01-03T03:41:21:   duration: '4ms',
2026-01-03T03:41:21:   ip: '195.178.110.132'
2026-01-03T03:41:21: }
2026-01-03T03:41:22: [INFO] 2026-01-03T03:41:22.050Z - HTTP Request {
2026-01-03T03:41:22:   requestId: '1767411682050-16ar1h1u1',
2026-01-03T03:41:22:   method: 'GET',
2026-01-03T03:41:22:   path: '/backend/.env',
2026-01-03T03:41:22:   status: 404,
2026-01-03T03:41:22:   duration: '0ms',
2026-01-03T03:41:22:   ip: '195.178.110.132'
2026-01-03T03:41:22: }
2026-01-03T03:41:22: [INFO] 2026-01-03T03:41:22.239Z - HTTP Request {
2026-01-03T03:41:22:   requestId: '1767411682238-jpzzwdkq6',
2026-01-03T03:41:22:   method: 'GET',
2026-01-03T03:41:22:   path: '/admin/.env',
2026-01-03T03:41:22:   status: 404,
2026-01-03T03:41:22:   duration: '1ms',
2026-01-03T03:41:22:   ip: '195.178.110.132'
2026-01-03T03:41:22: }
2026-01-03T03:41:22: [INFO] 2026-01-03T03:41:22.403Z - HTTP Request {
2026-01-03T03:41:22:   requestId: '1767411682398-1235qfb26',
2026-01-03T03:41:22:   method: 'GET',
2026-01-03T03:41:22:   path: '/.git/config',
2026-01-03T03:41:22:   status: 404,
2026-01-03T03:41:22:   duration: '4ms',
2026-01-03T03:41:22:   ip: '195.178.110.132'
2026-01-03T03:41:22: }
2026-01-03T03:41:22: [INFO] 2026-01-03T03:41:22.614Z - HTTP Request {
2026-01-03T03:41:22:   requestId: '1767411682609-7ea8ivz3t',
2026-01-03T03:41:22:   method: 'GET',
2026-01-03T03:41:22:   path: '/config.php',
2026-01-03T03:41:22:   status: 404,
2026-01-03T03:41:22:   duration: '5ms',
2026-01-03T03:41:22:   ip: '195.178.110.132'
2026-01-03T03:41:22: }
2026-01-03T03:41:22: [INFO] 2026-01-03T03:41:22.822Z - HTTP Request {
2026-01-03T03:41:22:   requestId: '1767411682817-ni5frbwea',
2026-01-03T03:41:22:   method: 'GET',
2026-01-03T03:41:22:   path: '/config.php.bak',
2026-01-03T03:41:22:   status: 404,
2026-01-03T03:41:22:   duration: '5ms',
2026-01-03T03:41:22:   ip: '195.178.110.132'
2026-01-03T03:41:22: }
2026-01-03T03:41:23: [INFO] 2026-01-03T03:41:23.013Z - HTTP Request {
2026-01-03T03:41:23:   requestId: '1767411683012-gxavrbsv5',
2026-01-03T03:41:23:   method: 'GET',
2026-01-03T03:41:23:   path: '/config.js',
2026-01-03T03:41:23:   status: 404,
2026-01-03T03:41:23:   duration: '0ms',
2026-01-03T03:41:23:   ip: '195.178.110.132'
2026-01-03T03:41:23: }
2026-01-03T03:41:23: [INFO] 2026-01-03T03:41:23.210Z - HTTP Request {
2026-01-03T03:41:23:   requestId: '1767411683200-s2mon2gkx',
2026-01-03T03:41:23:   method: 'GET',
2026-01-03T03:41:23:   path: '/aws-config.js',
2026-01-03T03:41:23:   status: 404,
2026-01-03T03:41:23:   duration: '10ms',
2026-01-03T03:41:23:   ip: '195.178.110.132'
2026-01-03T03:41:23: }
2026-01-03T03:41:23: [INFO] 2026-01-03T03:41:23.417Z - HTTP Request {
2026-01-03T03:41:23:   requestId: '1767411683416-cyp52mc6v',
2026-01-03T03:41:23:   method: 'GET',
2026-01-03T03:41:23:   path: '/aws.config.js',
2026-01-03T03:41:23:   status: 404,
2026-01-03T03:41:23:   duration: '1ms',
2026-01-03T03:41:23:   ip: '195.178.110.132'
2026-01-03T03:41:23: }
2026-01-03T03:41:23: [INFO] 2026-01-03T03:41:23.598Z - HTTP Request {
2026-01-03T03:41:23:   requestId: '1767411683595-x5e4k1fpx',
2026-01-03T03:41:23:   method: 'GET',
2026-01-03T03:41:23:   path: '/.git/HEAD',
2026-01-03T03:41:23:   status: 404,
2026-01-03T03:41:23:   duration: '3ms',
2026-01-03T03:41:23:   ip: '195.178.110.132'
2026-01-03T03:41:23: }
2026-01-03T03:41:23: [INFO] 2026-01-03T03:41:23.781Z - HTTP Request {
2026-01-03T03:41:23:   requestId: '1767411683780-h4q3ddlcn',
2026-01-03T03:41:23:   method: 'GET',
2026-01-03T03:41:23:   path: '/.git/config',
2026-01-03T03:41:23:   status: 404,
2026-01-03T03:41:23:   duration: '1ms',
2026-01-03T03:41:23:   ip: '195.178.110.132'
2026-01-03T03:41:23: }
2026-01-03T03:45:05: [INFO] 2026-01-03T03:45:05.347Z - HTTP Request {
2026-01-03T03:45:05:   requestId: '1767411905233-rp0gnuq7c',
2026-01-03T03:45:05:   method: 'GET',
2026-01-03T03:45:05:   path: '/',
2026-01-03T03:45:05:   status: 200,
2026-01-03T03:45:05:   duration: '111ms',
2026-01-03T03:45:05:   ip: '127.0.0.1'
2026-01-03T03:45:05: }
2026-01-03T03:45:12: [INFO] 2026-01-03T03:45:12.388Z - HTTP Request {
2026-01-03T03:45:12:   requestId: '1767411912384-iuhfn1vmd',
2026-01-03T03:45:12:   method: 'GET',
2026-01-03T03:45:12:   path: '/',
2026-01-03T03:45:12:   status: 200,
2026-01-03T03:45:12:   duration: '3ms',
2026-01-03T03:45:12:   ip: '127.0.0.1'
2026-01-03T03:45:12: }
2026-01-03T03:45:28: [INFO] 2026-01-03T03:45:28.621Z - HTTP Request {
2026-01-03T03:45:28:   requestId: '1767411928587-mijlwbl8o',
2026-01-03T03:45:28:   method: 'GET',
2026-01-03T03:45:28:   path: '/api-docs.json',
2026-01-03T03:45:28:   status: 404,
2026-01-03T03:45:28:   duration: '34ms',
2026-01-03T03:45:28:   ip: '45.148.10.87'
2026-01-03T03:45:28: }
2026-01-03T03:45:30: [INFO] 2026-01-03T03:45:30.842Z - HTTP Request {
2026-01-03T03:45:30:   requestId: '1767411930841-av8sbsd1l',
2026-01-03T03:45:30:   method: 'GET',
2026-01-03T03:45:30:   path: '/api-docs.json',
2026-01-03T03:45:30:   status: 404,
2026-01-03T03:45:30:   duration: '1ms',
2026-01-03T03:45:30:   ip: '45.148.10.87'
2026-01-03T03:45:30: }
2026-01-03T03:49:09: [INFO] 2026-01-03T03:49:09.923Z - HTTP Request {
2026-01-03T03:49:09:   requestId: '1767412149908-l5erxutcv',
2026-01-03T03:49:09:   method: 'GET',
2026-01-03T03:49:09:   path: '/api-docs.json',
2026-01-03T03:49:09:   status: 404,
2026-01-03T03:49:09:   duration: '13ms',
2026-01-03T03:49:09:   ip: '45.148.10.87'
2026-01-03T03:49:09: }
2026-01-03T03:49:12: [INFO] 2026-01-03T03:49:12.069Z - HTTP Request {
2026-01-03T03:49:12:   requestId: '1767412152068-rxgvo6hio',
2026-01-03T03:49:12:   method: 'GET',
2026-01-03T03:49:12:   path: '/api-docs.json',
2026-01-03T03:49:12:   status: 404,
2026-01-03T03:49:12:   duration: '1ms',
2026-01-03T03:49:12:   ip: '45.148.10.87'
2026-01-03T03:49:12: }
2026-01-03T03:50:01: [INFO] 2026-01-03T03:50:01.812Z - HTTP Request {
2026-01-03T03:50:01:   requestId: '1767412201806-au4v5utgz',
2026-01-03T03:50:01:   method: 'GET',
2026-01-03T03:50:01:   path: '/',
2026-01-03T03:50:01:   status: 200,
2026-01-03T03:50:01:   duration: '6ms',
2026-01-03T03:50:01:   ip: '127.0.0.1'
2026-01-03T03:50:01: }
2026-01-03T03:53:22: [INFO] 2026-01-03T03:53:22.151Z - HTTP Request {
2026-01-03T03:53:22:   requestId: '1767412402147-xjhl1lzyo',
2026-01-03T03:53:22:   method: 'GET',
2026-01-03T03:53:22:   path: '/api-docs.json',
2026-01-03T03:53:22:   status: 404,
2026-01-03T03:53:22:   duration: '4ms',
2026-01-03T03:53:22:   ip: '45.148.10.87'
2026-01-03T03:53:22: }
2026-01-03T03:53:24: [INFO] 2026-01-03T03:53:24.769Z - HTTP Request {
2026-01-03T03:53:24:   requestId: '1767412404767-u446ydb02',
2026-01-03T03:53:24:   method: 'GET',
2026-01-03T03:53:24:   path: '/api-docs.json',
2026-01-03T03:53:24:   status: 404,
2026-01-03T03:53:24:   duration: '2ms',
2026-01-03T03:53:24:   ip: '45.148.10.87'
2026-01-03T03:53:24: }
2026-01-03T03:55:02: [INFO] 2026-01-03T03:55:02.132Z - HTTP Request {
2026-01-03T03:55:02:   requestId: '1767412502131-bf1i77oom',
2026-01-03T03:55:02:   method: 'GET',
2026-01-03T03:55:02:   path: '/',
2026-01-03T03:55:02:   status: 200,
2026-01-03T03:55:02:   duration: '1ms',
2026-01-03T03:55:02:   ip: '127.0.0.1'
2026-01-03T03:55:02: }
2026-01-03T03:57:53: [INFO] 2026-01-03T03:57:53.121Z - HTTP Request {
2026-01-03T03:57:53:   requestId: '1767412673120-4satyofwv',
2026-01-03T03:57:53:   method: 'GET',
2026-01-03T03:57:53:   path: '/api-docs.json',
2026-01-03T03:57:53:   status: 404,
2026-01-03T03:57:53:   duration: '1ms',
2026-01-03T03:57:53:   ip: '45.148.10.87'
2026-01-03T03:57:53: }
2026-01-03T03:57:55: [INFO] 2026-01-03T03:57:55.735Z - HTTP Request {
2026-01-03T03:57:55:   requestId: '1767412675734-w0jpx13up',
2026-01-03T03:57:55:   method: 'GET',
2026-01-03T03:57:55:   path: '/api-docs.json',
2026-01-03T03:57:55:   status: 404,
2026-01-03T03:57:55:   duration: '1ms',
2026-01-03T03:57:55:   ip: '45.148.10.87'
2026-01-03T03:57:55: }
2026-01-03T04:00:02: [INFO] 2026-01-03T04:00:02.730Z - HTTP Request {
2026-01-03T04:00:02:   requestId: '1767412802728-m5rbbjx5h',
2026-01-03T04:00:02:   method: 'GET',
2026-01-03T04:00:02:   path: '/',
2026-01-03T04:00:02:   status: 200,
2026-01-03T04:00:02:   duration: '2ms',
2026-01-03T04:00:02:   ip: '127.0.0.1'
2026-01-03T04:00:02: }
2026-01-03T04:00:06: [INFO] 2026-01-03T04:00:06.282Z - HTTP Request {
2026-01-03T04:00:06:   requestId: '1767412806281-j0hgaz3sq',
2026-01-03T04:00:06:   method: 'GET',
2026-01-03T04:00:06:   path: '/',
2026-01-03T04:00:06:   status: 200,
2026-01-03T04:00:06:   duration: '1ms',
2026-01-03T04:00:06:   ip: '127.0.0.1'
2026-01-03T04:00:06: }
2026-01-03T04:02:17: [INFO] 2026-01-03T04:02:17.949Z - HTTP Request {
2026-01-03T04:02:17:   requestId: '1767412937948-krw84bu36',
2026-01-03T04:02:17:   method: 'GET',
2026-01-03T04:02:17:   path: '/api-docs.json',
2026-01-03T04:02:17:   status: 404,
2026-01-03T04:02:17:   duration: '1ms',
2026-01-03T04:02:17:   ip: '45.148.10.87'
2026-01-03T04:02:17: }
2026-01-03T04:02:20: [INFO] 2026-01-03T04:02:20.557Z - HTTP Request {
2026-01-03T04:02:20:   requestId: '1767412940555-2rvxc53f8',
2026-01-03T04:02:20:   method: 'GET',
2026-01-03T04:02:20:   path: '/api-docs.json',
2026-01-03T04:02:20:   status: 404,
2026-01-03T04:02:20:   duration: '2ms',
2026-01-03T04:02:20:   ip: '45.148.10.87'
2026-01-03T04:02:20: }
2026-01-03T04:05:01: [INFO] 2026-01-03T04:05:01.819Z - HTTP Request {
2026-01-03T04:05:01:   requestId: '1767413101814-ny4bblowf',
2026-01-03T04:05:01:   method: 'GET',
2026-01-03T04:05:01:   path: '/',
2026-01-03T04:05:01:   status: 200,
2026-01-03T04:05:01:   duration: '5ms',
2026-01-03T04:05:01:   ip: '127.0.0.1'
2026-01-03T04:05:01: }
2026-01-03T04:05:38: [INFO] 2026-01-03T04:05:38.836Z - HTTP Request {
2026-01-03T04:05:38:   requestId: '1767413138836-u13voq0vh',
2026-01-03T04:05:38:   method: 'GET',
2026-01-03T04:05:38:   path: '/favicon.ico',
2026-01-03T04:05:38:   status: 404,
2026-01-03T04:05:38:   duration: '0ms',
2026-01-03T04:05:38:   ip: '45.248.77.142'
2026-01-03T04:05:38: }
2026-01-03T04:07:13: [INFO] 2026-01-03T04:07:13.319Z - HTTP Request {
2026-01-03T04:07:13:   requestId: '1767413233318-yxu88u2sa',
2026-01-03T04:07:13:   method: 'GET',
2026-01-03T04:07:13:   path: '/api-docs.json',
2026-01-03T04:07:13:   status: 404,
2026-01-03T04:07:13:   duration: '1ms',
2026-01-03T04:07:13:   ip: '45.148.10.87'
2026-01-03T04:07:13: }
2026-01-03T04:07:15: [INFO] 2026-01-03T04:07:15.945Z - HTTP Request {
2026-01-03T04:07:15:   requestId: '1767413235943-yqhjlxur2',
2026-01-03T04:07:15:   method: 'GET',
2026-01-03T04:07:15:   path: '/api-docs.json',
2026-01-03T04:07:15:   status: 404,
2026-01-03T04:07:15:   duration: '2ms',
2026-01-03T04:07:15:   ip: '45.148.10.87'
2026-01-03T04:07:15: }
2026-01-03T04:10:01: [INFO] 2026-01-03T04:10:01.920Z - HTTP Request {
2026-01-03T04:10:01:   requestId: '1767413401916-t1w47pdho',
2026-01-03T04:10:01:   method: 'GET',
2026-01-03T04:10:01:   path: '/',
2026-01-03T04:10:01:   status: 200,
2026-01-03T04:10:01:   duration: '4ms',
2026-01-03T04:10:01:   ip: '127.0.0.1'
2026-01-03T04:10:01: }
2026-01-03T04:11:08: [INFO] 2026-01-03T04:11:08.089Z - HTTP Request {
2026-01-03T04:11:08:   requestId: '1767413468088-ouqp425na',
2026-01-03T04:11:08:   method: 'GET',
2026-01-03T04:11:08:   path: '/api-docs.json',
2026-01-03T04:11:08:   status: 404,
2026-01-03T04:11:08:   duration: '1ms',
2026-01-03T04:11:08:   ip: '45.148.10.87'
2026-01-03T04:11:08: }
2026-01-03T04:11:10: [INFO] 2026-01-03T04:11:10.692Z - HTTP Request {
2026-01-03T04:11:10:   requestId: '1767413470691-lvx065ngo',
2026-01-03T04:11:10:   method: 'GET',
2026-01-03T04:11:10:   path: '/api-docs.json',
2026-01-03T04:11:10:   status: 404,
2026-01-03T04:11:10:   duration: '1ms',
2026-01-03T04:11:10:   ip: '45.148.10.87'
2026-01-03T04:11:10: }
2026-01-03T04:15:02: [INFO] 2026-01-03T04:15:02.050Z - HTTP Request {
2026-01-03T04:15:02:   requestId: '1767413702048-5xqu0huvk',
2026-01-03T04:15:02:   method: 'GET',
2026-01-03T04:15:02:   path: '/',
2026-01-03T04:15:02:   status: 200,
2026-01-03T04:15:02:   duration: '2ms',
2026-01-03T04:15:02:   ip: '127.0.0.1'
2026-01-03T04:15:02: }
2026-01-03T04:15:05: [INFO] 2026-01-03T04:15:05.086Z - HTTP Request {
2026-01-03T04:15:05:   requestId: '1767413705085-9ip8k48pu',
2026-01-03T04:15:05:   method: 'GET',
2026-01-03T04:15:05:   path: '/',
2026-01-03T04:15:05:   status: 200,
2026-01-03T04:15:05:   duration: '1ms',
2026-01-03T04:15:05:   ip: '127.0.0.1'
2026-01-03T04:15:05: }
2026-01-03T04:15:18: [INFO] 2026-01-03T04:15:18.958Z - HTTP Request {
2026-01-03T04:15:18:   requestId: '1767413718957-gu3qz631h',
2026-01-03T04:15:18:   method: 'GET',
2026-01-03T04:15:18:   path: '/api-docs.json',
2026-01-03T04:15:18:   status: 404,
2026-01-03T04:15:18:   duration: '1ms',
2026-01-03T04:15:18:   ip: '45.148.10.87'
2026-01-03T04:15:18: }
2026-01-03T04:15:21: [INFO] 2026-01-03T04:15:21.581Z - HTTP Request {
2026-01-03T04:15:21:   requestId: '1767413721580-ibe07htli',
2026-01-03T04:15:21:   method: 'GET',
2026-01-03T04:15:21:   path: '/api-docs.json',
2026-01-03T04:15:21:   status: 404,
2026-01-03T04:15:21:   duration: '1ms',
2026-01-03T04:15:21:   ip: '45.148.10.87'
2026-01-03T04:15:21: }
2026-01-03T04:19:45: [INFO] 2026-01-03T04:19:45.632Z - HTTP Request {
2026-01-03T04:19:45:   requestId: '1767413985631-ylrycf74c',
2026-01-03T04:19:45:   method: 'GET',
2026-01-03T04:19:45:   path: '/api-docs.json',
2026-01-03T04:19:45:   status: 404,
2026-01-03T04:19:45:   duration: '1ms',
2026-01-03T04:19:45:   ip: '45.148.10.87'
2026-01-03T04:19:45: }
2026-01-03T04:19:48: [INFO] 2026-01-03T04:19:48.251Z - HTTP Request {
2026-01-03T04:19:48:   requestId: '1767413988249-8cvyohxax',
2026-01-03T04:19:48:   method: 'GET',
2026-01-03T04:19:48:   path: '/api-docs.json',
2026-01-03T04:19:48:   status: 404,
2026-01-03T04:19:48:   duration: '2ms',
2026-01-03T04:19:48:   ip: '45.148.10.87'
2026-01-03T04:19:48: }
2026-01-03T04:20:02: [INFO] 2026-01-03T04:20:02.546Z - HTTP Request {
2026-01-03T04:20:02:   requestId: '1767414002540-5sva00148',
2026-01-03T04:20:02:   method: 'GET',
2026-01-03T04:20:02:   path: '/',
2026-01-03T04:20:02:   status: 200,
2026-01-03T04:20:02:   duration: '6ms',
2026-01-03T04:20:02:   ip: '127.0.0.1'
2026-01-03T04:20:02: }
2026-01-03T04:24:40: [INFO] 2026-01-03T04:24:40.238Z - HTTP Request {
2026-01-03T04:24:40:   requestId: '1767414280237-kqbwaey7m',
2026-01-03T04:24:40:   method: 'GET',
2026-01-03T04:24:40:   path: '/api-docs.json',
2026-01-03T04:24:40:   status: 404,
2026-01-03T04:24:40:   duration: '1ms',
2026-01-03T04:24:40:   ip: '45.148.10.87'
2026-01-03T04:24:40: }
2026-01-03T04:24:42: [INFO] 2026-01-03T04:24:42.859Z - HTTP Request {
2026-01-03T04:24:42:   requestId: '1767414282857-bkzl0b9zw',
2026-01-03T04:24:42:   method: 'GET',
2026-01-03T04:24:42:   path: '/api-docs.json',
2026-01-03T04:24:42:   status: 404,
2026-01-03T04:24:42:   duration: '2ms',
2026-01-03T04:24:42:   ip: '45.148.10.87'
2026-01-03T04:24:42: }
2026-01-03T04:25:01: [INFO] 2026-01-03T04:25:01.329Z - HTTP Request {
2026-01-03T04:25:01:   requestId: '1767414301328-iek9znxb3',
2026-01-03T04:25:01:   method: 'GET',
2026-01-03T04:25:01:   path: '/',
2026-01-03T04:25:01:   status: 200,
2026-01-03T04:25:01:   duration: '1ms',
2026-01-03T04:25:01:   ip: '127.0.0.1'
2026-01-03T04:25:01: }
2026-01-03T04:30:02: [INFO] 2026-01-03T04:30:02.466Z - HTTP Request {
2026-01-03T04:30:02:   requestId: '1767414602460-lfl2bmnmx',
2026-01-03T04:30:02:   method: 'GET',
2026-01-03T04:30:02:   path: '/',
2026-01-03T04:30:02:   status: 200,
2026-01-03T04:30:02:   duration: '6ms',
2026-01-03T04:30:02:   ip: '127.0.0.1'
2026-01-03T04:30:02: }
2026-01-03T04:30:07: [INFO] 2026-01-03T04:30:07.717Z - HTTP Request {
2026-01-03T04:30:07:   requestId: '1767414607715-4uurj0031',
2026-01-03T04:30:07:   method: 'GET',
2026-01-03T04:30:07:   path: '/',
2026-01-03T04:30:07:   status: 200,
2026-01-03T04:30:07:   duration: '2ms',
2026-01-03T04:30:07:   ip: '127.0.0.1'
2026-01-03T04:30:07: }
2026-01-03T04:32:22: [INFO] 2026-01-03T04:32:22.961Z - HTTP Request {
2026-01-03T04:32:22:   requestId: '1767414742959-nua6xt52h',
2026-01-03T04:32:22:   method: 'GET',
2026-01-03T04:32:22:   path: '/api-docs.json',
2026-01-03T04:32:22:   status: 404,
2026-01-03T04:32:22:   duration: '2ms',
2026-01-03T04:32:22:   ip: '45.148.10.87'
2026-01-03T04:32:22: }
2026-01-03T04:32:25: [INFO] 2026-01-03T04:32:25.536Z - HTTP Request {
2026-01-03T04:32:25:   requestId: '1767414745534-24xlwydol',
2026-01-03T04:32:25:   method: 'GET',
2026-01-03T04:32:25:   path: '/api-docs.json',
2026-01-03T04:32:25:   status: 404,
2026-01-03T04:32:25:   duration: '1ms',
2026-01-03T04:32:25:   ip: '45.148.10.87'
2026-01-03T04:32:25: }
2026-01-03T04:35:01: [INFO] 2026-01-03T04:35:01.457Z - HTTP Request {
2026-01-03T04:35:01:   requestId: '1767414901456-baryoys5z',
2026-01-03T04:35:01:   method: 'GET',
2026-01-03T04:35:01:   path: '/',
2026-01-03T04:35:01:   status: 200,
2026-01-03T04:35:01:   duration: '1ms',
2026-01-03T04:35:01:   ip: '127.0.0.1'
2026-01-03T04:35:01: }
2026-01-03T04:36:20: [INFO] 2026-01-03T04:36:20.417Z - HTTP Request {
2026-01-03T04:36:20:   requestId: '1767414980416-o2hkpq03w',
2026-01-03T04:36:20:   method: 'GET',
2026-01-03T04:36:20:   path: '/api-docs.json',
2026-01-03T04:36:20:   status: 404,
2026-01-03T04:36:20:   duration: '1ms',
2026-01-03T04:36:20:   ip: '45.148.10.87'
2026-01-03T04:36:20: }
2026-01-03T04:36:23: [INFO] 2026-01-03T04:36:23.059Z - HTTP Request {
2026-01-03T04:36:23:   requestId: '1767414983058-dzzui0akx',
2026-01-03T04:36:23:   method: 'GET',
2026-01-03T04:36:23:   path: '/api-docs.json',
2026-01-03T04:36:23:   status: 404,
2026-01-03T04:36:23:   duration: '1ms',
2026-01-03T04:36:23:   ip: '45.148.10.87'
2026-01-03T04:36:23: }
2026-01-03T04:40:01: [INFO] 2026-01-03T04:40:01.448Z - HTTP Request {
2026-01-03T04:40:01:   requestId: '1767415201444-1dctaykyo',
2026-01-03T04:40:01:   method: 'GET',
2026-01-03T04:40:01:   path: '/',
2026-01-03T04:40:01:   status: 200,
2026-01-03T04:40:01:   duration: '4ms',
2026-01-03T04:40:01:   ip: '127.0.0.1'
2026-01-03T04:40:01: }
2026-01-03T04:40:46: [INFO] 2026-01-03T04:40:46.417Z - HTTP Request {
2026-01-03T04:40:46:   requestId: '1767415246416-2ea5wfto4',
2026-01-03T04:40:46:   method: 'GET',
2026-01-03T04:40:46:   path: '/api-docs.json',
2026-01-03T04:40:46:   status: 404,
2026-01-03T04:40:46:   duration: '1ms',
2026-01-03T04:40:46:   ip: '45.148.10.87'
2026-01-03T04:40:46: }
2026-01-03T04:40:49: [INFO] 2026-01-03T04:40:49.036Z - HTTP Request {
2026-01-03T04:40:49:   requestId: '1767415249034-u4ut1t3m0',
2026-01-03T04:40:49:   method: 'GET',
2026-01-03T04:40:49:   path: '/api-docs.json',
2026-01-03T04:40:49:   status: 404,
2026-01-03T04:40:49:   duration: '2ms',
2026-01-03T04:40:49:   ip: '45.148.10.87'
2026-01-03T04:40:49: }
2026-01-03T04:44:55: [INFO] 2026-01-03T04:44:55.653Z - HTTP Request {
2026-01-03T04:44:55:   requestId: '1767415495651-7rtoi82fo',
2026-01-03T04:44:55:   method: 'GET',
2026-01-03T04:44:55:   path: '/api-docs.json',
2026-01-03T04:44:55:   status: 404,
2026-01-03T04:44:55:   duration: '2ms',
2026-01-03T04:44:55:   ip: '45.148.10.87'
2026-01-03T04:44:55: }
2026-01-03T04:44:58: [INFO] 2026-01-03T04:44:58.293Z - HTTP Request {
2026-01-03T04:44:58:   requestId: '1767415498292-xnihh4y9g',
2026-01-03T04:44:58:   method: 'GET',
2026-01-03T04:44:58:   path: '/api-docs.json',
2026-01-03T04:44:58:   status: 404,
2026-01-03T04:44:58:   duration: '1ms',
2026-01-03T04:44:58:   ip: '45.148.10.87'
2026-01-03T04:44:58: }
2026-01-03T04:45:01: [INFO] 2026-01-03T04:45:01.842Z - HTTP Request {
2026-01-03T04:45:01:   requestId: '1767415501840-0duoq9um7',
2026-01-03T04:45:01:   method: 'GET',
2026-01-03T04:45:01:   path: '/',
2026-01-03T04:45:01:   status: 200,
2026-01-03T04:45:01:   duration: '2ms',
2026-01-03T04:45:01:   ip: '127.0.0.1'
2026-01-03T04:45:01: }
2026-01-03T04:45:05: [INFO] 2026-01-03T04:45:05.387Z - HTTP Request {
2026-01-03T04:45:05:   requestId: '1767415505384-povpyel4o',
2026-01-03T04:45:05:   method: 'GET',
2026-01-03T04:45:05:   path: '/',
2026-01-03T04:45:05:   status: 200,
2026-01-03T04:45:05:   duration: '3ms',
2026-01-03T04:45:05:   ip: '127.0.0.1'
2026-01-03T04:45:05: }
2026-01-03T04:48:59: [INFO] 2026-01-03T04:48:59.692Z - HTTP Request {
2026-01-03T04:48:59:   requestId: '1767415739691-3ux5f0s38',
2026-01-03T04:48:59:   method: 'GET',
2026-01-03T04:48:59:   path: '/api-docs.json',
2026-01-03T04:48:59:   status: 404,
2026-01-03T04:48:59:   duration: '1ms',
2026-01-03T04:48:59:   ip: '45.148.10.87'
2026-01-03T04:48:59: }
2026-01-03T04:49:02: [INFO] 2026-01-03T04:49:02.292Z - HTTP Request {
2026-01-03T04:49:02:   requestId: '1767415742291-nqlqfblua',
2026-01-03T04:49:02:   method: 'GET',
2026-01-03T04:49:02:   path: '/api-docs.json',
2026-01-03T04:49:02:   status: 404,
2026-01-03T04:49:02:   duration: '1ms',
2026-01-03T04:49:02:   ip: '45.148.10.87'
2026-01-03T04:49:02: }
2026-01-03T04:50:02: [INFO] 2026-01-03T04:50:02.362Z - HTTP Request {
2026-01-03T04:50:02:   requestId: '1767415802358-0noexi8t2',
2026-01-03T04:50:02:   method: 'GET',
2026-01-03T04:50:02:   path: '/',
2026-01-03T04:50:02:   status: 200,
2026-01-03T04:50:02:   duration: '4ms',
2026-01-03T04:50:02:   ip: '127.0.0.1'
2026-01-03T04:50:02: }
2026-01-03T04:53:47: [INFO] 2026-01-03T04:53:47.249Z - HTTP Request {
2026-01-03T04:53:47:   requestId: '1767416027248-8ic1s1en4',
2026-01-03T04:53:47:   method: 'GET',
2026-01-03T04:53:47:   path: '/api-docs.json',
2026-01-03T04:53:47:   status: 404,
2026-01-03T04:53:47:   duration: '1ms',
2026-01-03T04:53:47:   ip: '45.148.10.87'
2026-01-03T04:53:47: }
2026-01-03T04:53:49: [INFO] 2026-01-03T04:53:49.936Z - HTTP Request {
2026-01-03T04:53:49:   requestId: '1767416029936-nvat2wrvi',
2026-01-03T04:53:49:   method: 'GET',
2026-01-03T04:53:49:   path: '/api-docs.json',
2026-01-03T04:53:49:   status: 404,
2026-01-03T04:53:49:   duration: '0ms',
2026-01-03T04:53:49:   ip: '45.148.10.87'
2026-01-03T04:53:49: }
2026-01-03T04:55:04: [INFO] 2026-01-03T04:55:04.227Z - HTTP Request {
2026-01-03T04:55:04:   requestId: '1767416104095-gbq73rl6w',
2026-01-03T04:55:04:   method: 'GET',
2026-01-03T04:55:04:   path: '/',
2026-01-03T04:55:04:   status: 200,
2026-01-03T04:55:04:   duration: '129ms',
2026-01-03T04:55:04:   ip: '127.0.0.1'
2026-01-03T04:55:04: }
2026-01-03T04:57:29: [INFO] 2026-01-03T04:57:29.450Z - HTTP Request {
2026-01-03T04:57:29:   requestId: '1767416249412-yrd20vts4',
2026-01-03T04:57:29:   method: 'GET',
2026-01-03T04:57:29:   path: '/api-docs.json',
2026-01-03T04:57:29:   status: 404,
2026-01-03T04:57:29:   duration: '36ms',
2026-01-03T04:57:29:   ip: '45.148.10.87'
2026-01-03T04:57:29: }
2026-01-03T04:57:31: [INFO] 2026-01-03T04:57:31.539Z - HTTP Request {
2026-01-03T04:57:31:   requestId: '1767416251537-nujngs62d',
2026-01-03T04:57:31:   method: 'GET',
2026-01-03T04:57:31:   path: '/api-docs.json',
2026-01-03T04:57:31:   status: 404,
2026-01-03T04:57:31:   duration: '2ms',
2026-01-03T04:57:31:   ip: '45.148.10.87'
2026-01-03T04:57:31: }
2026-01-03T05:00:02: [INFO] 2026-01-03T05:00:02.802Z - HTTP Request {
2026-01-03T05:00:02:   requestId: '1767416402790-hcct6yq1a',
2026-01-03T05:00:02:   method: 'GET',
2026-01-03T05:00:02:   path: '/',
2026-01-03T05:00:02:   status: 200,
2026-01-03T05:00:02:   duration: '12ms',
2026-01-03T05:00:02:   ip: '127.0.0.1'
2026-01-03T05:00:02: }
2026-01-03T05:01:56: [INFO] 2026-01-03T05:01:56.908Z - HTTP Request {
2026-01-03T05:01:56:   requestId: '1767416516907-ib28xnfai',
2026-01-03T05:01:56:   method: 'GET',
2026-01-03T05:01:56:   path: '/api-docs.json',
2026-01-03T05:01:56:   status: 404,
2026-01-03T05:01:56:   duration: '1ms',
2026-01-03T05:01:56:   ip: '45.148.10.87'
2026-01-03T05:01:56: }
2026-01-03T05:01:59: [INFO] 2026-01-03T05:01:59.523Z - HTTP Request {
2026-01-03T05:01:59:   requestId: '1767416519521-wkfz11p5q',
2026-01-03T05:01:59:   method: 'GET',
2026-01-03T05:01:59:   path: '/api-docs.json',
2026-01-03T05:01:59:   status: 404,
2026-01-03T05:01:59:   duration: '2ms',
2026-01-03T05:01:59:   ip: '45.148.10.87'
2026-01-03T05:01:59: }
2026-01-03T05:05:01: [INFO] 2026-01-03T05:05:01.704Z - HTTP Request {
2026-01-03T05:05:01:   requestId: '1767416701703-rzyzducbv',
2026-01-03T05:05:01:   method: 'GET',
2026-01-03T05:05:01:   path: '/',
2026-01-03T05:05:01:   status: 200,
2026-01-03T05:05:01:   duration: '1ms',
2026-01-03T05:05:01:   ip: '127.0.0.1'
2026-01-03T05:05:01: }
2026-01-03T05:06:59: [INFO] 2026-01-03T05:06:59.542Z - HTTP Request {
2026-01-03T05:06:59:   requestId: '1767416819541-26d2frfn3',
2026-01-03T05:06:59:   method: 'GET',
2026-01-03T05:06:59:   path: '/api-docs.json',
2026-01-03T05:06:59:   status: 404,
2026-01-03T05:06:59:   duration: '0ms',
2026-01-03T05:06:59:   ip: '45.148.10.87'
2026-01-03T05:06:59: }
2026-01-03T05:07:02: [INFO] 2026-01-03T05:07:02.257Z - HTTP Request {
2026-01-03T05:07:02:   requestId: '1767416822256-gf7webcb5',
2026-01-03T05:07:02:   method: 'GET',
2026-01-03T05:07:02:   path: '/api-docs.json',
2026-01-03T05:07:02:   status: 404,
2026-01-03T05:07:02:   duration: '1ms',
2026-01-03T05:07:02:   ip: '45.148.10.87'
2026-01-03T05:07:02: }
2026-01-03T05:10:02: [INFO] 2026-01-03T05:10:02.148Z - HTTP Request {
2026-01-03T05:10:02:   requestId: '1767417002144-a7o107lps',
2026-01-03T05:10:02:   method: 'GET',
2026-01-03T05:10:02:   path: '/',
2026-01-03T05:10:02:   status: 200,
2026-01-03T05:10:02:   duration: '4ms',
2026-01-03T05:10:02:   ip: '127.0.0.1'
2026-01-03T05:10:02: }
2026-01-03T05:15:02: [INFO] 2026-01-03T05:15:02.088Z - HTTP Request {
2026-01-03T05:15:02:   requestId: '1767417302083-nzngbpdbr',
2026-01-03T05:15:02:   method: 'GET',
2026-01-03T05:15:02:   path: '/',
2026-01-03T05:15:02:   status: 200,
2026-01-03T05:15:02:   duration: '5ms',
2026-01-03T05:15:02:   ip: '127.0.0.1'
2026-01-03T05:15:02: }
2026-01-03T05:15:05: [INFO] 2026-01-03T05:15:05.853Z - HTTP Request {
2026-01-03T05:15:05:   requestId: '1767417305846-s7apuxj33',
2026-01-03T05:15:05:   method: 'GET',
2026-01-03T05:15:05:   path: '/',
2026-01-03T05:15:05:   status: 200,
2026-01-03T05:15:05:   duration: '7ms',
2026-01-03T05:15:05:   ip: '127.0.0.1'
2026-01-03T05:15:05: }
2026-01-03T05:20:02: [INFO] 2026-01-03T05:20:02.227Z - HTTP Request {
2026-01-03T05:20:02:   requestId: '1767417602226-efhnpf0od',
2026-01-03T05:20:02:   method: 'GET',
2026-01-03T05:20:02:   path: '/',
2026-01-03T05:20:02:   status: 200,
2026-01-03T05:20:02:   duration: '1ms',
2026-01-03T05:20:02:   ip: '127.0.0.1'
2026-01-03T05:20:02: }
2026-01-03T05:25:02: [INFO] 2026-01-03T05:25:02.084Z - HTTP Request {
2026-01-03T05:25:02:   requestId: '1767417902082-nve5mopb7',
2026-01-03T05:25:02:   method: 'GET',
2026-01-03T05:25:02:   path: '/',
2026-01-03T05:25:02:   status: 200,
2026-01-03T05:25:02:   duration: '2ms',
2026-01-03T05:25:02:   ip: '127.0.0.1'
2026-01-03T05:25:02: }
2026-01-03T05:30:02: [INFO] 2026-01-03T05:30:02.563Z - HTTP Request {
2026-01-03T05:30:02:   requestId: '1767418202546-mwfweat5m',
2026-01-03T05:30:02:   method: 'GET',
2026-01-03T05:30:02:   path: '/',
2026-01-03T05:30:02:   status: 200,
2026-01-03T05:30:02:   duration: '17ms',
2026-01-03T05:30:02:   ip: '127.0.0.1'
2026-01-03T05:30:02: }
2026-01-03T05:30:06: [INFO] 2026-01-03T05:30:06.387Z - HTTP Request {
2026-01-03T05:30:06:   requestId: '1767418206385-q73scuxed',
2026-01-03T05:30:06:   method: 'GET',
2026-01-03T05:30:06:   path: '/',
2026-01-03T05:30:06:   status: 200,
2026-01-03T05:30:06:   duration: '2ms',
2026-01-03T05:30:06:   ip: '127.0.0.1'
2026-01-03T05:30:06: }
2026-01-03T05:35:01: [INFO] 2026-01-03T05:35:01.518Z - HTTP Request {
2026-01-03T05:35:01:   requestId: '1767418501507-110egf611',
2026-01-03T05:35:01:   method: 'GET',
2026-01-03T05:35:01:   path: '/',
2026-01-03T05:35:01:   status: 200,
2026-01-03T05:35:01:   duration: '11ms',
2026-01-03T05:35:01:   ip: '127.0.0.1'
2026-01-03T05:35:01: }
2026-01-03T05:40:02: [INFO] 2026-01-03T05:40:02.304Z - HTTP Request {
2026-01-03T05:40:02:   requestId: '1767418802297-9xrjmvaxo',
2026-01-03T05:40:02:   method: 'GET',
2026-01-03T05:40:02:   path: '/',
2026-01-03T05:40:02:   status: 200,
2026-01-03T05:40:02:   duration: '7ms',
2026-01-03T05:40:02:   ip: '127.0.0.1'
2026-01-03T05:40:02: }
2026-01-03T05:45:01: [INFO] 2026-01-03T05:45:01.637Z - HTTP Request {
2026-01-03T05:45:01:   requestId: '1767419101633-3jk9kvnf4',
2026-01-03T05:45:01:   method: 'GET',
2026-01-03T05:45:01:   path: '/',
2026-01-03T05:45:01:   status: 200,
2026-01-03T05:45:01:   duration: '4ms',
2026-01-03T05:45:01:   ip: '127.0.0.1'
2026-01-03T05:45:01: }
2026-01-03T05:45:05: [INFO] 2026-01-03T05:45:05.412Z - HTTP Request {
2026-01-03T05:45:05:   requestId: '1767419105411-68mcfj2as',
2026-01-03T05:45:05:   method: 'GET',
2026-01-03T05:45:05:   path: '/',
2026-01-03T05:45:05:   status: 200,
2026-01-03T05:45:05:   duration: '1ms',
2026-01-03T05:45:05:   ip: '127.0.0.1'
2026-01-03T05:45:05: }
2026-01-03T05:50:02: [INFO] 2026-01-03T05:50:02.220Z - HTTP Request {
2026-01-03T05:50:02:   requestId: '1767419402216-115abnuce',
2026-01-03T05:50:02:   method: 'GET',
2026-01-03T05:50:02:   path: '/',
2026-01-03T05:50:02:   status: 200,
2026-01-03T05:50:02:   duration: '4ms',
2026-01-03T05:50:02:   ip: '127.0.0.1'
2026-01-03T05:50:02: }
2026-01-03T05:55:01: [INFO] 2026-01-03T05:55:01.769Z - HTTP Request {
2026-01-03T05:55:01:   requestId: '1767419701766-j140hw5gt',
2026-01-03T05:55:01:   method: 'GET',
2026-01-03T05:55:01:   path: '/',
2026-01-03T05:55:01:   status: 200,
2026-01-03T05:55:01:   duration: '3ms',
2026-01-03T05:55:01:   ip: '127.0.0.1'
2026-01-03T05:55:01: }
2026-01-03T05:58:59: [INFO] 2026-01-03T05:58:59.865Z - HTTP Request {
2026-01-03T05:58:59:   requestId: '1767419939861-vay63dfj6',
2026-01-03T05:58:59:   method: 'GET',
2026-01-03T05:58:59:   path: '/api/.env',
2026-01-03T05:58:59:   status: 404,
2026-01-03T05:58:59:   duration: '4ms',
2026-01-03T05:58:59:   ip: '78.153.140.179'
2026-01-03T05:58:59: }
2026-01-03T06:00:02: [INFO] 2026-01-03T06:00:02.858Z - HTTP Request {
2026-01-03T06:00:02:   requestId: '1767420002857-mpeqe30lh',
2026-01-03T06:00:02:   method: 'GET',
2026-01-03T06:00:02:   path: '/',
2026-01-03T06:00:02:   status: 200,
2026-01-03T06:00:02:   duration: '1ms',
2026-01-03T06:00:02:   ip: '127.0.0.1'
2026-01-03T06:00:02: }
2026-01-03T06:00:07: [INFO] 2026-01-03T06:00:07.533Z - HTTP Request {
2026-01-03T06:00:07:   requestId: '1767420007532-okh4h9hh9',
2026-01-03T06:00:07:   method: 'GET',
2026-01-03T06:00:07:   path: '/',
2026-01-03T06:00:07:   status: 200,
2026-01-03T06:00:07:   duration: '1ms',
2026-01-03T06:00:07:   ip: '127.0.0.1'
2026-01-03T06:00:07: }
2026-01-03T06:05:02: [INFO] 2026-01-03T06:05:02.433Z - HTTP Request {
2026-01-03T06:05:02:   requestId: '1767420302429-ua3zlxv9n',
2026-01-03T06:05:02:   method: 'GET',
2026-01-03T06:05:02:   path: '/',
2026-01-03T06:05:02:   status: 200,
2026-01-03T06:05:02:   duration: '1ms',
2026-01-03T06:05:02:   ip: '127.0.0.1'
2026-01-03T06:05:02: }
2026-01-03T06:10:01: [INFO] 2026-01-03T06:10:01.676Z - HTTP Request {
2026-01-03T06:10:01:   requestId: '1767420601675-0i15u8ujx',
2026-01-03T06:10:01:   method: 'GET',
2026-01-03T06:10:01:   path: '/',
2026-01-03T06:10:01:   status: 200,
2026-01-03T06:10:01:   duration: '1ms',
2026-01-03T06:10:01:   ip: '127.0.0.1'
2026-01-03T06:10:01: }
2026-01-03T06:15:02: [INFO] 2026-01-03T06:15:02.355Z - HTTP Request {
2026-01-03T06:15:02:   requestId: '1767420902355-souig9vel',
2026-01-03T06:15:02:   method: 'GET',
2026-01-03T06:15:02:   path: '/',
2026-01-03T06:15:02:   status: 200,
2026-01-03T06:15:02:   duration: '0ms',
2026-01-03T06:15:02:   ip: '127.0.0.1'
2026-01-03T06:15:02: }
2026-01-03T06:15:05: [INFO] 2026-01-03T06:15:05.265Z - HTTP Request {
2026-01-03T06:15:05:   requestId: '1767420905262-i8jp8rg0f',
2026-01-03T06:15:05:   method: 'GET',
2026-01-03T06:15:05:   path: '/',
2026-01-03T06:15:05:   status: 200,
2026-01-03T06:15:05:   duration: '3ms',
2026-01-03T06:15:05:   ip: '127.0.0.1'
2026-01-03T06:15:05: }
2026-01-03T06:20:01: [INFO] 2026-01-03T06:20:01.821Z - HTTP Request {
2026-01-03T06:20:01:   requestId: '1767421201820-yuyu5kj10',
2026-01-03T06:20:01:   method: 'GET',
2026-01-03T06:20:01:   path: '/',
2026-01-03T06:20:01:   status: 200,
2026-01-03T06:20:01:   duration: '1ms',
2026-01-03T06:20:01:   ip: '127.0.0.1'
2026-01-03T06:20:01: }
2026-01-03T06:25:01: [INFO] 2026-01-03T06:25:01.830Z - HTTP Request {
2026-01-03T06:25:01:   requestId: '1767421501824-5ug371w1r',
2026-01-03T06:25:01:   method: 'GET',
2026-01-03T06:25:01:   path: '/',
2026-01-03T06:25:01:   status: 200,
2026-01-03T06:25:01:   duration: '6ms',
2026-01-03T06:25:01:   ip: '127.0.0.1'
2026-01-03T06:25:01: }
2026-01-03T06:30:02: [INFO] 2026-01-03T06:30:02.061Z - HTTP Request {
2026-01-03T06:30:02:   requestId: '1767421802059-jq87bmm75',
2026-01-03T06:30:02:   method: 'GET',
2026-01-03T06:30:02:   path: '/',
2026-01-03T06:30:02:   status: 200,
2026-01-03T06:30:02:   duration: '1ms',
2026-01-03T06:30:02:   ip: '127.0.0.1'
2026-01-03T06:30:02: }
2026-01-03T06:30:04: [INFO] 2026-01-03T06:30:04.544Z - HTTP Request {
2026-01-03T06:30:04:   requestId: '1767421804542-w7gby0k5z',
2026-01-03T06:30:04:   method: 'GET',
2026-01-03T06:30:04:   path: '/',
2026-01-03T06:30:04:   status: 200,
2026-01-03T06:30:04:   duration: '2ms',
2026-01-03T06:30:04:   ip: '127.0.0.1'
2026-01-03T06:30:04: }
2026-01-03T06:35:01: [INFO] 2026-01-03T06:35:01.511Z - HTTP Request {
2026-01-03T06:35:01:   requestId: '1767422101510-zqngqn29v',
2026-01-03T06:35:01:   method: 'GET',
2026-01-03T06:35:01:   path: '/',
2026-01-03T06:35:01:   status: 200,
2026-01-03T06:35:01:   duration: '1ms',
2026-01-03T06:35:01:   ip: '127.0.0.1'
2026-01-03T06:35:01: }
2026-01-03T06:40:01: [INFO] 2026-01-03T06:40:01.987Z - HTTP Request {
2026-01-03T06:40:01:   requestId: '1767422401986-6v04yci3f',
2026-01-03T06:40:01:   method: 'GET',
2026-01-03T06:40:01:   path: '/',
2026-01-03T06:40:01:   status: 200,
2026-01-03T06:40:01:   duration: '1ms',
2026-01-03T06:40:01:   ip: '127.0.0.1'
2026-01-03T06:40:01: }
2026-01-03T06:45:02: [INFO] 2026-01-03T06:45:02.091Z - HTTP Request {
2026-01-03T06:45:02:   requestId: '1767422702087-ai0ts281g',
2026-01-03T06:45:02:   method: 'GET',
2026-01-03T06:45:02:   path: '/',
2026-01-03T06:45:02:   status: 200,
2026-01-03T06:45:02:   duration: '4ms',
2026-01-03T06:45:02:   ip: '127.0.0.1'
2026-01-03T06:45:02: }
2026-01-03T06:45:04: [INFO] 2026-01-03T06:45:04.162Z - HTTP Request {
2026-01-03T06:45:04:   requestId: '1767422704161-o78np2amk',
2026-01-03T06:45:04:   method: 'GET',
2026-01-03T06:45:04:   path: '/',
2026-01-03T06:45:04:   status: 200,
2026-01-03T06:45:04:   duration: '1ms',
2026-01-03T06:45:04:   ip: '127.0.0.1'
2026-01-03T06:45:04: }
2026-01-03T06:50:02: [INFO] 2026-01-03T06:50:02.187Z - HTTP Request {
2026-01-03T06:50:02:   requestId: '1767423002186-k7gt8pm0r',
2026-01-03T06:50:02:   method: 'GET',
2026-01-03T06:50:02:   path: '/',
2026-01-03T06:50:02:   status: 200,
2026-01-03T06:50:02:   duration: '1ms',
2026-01-03T06:50:02:   ip: '127.0.0.1'
2026-01-03T06:50:02: }
2026-01-03T06:55:01: [INFO] 2026-01-03T06:55:01.504Z - HTTP Request {
2026-01-03T06:55:01:   requestId: '1767423301503-6s6oa4ec3',
2026-01-03T06:55:01:   method: 'GET',
2026-01-03T06:55:01:   path: '/',
2026-01-03T06:55:01:   status: 200,
2026-01-03T06:55:01:   duration: '1ms',
2026-01-03T06:55:01:   ip: '127.0.0.1'
2026-01-03T06:55:01: }
2026-01-03T07:00:01: [INFO] 2026-01-03T07:00:01.762Z - HTTP Request {
2026-01-03T07:00:01:   requestId: '1767423601758-8d2tow9fa',
2026-01-03T07:00:01:   method: 'GET',
2026-01-03T07:00:01:   path: '/',
2026-01-03T07:00:01:   status: 200,
2026-01-03T07:00:01:   duration: '4ms',
2026-01-03T07:00:01:   ip: '127.0.0.1'
2026-01-03T07:00:01: }
2026-01-03T07:00:04: [INFO] 2026-01-03T07:00:04.196Z - HTTP Request {
2026-01-03T07:00:04:   requestId: '1767423604196-0y9fim10o',
2026-01-03T07:00:04:   method: 'GET',
2026-01-03T07:00:04:   path: '/',
2026-01-03T07:00:04:   status: 200,
2026-01-03T07:00:04:   duration: '0ms',
2026-01-03T07:00:04:   ip: '127.0.0.1'
2026-01-03T07:00:04: }
2026-01-03T07:02:35: [INFO] 2026-01-03T07:02:35.742Z - HTTP Request {
2026-01-03T07:02:35:   requestId: '1767423755742-3ym4d3zuh',
2026-01-03T07:02:35:   method: 'GET',
2026-01-03T07:02:35:   path: '/',
2026-01-03T07:02:35:   status: 200,
2026-01-03T07:02:35:   duration: '0ms',
2026-01-03T07:02:35:   ip: '13.39.49.37'
2026-01-03T07:02:35: }
2026-01-03T07:02:35: [INFO] 2026-01-03T07:02:35.925Z - HTTP Request {
2026-01-03T07:02:35:   requestId: '1767423755924-k34q2f6ws',
2026-01-03T07:02:35:   method: 'HEAD',
2026-01-03T07:02:35:   path: '/apps',
2026-01-03T07:02:35:   status: 404,
2026-01-03T07:02:35:   duration: '1ms',
2026-01-03T07:02:35:   ip: '13.39.49.37'
2026-01-03T07:02:35: }
2026-01-03T07:02:36: [INFO] 2026-01-03T07:02:36.095Z - HTTP Request {
2026-01-03T07:02:36:   requestId: '1767423756095-0hky7tood',
2026-01-03T07:02:36:   method: 'HEAD',
2026-01-03T07:02:36:   path: '/api/action',
2026-01-03T07:02:36:   status: 404,
2026-01-03T07:02:36:   duration: '0ms',
2026-01-03T07:02:36:   ip: '13.39.49.37'
2026-01-03T07:02:36: }
2026-01-03T07:02:36: [INFO] 2026-01-03T07:02:36.265Z - HTTP Request {
2026-01-03T07:02:36:   requestId: '1767423756264-cgjkxpgyc',
2026-01-03T07:02:36:   method: 'HEAD',
2026-01-03T07:02:36:   path: '/api/actions',
2026-01-03T07:02:36:   status: 404,
2026-01-03T07:02:36:   duration: '1ms',
2026-01-03T07:02:36:   ip: '13.39.49.37'
2026-01-03T07:02:36: }
2026-01-03T07:02:36: [INFO] 2026-01-03T07:02:36.434Z - HTTP Request {
2026-01-03T07:02:36:   requestId: '1767423756434-44vya07f3',
2026-01-03T07:02:36:   method: 'HEAD',
2026-01-03T07:02:36:   path: '/_next/data',
2026-01-03T07:02:36:   status: 404,
2026-01-03T07:02:36:   duration: '0ms',
2026-01-03T07:02:36:   ip: '13.39.49.37'
2026-01-03T07:02:36: }
2026-01-03T07:05:02: [INFO] 2026-01-03T07:05:02.098Z - HTTP Request {
2026-01-03T07:05:02:   requestId: '1767423902097-wzo7evfka',
2026-01-03T07:05:02:   method: 'GET',
2026-01-03T07:05:02:   path: '/',
2026-01-03T07:05:02:   status: 200,
2026-01-03T07:05:02:   duration: '1ms',
2026-01-03T07:05:02:   ip: '127.0.0.1'
2026-01-03T07:05:02: }
2026-01-03T07:10:01: [INFO] 2026-01-03T07:10:01.987Z - HTTP Request {
2026-01-03T07:10:01:   requestId: '1767424201986-wm1ntgo44',
2026-01-03T07:10:01:   method: 'GET',
2026-01-03T07:10:01:   path: '/',
2026-01-03T07:10:01:   status: 200,
2026-01-03T07:10:01:   duration: '1ms',
2026-01-03T07:10:01:   ip: '127.0.0.1'
2026-01-03T07:10:01: }
2026-01-03T07:15:01: [INFO] 2026-01-03T07:15:01.699Z - HTTP Request {
2026-01-03T07:15:01:   requestId: '1767424501698-lur5eahcg',
2026-01-03T07:15:01:   method: 'GET',
2026-01-03T07:15:01:   path: '/',
2026-01-03T07:15:01:   status: 200,
2026-01-03T07:15:01:   duration: '1ms',
2026-01-03T07:15:01:   ip: '127.0.0.1'
2026-01-03T07:15:01: }
2026-01-03T07:15:04: [INFO] 2026-01-03T07:15:04.340Z - HTTP Request {
2026-01-03T07:15:04:   requestId: '1767424504339-7dtm144ci',
2026-01-03T07:15:04:   method: 'GET',
2026-01-03T07:15:04:   path: '/',
2026-01-03T07:15:04:   status: 200,
2026-01-03T07:15:04:   duration: '1ms',
2026-01-03T07:15:04:   ip: '127.0.0.1'
2026-01-03T07:15:04: }
2026-01-03T07:20:01: [INFO] 2026-01-03T07:20:01.953Z - HTTP Request {
2026-01-03T07:20:01:   requestId: '1767424801952-wq3r30uqv',
2026-01-03T07:20:01:   method: 'GET',
2026-01-03T07:20:01:   path: '/',
2026-01-03T07:20:01:   status: 200,
2026-01-03T07:20:01:   duration: '1ms',
2026-01-03T07:20:01:   ip: '127.0.0.1'
2026-01-03T07:20:01: }
2026-01-03T07:25:01: [INFO] 2026-01-03T07:25:01.615Z - HTTP Request {
2026-01-03T07:25:01:   requestId: '1767425101614-ggkq2phz6',
2026-01-03T07:25:01:   method: 'GET',
2026-01-03T07:25:01:   path: '/',
2026-01-03T07:25:01:   status: 200,
2026-01-03T07:25:01:   duration: '1ms',
2026-01-03T07:25:01:   ip: '127.0.0.1'
2026-01-03T07:25:01: }
2026-01-03T07:30:03: [INFO] 2026-01-03T07:30:03.207Z - HTTP Request {
2026-01-03T07:30:03:   requestId: '1767425403206-czxa1h7zq',
2026-01-03T07:30:03:   method: 'GET',
2026-01-03T07:30:03:   path: '/',
2026-01-03T07:30:03:   status: 200,
2026-01-03T07:30:03:   duration: '1ms',
2026-01-03T07:30:03:   ip: '127.0.0.1'
2026-01-03T07:30:03: }
2026-01-03T07:30:12: [INFO] 2026-01-03T07:30:12.343Z - HTTP Request {
2026-01-03T07:30:12:   requestId: '1767425412339-vaoop7bhw',
2026-01-03T07:30:12:   method: 'GET',
2026-01-03T07:30:12:   path: '/',
2026-01-03T07:30:12:   status: 200,
2026-01-03T07:30:12:   duration: '4ms',
2026-01-03T07:30:12:   ip: '127.0.0.1'
2026-01-03T07:30:12: }
2026-01-03T07:35:02: [INFO] 2026-01-03T07:35:02.620Z - HTTP Request {
2026-01-03T07:35:02:   requestId: '1767425702336-lg9xz0wvb',
2026-01-03T07:35:02:   method: 'GET',
2026-01-03T07:35:02:   path: '/',
2026-01-03T07:35:02:   status: 200,
2026-01-03T07:35:02:   duration: '267ms',
2026-01-03T07:35:02:   ip: '127.0.0.1'
2026-01-03T07:35:02: }
